{"C:\\Universidad\\Semestre VII\\Compunet III\\AromaLife\\frontend-aromalife-adn\\components\\test-select.tsx": {"path":"C:\\Universidad\\Semestre VII\\Compunet III\\AromaLife\\frontend-aromalife-adn\\components\\test-select.tsx","statementMap":{"0":{"start":{"line":13,"column":16},"end":{"line":13,"column":null}},"1":{"start":{"line":3,"column":32},"end":{"line":3,"column":null}},"2":{"start":{"line":4,"column":19},"end":{"line":4,"column":null}},"3":{"start":{"line":6,"column":22},"end":{"line":11,"column":null}},"4":{"start":{"line":14,"column":44},"end":{"line":14,"column":null}},"5":{"start":{"line":24,"column":30},"end":{"line":24,"column":null}},"6":{"start":{"line":26,"column":34},"end":{"line":32,"column":null}},"7":{"start":{"line":33,"column":31},"end":{"line":36,"column":null}}},"fnMap":{"0":{"name":"TestSelect","decl":{"start":{"line":13,"column":16},"end":{"line":13,"column":null}},"loc":{"start":{"line":13,"column":16},"end":{"line":44,"column":null}}},"1":{"name":"(anonymous_6)","decl":{"start":{"line":24,"column":18},"end":{"line":24,"column":19}},"loc":{"start":{"line":24,"column":30},"end":{"line":24,"column":null}}},"2":{"name":"(anonymous_7)","decl":{"start":{"line":26,"column":19},"end":{"line":26,"column":20}},"loc":{"start":{"line":26,"column":34},"end":{"line":32,"column":null}}},"3":{"name":"(anonymous_8)","decl":{"start":{"line":33,"column":16},"end":{"line":33,"column":17}},"loc":{"start":{"line":33,"column":31},"end":{"line":36,"column":null}}}},"branchMap":{"0":{"loc":{"start":{"line":24,"column":47},"end":{"line":24,"column":null}},"type":"cond-expr","locations":[{"start":{"line":24,"column":56},"end":{"line":24,"column":68}},{"start":{"line":24,"column":71},"end":{"line":24,"column":null}}]},"1":{"loc":{"start":{"line":40,"column":29},"end":{"line":40,"column":null}},"type":"binary-expr","locations":[{"start":{"line":40,"column":29},"end":{"line":40,"column":46}},{"start":{"line":40,"column":46},"end":{"line":40,"column":null}}]}},"s":{"0":8,"1":1,"2":1,"3":1,"4":12,"5":4,"6":33,"7":21},"f":{"0":12,"1":4,"2":33,"3":21},"b":{"0":[4,0],"1":[12,8]}}
,"C:\\Universidad\\Semestre VII\\Compunet III\\AromaLife\\frontend-aromalife-adn\\components\\theme-provider.tsx": {"path":"C:\\Universidad\\Semestre VII\\Compunet III\\AromaLife\\frontend-aromalife-adn\\components\\theme-provider.tsx","statementMap":{"0":{"start":{"line":9,"column":16},"end":{"line":9,"column":30}},"1":{"start":{"line":3,"column":23},"end":{"line":3,"column":null}},"2":{"start":{"line":7,"column":7},"end":{"line":7,"column":null}}},"fnMap":{"0":{"name":"ThemeProvider","decl":{"start":{"line":9,"column":16},"end":{"line":9,"column":30}},"loc":{"start":{"line":9,"column":72},"end":{"line":11,"column":null}}}},"branchMap":{},"s":{"0":3,"1":1,"2":1},"f":{"0":3},"b":{}}
,"C:\\Universidad\\Semestre VII\\Compunet III\\AromaLife\\frontend-aromalife-adn\\components\\3d\\candle-viewer.tsx": {"path":"C:\\Universidad\\Semestre VII\\Compunet III\\AromaLife\\frontend-aromalife-adn\\components\\3d\\candle-viewer.tsx","statementMap":{"0":{"start":{"line":542,"column":16},"end":{"line":542,"column":29}},"1":{"start":{"line":3,"column":61},"end":{"line":3,"column":null}},"2":{"start":{"line":4,"column":44},"end":{"line":4,"column":null}},"3":{"start":{"line":5,"column":55},"end":{"line":5,"column":null}},"4":{"start":{"line":6,"column":27},"end":{"line":6,"column":null}},"5":{"start":{"line":7,"column":23},"end":{"line":7,"column":null}},"6":{"start":{"line":32,"column":4},"end":{"line":32,"column":null}},"7":{"start":{"line":33,"column":4},"end":{"line":33,"column":null}},"8":{"start":{"line":37,"column":4},"end":{"line":37,"column":null}},"9":{"start":{"line":41,"column":4},"end":{"line":41,"column":null}},"10":{"start":{"line":42,"column":4},"end":{"line":42,"column":null}},"11":{"start":{"line":46,"column":4},"end":{"line":80,"column":null}},"12":{"start":{"line":72,"column":29},"end":{"line":72,"column":null}},"13":{"start":{"line":82,"column":4},"end":{"line":82,"column":null}},"14":{"start":{"line":95,"column":28},"end":{"line":95,"column":null}},"15":{"start":{"line":96,"column":32},"end":{"line":96,"column":null}},"16":{"start":{"line":98,"column":2},"end":{"line":118,"column":null}},"17":{"start":{"line":99,"column":4},"end":{"line":103,"column":null}},"18":{"start":{"line":100,"column":6},"end":{"line":100,"column":null}},"19":{"start":{"line":101,"column":6},"end":{"line":101,"column":22}},"20":{"start":{"line":102,"column":6},"end":{"line":102,"column":null}},"21":{"start":{"line":104,"column":19},"end":{"line":104,"column":null}},"22":{"start":{"line":105,"column":4},"end":{"line":116,"column":null}},"23":{"start":{"line":108,"column":8},"end":{"line":108,"column":57}},"24":{"start":{"line":109,"column":8},"end":{"line":109,"column":null}},"25":{"start":{"line":110,"column":8},"end":{"line":110,"column":null}},"26":{"start":{"line":114,"column":8},"end":{"line":114,"column":67}},"27":{"start":{"line":115,"column":8},"end":{"line":115,"column":null}},"28":{"start":{"line":120,"column":2},"end":{"line":145,"column":null}},"29":{"start":{"line":147,"column":2},"end":{"line":172,"column":null}},"30":{"start":{"line":174,"column":2},"end":{"line":174,"column":29}},"31":{"start":{"line":174,"column":16},"end":{"line":174,"column":29}},"32":{"start":{"line":205,"column":18},"end":{"line":205,"column":null}},"33":{"start":{"line":206,"column":28},"end":{"line":206,"column":null}},"34":{"start":{"line":207,"column":38},"end":{"line":207,"column":null}},"35":{"start":{"line":210,"column":4},"end":{"line":211,"column":null}},"36":{"start":{"line":213,"column":2},"end":{"line":259,"column":null}},"37":{"start":{"line":214,"column":19},"end":{"line":214,"column":null}},"38":{"start":{"line":215,"column":4},"end":{"line":257,"column":null}},"39":{"start":{"line":218,"column":8},"end":{"line":251,"column":null}},"40":{"start":{"line":219,"column":30},"end":{"line":219,"column":null}},"41":{"start":{"line":222,"column":22},"end":{"line":222,"column":null}},"42":{"start":{"line":223,"column":25},"end":{"line":223,"column":null}},"43":{"start":{"line":224,"column":10},"end":{"line":224,"column":44}},"44":{"start":{"line":226,"column":10},"end":{"line":226,"column":null}},"45":{"start":{"line":227,"column":10},"end":{"line":227,"column":null}},"46":{"start":{"line":228,"column":10},"end":{"line":247,"column":null}},"47":{"start":{"line":229,"column":12},"end":{"line":246,"column":null}},"48":{"start":{"line":230,"column":14},"end":{"line":243,"column":null}},"49":{"start":{"line":231,"column":16},"end":{"line":242,"column":null}},"50":{"start":{"line":236,"column":18},"end":{"line":241,"column":null}},"51":{"start":{"line":237,"column":20},"end":{"line":237,"column":null}},"52":{"start":{"line":238,"column":20},"end":{"line":239,"column":null}},"53":{"start":{"line":245,"column":14},"end":{"line":245,"column":null}},"54":{"start":{"line":249,"column":10},"end":{"line":249,"column":null}},"55":{"start":{"line":250,"column":10},"end":{"line":250,"column":null}},"56":{"start":{"line":255,"column":8},"end":{"line":255,"column":null}},"57":{"start":{"line":256,"column":8},"end":{"line":256,"column":null}},"58":{"start":{"line":261,"column":2},"end":{"line":270,"column":null}},"59":{"start":{"line":262,"column":4},"end":{"line":269,"column":null}},"60":{"start":{"line":263,"column":6},"end":{"line":266,"column":null}},"61":{"start":{"line":264,"column":8},"end":{"line":265,"column":null}},"62":{"start":{"line":268,"column":6},"end":{"line":268,"column":null}},"63":{"start":{"line":273,"column":21},"end":{"line":273,"column":27}},"64":{"start":{"line":274,"column":21},"end":{"line":274,"column":27}},"65":{"start":{"line":275,"column":18},"end":{"line":275,"column":25}},"66":{"start":{"line":276,"column":18},"end":{"line":276,"column":24}},"67":{"start":{"line":278,"column":48},"end":{"line":278,"column":null}},"68":{"start":{"line":279,"column":53},"end":{"line":279,"column":null}},"69":{"start":{"line":280,"column":2},"end":{"line":284,"column":null}},"70":{"start":{"line":281,"column":4},"end":{"line":281,"column":null}},"71":{"start":{"line":282,"column":29},"end":{"line":282,"column":null}},"72":{"start":{"line":283,"column":4},"end":{"line":283,"column":null}},"73":{"start":{"line":286,"column":47},"end":{"line":286,"column":null}},"74":{"start":{"line":287,"column":52},"end":{"line":287,"column":null}},"75":{"start":{"line":288,"column":2},"end":{"line":293,"column":null}},"76":{"start":{"line":290,"column":4},"end":{"line":290,"column":51}},"77":{"start":{"line":291,"column":28},"end":{"line":291,"column":null}},"78":{"start":{"line":292,"column":4},"end":{"line":292,"column":null}},"79":{"start":{"line":295,"column":49},"end":{"line":295,"column":null}},"80":{"start":{"line":296,"column":54},"end":{"line":296,"column":null}},"81":{"start":{"line":297,"column":2},"end":{"line":302,"column":null}},"82":{"start":{"line":299,"column":4},"end":{"line":299,"column":53}},"83":{"start":{"line":300,"column":30},"end":{"line":300,"column":null}},"84":{"start":{"line":301,"column":4},"end":{"line":301,"column":null}},"85":{"start":{"line":305,"column":40},"end":{"line":305,"column":66}},"86":{"start":{"line":306,"column":19},"end":{"line":306,"column":null}},"87":{"start":{"line":307,"column":45},"end":{"line":307,"column":null}},"88":{"start":{"line":310,"column":2},"end":{"line":375,"column":null}},"89":{"start":{"line":460,"column":18},"end":{"line":515,"column":null}},"90":{"start":{"line":461,"column":35},"end":{"line":461,"column":null}},"91":{"start":{"line":462,"column":32},"end":{"line":462,"column":null}},"92":{"start":{"line":463,"column":20},"end":{"line":507,"column":null}},"93":{"start":{"line":464,"column":22},"end":{"line":464,"column":null}},"94":{"start":{"line":465,"column":22},"end":{"line":465,"column":null}},"95":{"start":{"line":466,"column":22},"end":{"line":466,"column":null}},"96":{"start":{"line":467,"column":22},"end":{"line":467,"column":null}},"97":{"start":{"line":469,"column":40},"end":{"line":469,"column":null}},"98":{"start":{"line":470,"column":38},"end":{"line":489,"column":null}},"99":{"start":{"line":490,"column":22},"end":{"line":490,"column":null}},"100":{"start":{"line":492,"column":24},"end":{"line":492,"column":null}},"101":{"start":{"line":494,"column":24},"end":{"line":494,"column":null}},"102":{"start":{"line":495,"column":22},"end":{"line":506,"column":null}},"103":{"start":{"line":495,"column":37},"end":{"line":495,"column":40}},"104":{"start":{"line":496,"column":24},"end":{"line":505,"column":null}},"105":{"start":{"line":496,"column":39},"end":{"line":496,"column":42}},"106":{"start":{"line":497,"column":26},"end":{"line":504,"column":null}},"107":{"start":{"line":498,"column":28},"end":{"line":502,"column":null}},"108":{"start":{"line":508,"column":20},"end":{"line":508,"column":null}},"109":{"start":{"line":510,"column":20},"end":{"line":510,"column":null}},"110":{"start":{"line":511,"column":43},"end":{"line":511,"column":null}},"111":{"start":{"line":512,"column":20},"end":{"line":512,"column":null}},"112":{"start":{"line":513,"column":20},"end":{"line":513,"column":null}},"113":{"start":{"line":514,"column":20},"end":{"line":514,"column":null}},"114":{"start":{"line":555,"column":40},"end":{"line":555,"column":null}},"115":{"start":{"line":557,"column":28},"end":{"line":560,"column":null}},"116":{"start":{"line":558,"column":4},"end":{"line":558,"column":null}},"117":{"start":{"line":559,"column":4},"end":{"line":559,"column":null}},"118":{"start":{"line":562,"column":2},"end":{"line":599,"column":null}},"119":{"start":{"line":591,"column":27},"end":{"line":591,"column":null}},"120":{"start":{"line":610,"column":27},"end":{"line":610,"column":null}}},"fnMap":{"0":{"name":"(anonymous_4)","decl":{"start":{"line":28,"column":2},"end":{"line":28,"column":14}},"loc":{"start":{"line":31,"column":5},"end":{"line":34,"column":null}}},"1":{"name":"(anonymous_5)","decl":{"start":{"line":36,"column":2},"end":{"line":36,"column":9}},"loc":{"start":{"line":36,"column":48},"end":{"line":38,"column":null}}},"2":{"name":"(anonymous_6)","decl":{"start":{"line":40,"column":2},"end":{"line":40,"column":20}},"loc":{"start":{"line":40,"column":62},"end":{"line":43,"column":null}}},"3":{"name":"(anonymous_7)","decl":{"start":{"line":45,"column":2},"end":{"line":45,"column":11}},"loc":{"start":{"line":45,"column":11},"end":{"line":83,"column":null}}},"4":{"name":"(anonymous_8)","decl":{"start":{"line":72,"column":23},"end":{"line":72,"column":29}},"loc":{"start":{"line":72,"column":29},"end":{"line":72,"column":null}}},"5":{"name":"LabelWithImage","decl":{"start":{"line":86,"column":9},"end":{"line":86,"column":24}},"loc":{"start":{"line":94,"column":1},"end":{"line":194,"column":null}}},"6":{"name":"(anonymous_10)","decl":{"start":{"line":98,"column":12},"end":{"line":98,"column":null}},"loc":{"start":{"line":98,"column":12},"end":{"line":118,"column":5}}},"7":{"name":"(anonymous_11)","decl":{"start":{"line":107,"column":6},"end":{"line":107,"column":7}},"loc":{"start":{"line":107,"column":7},"end":{"line":111,"column":null}}},"8":{"name":"(anonymous_12)","decl":{"start":{"line":113,"column":6},"end":{"line":113,"column":7}},"loc":{"start":{"line":113,"column":7},"end":{"line":116,"column":null}}},"9":{"name":"CandleModel","decl":{"start":{"line":196,"column":9},"end":{"line":196,"column":21}},"loc":{"start":{"line":204,"column":75},"end":{"line":524,"column":null}}},"10":{"name":"(anonymous_14)","decl":{"start":{"line":213,"column":12},"end":{"line":213,"column":null}},"loc":{"start":{"line":213,"column":12},"end":{"line":259,"column":5}}},"11":{"name":"(anonymous_15)","decl":{"start":{"line":217,"column":6},"end":{"line":217,"column":7}},"loc":{"start":{"line":217,"column":7},"end":{"line":252,"column":null}}},"12":{"name":"(anonymous_16)","decl":{"start":{"line":228,"column":31},"end":{"line":228,"column":32}},"loc":{"start":{"line":228,"column":32},"end":{"line":247,"column":null}}},"13":{"name":"(anonymous_17)","decl":{"start":{"line":254,"column":6},"end":{"line":254,"column":7}},"loc":{"start":{"line":254,"column":7},"end":{"line":257,"column":null}}},"14":{"name":"(anonymous_18)","decl":{"start":{"line":261,"column":11},"end":{"line":261,"column":12}},"loc":{"start":{"line":261,"column":12},"end":{"line":270,"column":null}}},"15":{"name":"(anonymous_19)","decl":{"start":{"line":459,"column":24},"end":{"line":459,"column":null}},"loc":{"start":{"line":459,"column":24},"end":{"line":516,"column":null}}},"16":{"name":"LoadingFallback","decl":{"start":{"line":526,"column":9},"end":{"line":526,"column":null}},"loc":{"start":{"line":526,"column":9},"end":{"line":540,"column":null}}},"17":{"name":"CandleViewer","decl":{"start":{"line":542,"column":16},"end":{"line":542,"column":29}},"loc":{"start":{"line":554,"column":20},"end":{"line":651,"column":null}}},"18":{"name":"(anonymous_22)","decl":{"start":{"line":557,"column":28},"end":{"line":557,"column":29}},"loc":{"start":{"line":557,"column":29},"end":{"line":560,"column":null}}},"19":{"name":"(anonymous_23)","decl":{"start":{"line":591,"column":21},"end":{"line":591,"column":27}},"loc":{"start":{"line":591,"column":27},"end":{"line":591,"column":null}}},"20":{"name":"(anonymous_24)","decl":{"start":{"line":610,"column":21},"end":{"line":610,"column":27}},"loc":{"start":{"line":610,"column":27},"end":{"line":610,"column":null}}}},"branchMap":{"0":{"loc":{"start":{"line":46,"column":4},"end":{"line":80,"column":null}},"type":"if","locations":[{"start":{"line":46,"column":4},"end":{"line":80,"column":null}}]},"1":{"loc":{"start":{"line":99,"column":4},"end":{"line":103,"column":null}},"type":"if","locations":[{"start":{"line":99,"column":4},"end":{"line":103,"column":null}}]},"2":{"loc":{"start":{"line":120,"column":2},"end":{"line":145,"column":null}},"type":"if","locations":[{"start":{"line":120,"column":2},"end":{"line":145,"column":null}}]},"3":{"loc":{"start":{"line":120,"column":6},"end":{"line":120,"column":25}},"type":"binary-expr","locations":[{"start":{"line":120,"column":6},"end":{"line":120,"column":15}},{"start":{"line":120,"column":15},"end":{"line":120,"column":25}}]},"4":{"loc":{"start":{"line":147,"column":2},"end":{"line":172,"column":null}},"type":"if","locations":[{"start":{"line":147,"column":2},"end":{"line":172,"column":null}}]},"5":{"loc":{"start":{"line":147,"column":6},"end":{"line":147,"column":28}},"type":"binary-expr","locations":[{"start":{"line":147,"column":6},"end":{"line":147,"column":18}},{"start":{"line":147,"column":18},"end":{"line":147,"column":28}}]},"6":{"loc":{"start":{"line":174,"column":2},"end":{"line":174,"column":29}},"type":"if","locations":[{"start":{"line":174,"column":2},"end":{"line":174,"column":29}}]},"7":{"loc":{"start":{"line":197,"column":2},"end":{"line":197,"column":22}},"type":"default-arg","locations":[{"start":{"line":197,"column":13},"end":{"line":197,"column":22}}]},"8":{"loc":{"start":{"line":201,"column":2},"end":{"line":201,"column":16}},"type":"default-arg","locations":[{"start":{"line":201,"column":11},"end":{"line":201,"column":16}}]},"9":{"loc":{"start":{"line":202,"column":2},"end":{"line":202,"column":69}},"type":"default-arg","locations":[{"start":{"line":202,"column":10},"end":{"line":202,"column":69}}]},"10":{"loc":{"start":{"line":210,"column":4},"end":{"line":211,"column":null}},"type":"binary-expr","locations":[{"start":{"line":210,"column":4},"end":{"line":210,"column":null}},{"start":{"line":211,"column":4},"end":{"line":211,"column":null}}]},"11":{"loc":{"start":{"line":230,"column":14},"end":{"line":243,"column":null}},"type":"if","locations":[{"start":{"line":230,"column":14},"end":{"line":243,"column":null}}]},"12":{"loc":{"start":{"line":231,"column":16},"end":{"line":242,"column":null}},"type":"if","locations":[{"start":{"line":231,"column":16},"end":{"line":242,"column":null}}]},"13":{"loc":{"start":{"line":232,"column":18},"end":{"line":234,"column":null}},"type":"binary-expr","locations":[{"start":{"line":232,"column":18},"end":{"line":232,"column":null}},{"start":{"line":233,"column":18},"end":{"line":233,"column":null}},{"start":{"line":234,"column":18},"end":{"line":234,"column":null}}]},"14":{"loc":{"start":{"line":236,"column":18},"end":{"line":241,"column":null}},"type":"if","locations":[{"start":{"line":236,"column":18},"end":{"line":241,"column":null}}]},"15":{"loc":{"start":{"line":263,"column":6},"end":{"line":266,"column":null}},"type":"if","locations":[{"start":{"line":263,"column":6},"end":{"line":266,"column":null}}]},"16":{"loc":{"start":{"line":280,"column":2},"end":{"line":284,"column":null}},"type":"if","locations":[{"start":{"line":280,"column":2},"end":{"line":284,"column":null}}]},"17":{"loc":{"start":{"line":288,"column":2},"end":{"line":293,"column":null}},"type":"if","locations":[{"start":{"line":288,"column":2},"end":{"line":293,"column":null}}]},"18":{"loc":{"start":{"line":288,"column":6},"end":{"line":288,"column":35}},"type":"binary-expr","locations":[{"start":{"line":288,"column":6},"end":{"line":288,"column":19}},{"start":{"line":288,"column":19},"end":{"line":288,"column":35}}]},"19":{"loc":{"start":{"line":297,"column":2},"end":{"line":302,"column":null}},"type":"if","locations":[{"start":{"line":297,"column":2},"end":{"line":302,"column":null}}]},"20":{"loc":{"start":{"line":310,"column":2},"end":{"line":375,"column":null}},"type":"if","locations":[{"start":{"line":310,"column":2},"end":{"line":375,"column":null}}]},"21":{"loc":{"start":{"line":327,"column":9},"end":{"line":327,"column":null}},"type":"binary-expr","locations":[{"start":{"line":327,"column":9},"end":{"line":327,"column":null}}]},"22":{"loc":{"start":{"line":337,"column":9},"end":{"line":337,"column":22}},"type":"binary-expr","locations":[{"start":{"line":337,"column":9},"end":{"line":337,"column":22}},{"start":{"line":337,"column":22},"end":{"line":337,"column":null}}]},"23":{"loc":{"start":{"line":351,"column":9},"end":{"line":351,"column":null}},"type":"binary-expr","locations":[{"start":{"line":351,"column":9},"end":{"line":351,"column":null}}]},"24":{"loc":{"start":{"line":379,"column":7},"end":{"line":379,"column":null}},"type":"binary-expr","locations":[{"start":{"line":379,"column":7},"end":{"line":379,"column":null}}]},"25":{"loc":{"start":{"line":388,"column":7},"end":{"line":388,"column":null}},"type":"binary-expr","locations":[{"start":{"line":388,"column":7},"end":{"line":388,"column":null}}]},"26":{"loc":{"start":{"line":399,"column":7},"end":{"line":399,"column":20}},"type":"binary-expr","locations":[{"start":{"line":399,"column":7},"end":{"line":399,"column":20}},{"start":{"line":399,"column":20},"end":{"line":399,"column":null}}]},"27":{"loc":{"start":{"line":417,"column":7},"end":{"line":417,"column":null}},"type":"binary-expr","locations":[{"start":{"line":417,"column":7},"end":{"line":417,"column":null}}]},"28":{"loc":{"start":{"line":447,"column":7},"end":{"line":447,"column":null}},"type":"binary-expr","locations":[{"start":{"line":447,"column":7},"end":{"line":447,"column":null}}]},"29":{"loc":{"start":{"line":463,"column":20},"end":{"line":507,"column":null}},"type":"if","locations":[{"start":{"line":463,"column":20},"end":{"line":507,"column":null}}]},"30":{"loc":{"start":{"line":497,"column":26},"end":{"line":504,"column":null}},"type":"if","locations":[{"start":{"line":497,"column":26},"end":{"line":504,"column":null}}]},"31":{"loc":{"start":{"line":543,"column":2},"end":{"line":543,"column":22}},"type":"default-arg","locations":[{"start":{"line":543,"column":13},"end":{"line":543,"column":22}}]},"32":{"loc":{"start":{"line":547,"column":2},"end":{"line":547,"column":16}},"type":"default-arg","locations":[{"start":{"line":547,"column":11},"end":{"line":547,"column":16}}]},"33":{"loc":{"start":{"line":548,"column":2},"end":{"line":548,"column":69}},"type":"default-arg","locations":[{"start":{"line":548,"column":10},"end":{"line":548,"column":69}}]},"34":{"loc":{"start":{"line":549,"column":2},"end":{"line":549,"column":13}},"type":"default-arg","locations":[{"start":{"line":549,"column":10},"end":{"line":549,"column":13}}]},"35":{"loc":{"start":{"line":550,"column":2},"end":{"line":550,"column":14}},"type":"default-arg","locations":[{"start":{"line":550,"column":11},"end":{"line":550,"column":14}}]},"36":{"loc":{"start":{"line":551,"column":2},"end":{"line":551,"column":19}},"type":"default-arg","locations":[{"start":{"line":551,"column":15},"end":{"line":551,"column":19}}]},"37":{"loc":{"start":{"line":552,"column":2},"end":{"line":552,"column":16}},"type":"default-arg","locations":[{"start":{"line":552,"column":14},"end":{"line":552,"column":16}}]},"38":{"loc":{"start":{"line":562,"column":2},"end":{"line":599,"column":null}},"type":"if","locations":[{"start":{"line":562,"column":2},"end":{"line":599,"column":null}}]}},"s":{"0":30,"1":1,"2":1,"3":1,"4":1,"5":1,"6":27,"7":27,"8":0,"9":0,"10":0,"11":30,"12":0,"13":30,"14":3,"15":3,"16":3,"17":3,"18":0,"19":0,"20":0,"21":3,"22":3,"23":0,"24":0,"25":0,"26":0,"27":0,"28":3,"29":3,"30":0,"31":0,"32":30,"33":30,"34":30,"35":30,"36":30,"37":30,"38":30,"39":0,"40":0,"41":0,"42":0,"43":0,"44":0,"45":0,"46":0,"47":0,"48":0,"49":0,"50":0,"51":0,"52":0,"53":0,"54":0,"55":0,"56":0,"57":0,"58":30,"59":30,"60":30,"61":30,"62":30,"63":30,"64":30,"65":30,"66":30,"67":30,"68":30,"69":30,"70":3,"71":3,"72":3,"73":30,"74":30,"75":30,"76":3,"77":3,"78":3,"79":30,"80":30,"81":30,"82":4,"83":4,"84":4,"85":30,"86":30,"87":30,"88":30,"89":3,"90":3,"91":3,"92":3,"93":3,"94":3,"95":3,"96":3,"97":3,"98":3,"99":3,"100":3,"101":3,"102":3,"103":3,"104":51,"105":51,"106":867,"107":498,"108":3,"109":0,"110":0,"111":0,"112":0,"113":0,"114":30,"115":30,"116":0,"117":0,"118":30,"119":0,"120":30},"f":{"0":27,"1":0,"2":0,"3":30,"4":0,"5":3,"6":3,"7":0,"8":0,"9":30,"10":30,"11":0,"12":0,"13":0,"14":30,"15":3,"16":0,"17":30,"18":0,"19":0,"20":30},"b":{"0":[0],"1":[0],"2":[0],"3":[3,0],"4":[3],"5":[3,3],"6":[0],"7":[0],"8":[0],"9":[0],"10":[30,27],"11":[0],"12":[0],"13":[0,0,0],"14":[0],"15":[30],"16":[3],"17":[3],"18":[30,4],"19":[4],"20":[0],"21":[0],"22":[0,0],"23":[0],"24":[30],"25":[30],"26":[30,4],"27":[30],"28":[30],"29":[3],"30":[498],"31":[23],"32":[26],"33":[27],"34":[28],"35":[28],"36":[27],"37":[28],"38":[0]}}
,"C:\\Universidad\\Semestre VII\\Compunet III\\AromaLife\\frontend-aromalife-adn\\components\\admin\\admin-sidebar.tsx": {"path":"C:\\Universidad\\Semestre VII\\Compunet III\\AromaLife\\frontend-aromalife-adn\\components\\admin\\admin-sidebar.tsx","statementMap":{"0":{"start":{"line":29,"column":16},"end":{"line":29,"column":null}},"1":{"start":{"line":3,"column":17},"end":{"line":3,"column":null}},"2":{"start":{"line":4,"column":28},"end":{"line":4,"column":null}},"3":{"start":{"line":5,"column":19},"end":{"line":5,"column":null}},"4":{"start":{"line":6,"column":23},"end":{"line":6,"column":null}},"5":{"start":{"line":20,"column":7},"end":{"line":20,"column":null}},"6":{"start":{"line":25,"column":7},"end":{"line":25,"column":null}},"7":{"start":{"line":26,"column":25},"end":{"line":26,"column":null}},"8":{"start":{"line":27,"column":26},"end":{"line":27,"column":null}},"9":{"start":{"line":30,"column":19},"end":{"line":30,"column":null}},"10":{"start":{"line":31,"column":50},"end":{"line":31,"column":null}}},"fnMap":{"0":{"name":"AdminSidebar","decl":{"start":{"line":29,"column":16},"end":{"line":29,"column":null}},"loc":{"start":{"line":29,"column":16},"end":{"line":170,"column":null}}}},"branchMap":{"0":{"loc":{"start":{"line":43,"column":27},"end":{"line":43,"column":null}},"type":"cond-expr","locations":[{"start":{"line":43,"column":61},"end":{"line":43,"column":75}},{"start":{"line":43,"column":75},"end":{"line":43,"column":null}}]},"1":{"loc":{"start":{"line":53,"column":27},"end":{"line":53,"column":null}},"type":"cond-expr","locations":[{"start":{"line":53,"column":57},"end":{"line":53,"column":71}},{"start":{"line":53,"column":71},"end":{"line":53,"column":null}}]},"2":{"loc":{"start":{"line":78,"column":24},"end":{"line":78,"column":null}},"type":"binary-expr","locations":[{"start":{"line":78,"column":24},"end":{"line":78,"column":44}},{"start":{"line":78,"column":44},"end":{"line":78,"column":null}}]},"3":{"loc":{"start":{"line":86,"column":29},"end":{"line":86,"column":null}},"type":"cond-expr","locations":[{"start":{"line":86,"column":71},"end":{"line":86,"column":85}},{"start":{"line":86,"column":85},"end":{"line":86,"column":null}}]},"4":{"loc":{"start":{"line":95,"column":29},"end":{"line":95,"column":null}},"type":"cond-expr","locations":[{"start":{"line":95,"column":77},"end":{"line":95,"column":91}},{"start":{"line":95,"column":91},"end":{"line":95,"column":null}}]},"5":{"loc":{"start":{"line":104,"column":29},"end":{"line":104,"column":null}},"type":"cond-expr","locations":[{"start":{"line":104,"column":81},"end":{"line":104,"column":95}},{"start":{"line":104,"column":95},"end":{"line":104,"column":null}}]},"6":{"loc":{"start":{"line":113,"column":29},"end":{"line":113,"column":null}},"type":"cond-expr","locations":[{"start":{"line":113,"column":75},"end":{"line":113,"column":89}},{"start":{"line":113,"column":89},"end":{"line":113,"column":null}}]},"7":{"loc":{"start":{"line":122,"column":29},"end":{"line":122,"column":null}},"type":"cond-expr","locations":[{"start":{"line":122,"column":71},"end":{"line":122,"column":85}},{"start":{"line":122,"column":85},"end":{"line":122,"column":null}}]},"8":{"loc":{"start":{"line":130,"column":29},"end":{"line":130,"column":null}},"type":"cond-expr","locations":[{"start":{"line":130,"column":70},"end":{"line":130,"column":84}},{"start":{"line":130,"column":84},"end":{"line":130,"column":null}}]},"9":{"loc":{"start":{"line":139,"column":29},"end":{"line":139,"column":null}},"type":"cond-expr","locations":[{"start":{"line":139,"column":71},"end":{"line":139,"column":85}},{"start":{"line":139,"column":85},"end":{"line":139,"column":null}}]},"10":{"loc":{"start":{"line":148,"column":29},"end":{"line":148,"column":null}},"type":"cond-expr","locations":[{"start":{"line":148,"column":71},"end":{"line":148,"column":85}},{"start":{"line":148,"column":85},"end":{"line":148,"column":null}}]},"11":{"loc":{"start":{"line":157,"column":29},"end":{"line":157,"column":null}},"type":"cond-expr","locations":[{"start":{"line":157,"column":74},"end":{"line":157,"column":88}},{"start":{"line":157,"column":88},"end":{"line":157,"column":null}}]}},"s":{"0":14,"1":1,"2":1,"3":1,"4":1,"5":1,"6":1,"7":1,"8":1,"9":15,"10":15},"f":{"0":15},"b":{"0":[8,7],"1":[1,14],"2":[15,14],"3":[1,14],"4":[0,15],"5":[1,14],"6":[1,14],"7":[1,14],"8":[0,15],"9":[1,14],"10":[1,14],"11":[0,15]}}
,"C:\\Universidad\\Semestre VII\\Compunet III\\AromaLife\\frontend-aromalife-adn\\components\\aromas\\aroma-form.tsx": {"path":"C:\\Universidad\\Semestre VII\\Compunet III\\AromaLife\\frontend-aromalife-adn\\components\\aromas\\aroma-form.tsx","statementMap":{"0":{"start":{"line":14,"column":16},"end":{"line":14,"column":26}},"1":{"start":{"line":1,"column":25},"end":{"line":1,"column":null}},"2":{"start":{"line":2,"column":23},"end":{"line":2,"column":null}},"3":{"start":{"line":3,"column":22},"end":{"line":3,"column":null}},"4":{"start":{"line":4,"column":22},"end":{"line":4,"column":null}},"5":{"start":{"line":5,"column":25},"end":{"line":5,"column":null}},"6":{"start":{"line":15,"column":34},"end":{"line":24,"column":null}},"7":{"start":{"line":26,"column":23},"end":{"line":33,"column":null}},"8":{"start":{"line":27,"column":4},"end":{"line":27,"column":null}},"9":{"start":{"line":28,"column":4},"end":{"line":32,"column":null}},"10":{"start":{"line":29,"column":6},"end":{"line":29,"column":null}},"11":{"start":{"line":31,"column":6},"end":{"line":31,"column":null}},"12":{"start":{"line":45,"column":29},"end":{"line":45,"column":null}},"13":{"start":{"line":55,"column":29},"end":{"line":55,"column":null}},"14":{"start":{"line":67,"column":31},"end":{"line":67,"column":null}},"15":{"start":{"line":74,"column":31},"end":{"line":74,"column":null}},"16":{"start":{"line":92,"column":29},"end":{"line":95,"column":null}},"17":{"start":{"line":106,"column":29},"end":{"line":109,"column":null}},"18":{"start":{"line":120,"column":29},"end":{"line":123,"column":null}}},"fnMap":{"0":{"name":"AromaForm","decl":{"start":{"line":14,"column":16},"end":{"line":14,"column":26}},"loc":{"start":{"line":14,"column":72},"end":{"line":135,"column":null}}},"1":{"name":"(anonymous_2)","decl":{"start":{"line":26,"column":23},"end":{"line":26,"column":30}},"loc":{"start":{"line":26,"column":30},"end":{"line":33,"column":null}}},"2":{"name":"(anonymous_3)","decl":{"start":{"line":45,"column":22},"end":{"line":45,"column":23}},"loc":{"start":{"line":45,"column":29},"end":{"line":45,"column":null}}},"3":{"name":"(anonymous_4)","decl":{"start":{"line":55,"column":22},"end":{"line":55,"column":23}},"loc":{"start":{"line":55,"column":29},"end":{"line":55,"column":null}}},"4":{"name":"(anonymous_5)","decl":{"start":{"line":67,"column":24},"end":{"line":67,"column":25}},"loc":{"start":{"line":67,"column":31},"end":{"line":67,"column":null}}},"5":{"name":"(anonymous_6)","decl":{"start":{"line":74,"column":24},"end":{"line":74,"column":25}},"loc":{"start":{"line":74,"column":31},"end":{"line":74,"column":null}}},"6":{"name":"(anonymous_7)","decl":{"start":{"line":92,"column":22},"end":{"line":92,"column":23}},"loc":{"start":{"line":92,"column":29},"end":{"line":95,"column":null}}},"7":{"name":"(anonymous_8)","decl":{"start":{"line":106,"column":22},"end":{"line":106,"column":23}},"loc":{"start":{"line":106,"column":29},"end":{"line":109,"column":null}}},"8":{"name":"(anonymous_9)","decl":{"start":{"line":120,"column":22},"end":{"line":120,"column":23}},"loc":{"start":{"line":120,"column":29},"end":{"line":123,"column":null}}}},"branchMap":{"0":{"loc":{"start":{"line":16,"column":10},"end":{"line":16,"column":null}},"type":"binary-expr","locations":[{"start":{"line":16,"column":10},"end":{"line":16,"column":25}},{"start":{"line":16,"column":25},"end":{"line":16,"column":null}}]},"1":{"loc":{"start":{"line":17,"column":17},"end":{"line":17,"column":null}},"type":"binary-expr","locations":[{"start":{"line":17,"column":17},"end":{"line":17,"column":39}},{"start":{"line":17,"column":39},"end":{"line":17,"column":null}}]},"2":{"loc":{"start":{"line":18,"column":11},"end":{"line":18,"column":null}},"type":"binary-expr","locations":[{"start":{"line":18,"column":11},"end":{"line":18,"column":27}},{"start":{"line":18,"column":27},"end":{"line":18,"column":null}}]},"3":{"loc":{"start":{"line":19,"column":21},"end":{"line":23,"column":null}},"type":"binary-expr","locations":[{"start":{"line":19,"column":21},"end":{"line":19,"column":47}},{"start":{"line":19,"column":47},"end":{"line":23,"column":null}}]},"4":{"loc":{"start":{"line":131,"column":9},"end":{"line":131,"column":null}},"type":"cond-expr","locations":[{"start":{"line":131,"column":21},"end":{"line":131,"column":38}},{"start":{"line":131,"column":38},"end":{"line":131,"column":null}}]},"5":{"loc":{"start":{"line":131,"column":38},"end":{"line":131,"column":null}},"type":"cond-expr","locations":[{"start":{"line":131,"column":46},"end":{"line":131,"column":66}},{"start":{"line":131,"column":66},"end":{"line":131,"column":null}}]}},"s":{"0":12,"1":1,"2":1,"3":1,"4":1,"5":1,"6":221,"7":221,"8":3,"9":3,"10":3,"11":2,"12":44,"13":69,"14":0,"15":16,"16":36,"17":16,"18":28},"f":{"0":221,"1":3,"2":44,"3":69,"4":0,"5":16,"6":36,"7":16,"8":28},"b":{"0":[221,220],"1":[221,220],"2":[221,220],"3":[221,220],"4":[1,220],"5":[1,219]}}
,"C:\\Universidad\\Semestre VII\\Compunet III\\AromaLife\\frontend-aromalife-adn\\components\\aromas\\aromas-table.tsx": {"path":"C:\\Universidad\\Semestre VII\\Compunet III\\AromaLife\\frontend-aromalife-adn\\components\\aromas\\aromas-table.tsx","statementMap":{"0":{"start":{"line":30,"column":16},"end":{"line":30,"column":28}},"1":{"start":{"line":1,"column":25},"end":{"line":1,"column":null}},"2":{"start":{"line":2,"column":26},"end":{"line":2,"column":null}},"3":{"start":{"line":3,"column":23},"end":{"line":3,"column":null}},"4":{"start":{"line":11,"column":7},"end":{"line":11,"column":null}},"5":{"start":{"line":21,"column":7},"end":{"line":21,"column":null}},"6":{"start":{"line":22,"column":36},"end":{"line":22,"column":null}},"7":{"start":{"line":31,"column":17},"end":{"line":31,"column":null}},"8":{"start":{"line":32,"column":44},"end":{"line":32,"column":null}},"9":{"start":{"line":33,"column":23},"end":{"line":45,"column":null}},"10":{"start":{"line":34,"column":4},"end":{"line":34,"column":null}},"11":{"start":{"line":34,"column":24},"end":{"line":34,"column":null}},"12":{"start":{"line":36,"column":4},"end":{"line":44,"column":null}},"13":{"start":{"line":37,"column":6},"end":{"line":37,"column":null}},"14":{"start":{"line":41,"column":6},"end":{"line":41,"column":null}},"15":{"start":{"line":43,"column":6},"end":{"line":43,"column":null}},"16":{"start":{"line":68,"column":16},"end":{"line":68,"column":null}},"17":{"start":{"line":93,"column":39},"end":{"line":93,"column":null}},"18":{"start":{"line":100,"column":39},"end":{"line":100,"column":null}},"19":{"start":{"line":107,"column":39},"end":{"line":107,"column":null}},"20":{"start":{"line":120,"column":62},"end":{"line":120,"column":null}}},"fnMap":{"0":{"name":"AromasTable","decl":{"start":{"line":30,"column":16},"end":{"line":30,"column":28}},"loc":{"start":{"line":30,"column":66},"end":{"line":137,"column":null}}},"1":{"name":"(anonymous_2)","decl":{"start":{"line":33,"column":23},"end":{"line":33,"column":null}},"loc":{"start":{"line":33,"column":23},"end":{"line":45,"column":null}}},"2":{"name":"(anonymous_3)","decl":{"start":{"line":67,"column":25},"end":{"line":67,"column":26}},"loc":{"start":{"line":68,"column":16},"end":{"line":68,"column":null}}},"3":{"name":"(anonymous_4)","decl":{"start":{"line":93,"column":33},"end":{"line":93,"column":39}},"loc":{"start":{"line":93,"column":39},"end":{"line":93,"column":null}}},"4":{"name":"(anonymous_5)","decl":{"start":{"line":100,"column":33},"end":{"line":100,"column":39}},"loc":{"start":{"line":100,"column":39},"end":{"line":100,"column":null}}},"5":{"name":"(anonymous_6)","decl":{"start":{"line":107,"column":33},"end":{"line":107,"column":39}},"loc":{"start":{"line":107,"column":39},"end":{"line":107,"column":null}}},"6":{"name":"(anonymous_7)","decl":{"start":{"line":120,"column":56},"end":{"line":120,"column":62}},"loc":{"start":{"line":120,"column":62},"end":{"line":120,"column":null}}}},"branchMap":{"0":{"loc":{"start":{"line":34,"column":4},"end":{"line":34,"column":null}},"type":"if","locations":[{"start":{"line":34,"column":4},"end":{"line":34,"column":null}}]},"1":{"loc":{"start":{"line":60,"column":13},"end":{"line":68,"column":null}},"type":"cond-expr","locations":[{"start":{"line":61,"column":14},"end":{"line":67,"column":21}},{"start":{"line":67,"column":14},"end":{"line":68,"column":null}}]},"2":{"loc":{"start":{"line":126,"column":15},"end":{"line":126,"column":58}},"type":"binary-expr","locations":[{"start":{"line":126,"column":15},"end":{"line":126,"column":32}},{"start":{"line":126,"column":32},"end":{"line":126,"column":58}}]}},"s":{"0":13,"1":1,"2":1,"3":1,"4":1,"5":1,"6":1,"7":20,"8":20,"9":20,"10":2,"11":0,"12":2,"13":2,"14":1,"15":2,"16":37,"17":1,"18":1,"19":4,"20":3},"f":{"0":20,"1":2,"2":37,"3":1,"4":1,"5":4,"6":3},"b":{"0":[0],"1":[1,19],"2":[20,4]}}
,"C:\\Universidad\\Semestre VII\\Compunet III\\AromaLife\\frontend-aromalife-adn\\components\\aromas\\delete-aroma-button.tsx": {"path":"C:\\Universidad\\Semestre VII\\Compunet III\\AromaLife\\frontend-aromalife-adn\\components\\aromas\\delete-aroma-button.tsx","statementMap":{"0":{"start":{"line":24,"column":16},"end":{"line":24,"column":34}},"1":{"start":{"line":1,"column":25},"end":{"line":1,"column":null}},"2":{"start":{"line":2,"column":23},"end":{"line":2,"column":null}},"3":{"start":{"line":3,"column":23},"end":{"line":3,"column":null}},"4":{"start":{"line":14,"column":7},"end":{"line":14,"column":null}},"5":{"start":{"line":15,"column":25},"end":{"line":15,"column":null}},"6":{"start":{"line":16,"column":29},"end":{"line":16,"column":null}},"7":{"start":{"line":25,"column":38},"end":{"line":25,"column":null}},"8":{"start":{"line":26,"column":20},"end":{"line":26,"column":null}},"9":{"start":{"line":28,"column":23},"end":{"line":47,"column":null}},"10":{"start":{"line":29,"column":4},"end":{"line":46,"column":null}},"11":{"start":{"line":30,"column":6},"end":{"line":30,"column":null}},"12":{"start":{"line":31,"column":6},"end":{"line":31,"column":null}},"13":{"start":{"line":32,"column":6},"end":{"line":35,"column":null}},"14":{"start":{"line":36,"column":6},"end":{"line":36,"column":null}},"15":{"start":{"line":38,"column":6},"end":{"line":38,"column":null}},"16":{"start":{"line":39,"column":6},"end":{"line":43,"column":null}},"17":{"start":{"line":45,"column":6},"end":{"line":45,"column":null}}},"fnMap":{"0":{"name":"DeleteAromaButton","decl":{"start":{"line":24,"column":16},"end":{"line":24,"column":34}},"loc":{"start":{"line":24,"column":77},"end":{"line":77,"column":null}}},"1":{"name":"(anonymous_2)","decl":{"start":{"line":28,"column":23},"end":{"line":28,"column":null}},"loc":{"start":{"line":28,"column":23},"end":{"line":47,"column":null}}}},"branchMap":{"0":{"loc":{"start":{"line":71,"column":13},"end":{"line":71,"column":null}},"type":"cond-expr","locations":[{"start":{"line":71,"column":26},"end":{"line":71,"column":44}},{"start":{"line":71,"column":44},"end":{"line":71,"column":null}}]}},"s":{"0":9,"1":1,"2":1,"3":1,"4":1,"5":1,"6":1,"7":15,"8":15,"9":15,"10":3,"11":3,"12":3,"13":1,"14":1,"15":2,"16":2,"17":3},"f":{"0":15,"1":3},"b":{"0":[3,12]}}
,"C:\\Universidad\\Semestre VII\\Compunet III\\AromaLife\\frontend-aromalife-adn\\components\\aromas\\edit-aroma-form.tsx": {"path":"C:\\Universidad\\Semestre VII\\Compunet III\\AromaLife\\frontend-aromalife-adn\\components\\aromas\\edit-aroma-form.tsx","statementMap":{"0":{"start":{"line":14,"column":16},"end":{"line":14,"column":30}},"1":{"start":{"line":1,"column":36},"end":{"line":1,"column":null}},"2":{"start":{"line":2,"column":26},"end":{"line":2,"column":null}},"3":{"start":{"line":3,"column":23},"end":{"line":3,"column":null}},"4":{"start":{"line":4,"column":35},"end":{"line":4,"column":null}},"5":{"start":{"line":5,"column":25},"end":{"line":5,"column":null}},"6":{"start":{"line":6,"column":29},"end":{"line":6,"column":null}},"7":{"start":{"line":8,"column":26},"end":{"line":8,"column":null}},"8":{"start":{"line":15,"column":17},"end":{"line":15,"column":null}},"9":{"start":{"line":16,"column":20},"end":{"line":16,"column":null}},"10":{"start":{"line":17,"column":36},"end":{"line":17,"column":null}},"11":{"start":{"line":18,"column":44},"end":{"line":18,"column":null}},"12":{"start":{"line":19,"column":28},"end":{"line":19,"column":null}},"13":{"start":{"line":21,"column":2},"end":{"line":43,"column":null}},"14":{"start":{"line":22,"column":22},"end":{"line":38,"column":null}},"15":{"start":{"line":23,"column":6},"end":{"line":37,"column":null}},"16":{"start":{"line":24,"column":8},"end":{"line":24,"column":null}},"17":{"start":{"line":25,"column":21},"end":{"line":25,"column":null}},"18":{"start":{"line":26,"column":8},"end":{"line":26,"column":null}},"19":{"start":{"line":28,"column":8},"end":{"line":28,"column":null}},"20":{"start":{"line":29,"column":8},"end":{"line":33,"column":null}},"21":{"start":{"line":34,"column":8},"end":{"line":34,"column":null}},"22":{"start":{"line":36,"column":8},"end":{"line":36,"column":null}},"23":{"start":{"line":40,"column":4},"end":{"line":42,"column":null}},"24":{"start":{"line":41,"column":6},"end":{"line":41,"column":null}},"25":{"start":{"line":44,"column":23},"end":{"line":66,"column":null}},"26":{"start":{"line":45,"column":4},"end":{"line":65,"column":null}},"27":{"start":{"line":46,"column":6},"end":{"line":46,"column":null}},"28":{"start":{"line":47,"column":6},"end":{"line":47,"column":null}},"29":{"start":{"line":48,"column":6},"end":{"line":51,"column":null}},"30":{"start":{"line":52,"column":6},"end":{"line":52,"column":null}},"31":{"start":{"line":54,"column":6},"end":{"line":54,"column":null}},"32":{"start":{"line":55,"column":27},"end":{"line":57,"column":null}},"33":{"start":{"line":58,"column":6},"end":{"line":62,"column":null}},"34":{"start":{"line":64,"column":6},"end":{"line":64,"column":null}},"35":{"start":{"line":68,"column":23},"end":{"line":70,"column":null}},"36":{"start":{"line":69,"column":4},"end":{"line":69,"column":null}},"37":{"start":{"line":72,"column":2},"end":{"line":81,"column":null}},"38":{"start":{"line":83,"column":2},"end":{"line":85,"column":null}},"39":{"start":{"line":84,"column":4},"end":{"line":84,"column":null}}},"fnMap":{"0":{"name":"EditAromaForm","decl":{"start":{"line":14,"column":16},"end":{"line":14,"column":30}},"loc":{"start":{"line":14,"column":61},"end":{"line":114,"column":null}}},"1":{"name":"(anonymous_2)","decl":{"start":{"line":21,"column":12},"end":{"line":21,"column":null}},"loc":{"start":{"line":21,"column":12},"end":{"line":43,"column":5}}},"2":{"name":"(anonymous_3)","decl":{"start":{"line":22,"column":22},"end":{"line":22,"column":null}},"loc":{"start":{"line":22,"column":22},"end":{"line":38,"column":null}}},"3":{"name":"(anonymous_4)","decl":{"start":{"line":44,"column":23},"end":{"line":44,"column":30}},"loc":{"start":{"line":44,"column":30},"end":{"line":66,"column":null}}},"4":{"name":"(anonymous_5)","decl":{"start":{"line":68,"column":23},"end":{"line":68,"column":null}},"loc":{"start":{"line":68,"column":23},"end":{"line":70,"column":null}}}},"branchMap":{"0":{"loc":{"start":{"line":31,"column":23},"end":{"line":31,"column":null}},"type":"binary-expr","locations":[{"start":{"line":31,"column":23},"end":{"line":31,"column":36}},{"start":{"line":31,"column":40},"end":{"line":31,"column":null}}]},"1":{"loc":{"start":{"line":40,"column":4},"end":{"line":42,"column":null}},"type":"if","locations":[{"start":{"line":40,"column":4},"end":{"line":42,"column":null}}]},"2":{"loc":{"start":{"line":55,"column":27},"end":{"line":57,"column":null}},"type":"binary-expr","locations":[{"start":{"line":55,"column":27},"end":{"line":55,"column":null}},{"start":{"line":56,"column":26},"end":{"line":56,"column":39}},{"start":{"line":57,"column":26},"end":{"line":57,"column":null}}]},"3":{"loc":{"start":{"line":72,"column":2},"end":{"line":81,"column":null}},"type":"if","locations":[{"start":{"line":72,"column":2},"end":{"line":81,"column":null}}]},"4":{"loc":{"start":{"line":83,"column":2},"end":{"line":85,"column":null}},"type":"if","locations":[{"start":{"line":83,"column":2},"end":{"line":85,"column":null}}]}},"s":{"0":12,"1":1,"2":1,"3":1,"4":1,"5":1,"6":1,"7":1,"8":41,"9":41,"10":41,"11":41,"12":41,"13":41,"14":31,"15":30,"16":30,"17":30,"18":23,"19":6,"20":6,"21":6,"22":29,"23":31,"24":30,"25":41,"26":3,"27":3,"28":3,"29":1,"30":1,"31":2,"32":2,"33":2,"34":3,"35":41,"36":1,"37":41,"38":23,"39":3},"f":{"0":41,"1":31,"2":30,"3":3,"4":1},"b":{"0":[6,0],"1":[30],"2":[2,1,0],"3":[18],"4":[3]}}
,"C:\\Universidad\\Semestre VII\\Compunet III\\AromaLife\\frontend-aromalife-adn\\components\\auth\\auth-provider.tsx": {"path":"C:\\Universidad\\Semestre VII\\Compunet III\\AromaLife\\frontend-aromalife-adn\\components\\auth\\auth-provider.tsx","statementMap":{"0":{"start":{"line":5,"column":16},"end":{"line":5,"column":29}},"1":{"start":{"line":2,"column":26},"end":{"line":2,"column":null}},"2":{"start":{"line":3,"column":29},"end":{"line":3,"column":null}},"3":{"start":{"line":6,"column":25},"end":{"line":6,"column":null}},"4":{"start":{"line":6,"column":47},"end":{"line":6,"column":67}},"5":{"start":{"line":8,"column":2},"end":{"line":12,"column":null}},"6":{"start":{"line":9,"column":4},"end":{"line":9,"column":null}}},"fnMap":{"0":{"name":"AuthProvider","decl":{"start":{"line":5,"column":16},"end":{"line":5,"column":29}},"loc":{"start":{"line":5,"column":72},"end":{"line":15,"column":null}}},"1":{"name":"(anonymous_2)","decl":{"start":{"line":6,"column":38},"end":{"line":6,"column":47}},"loc":{"start":{"line":6,"column":47},"end":{"line":6,"column":67}}},"2":{"name":"(anonymous_3)","decl":{"start":{"line":8,"column":12},"end":{"line":8,"column":null}},"loc":{"start":{"line":8,"column":12},"end":{"line":12,"column":5}}}},"branchMap":{},"s":{"0":1,"1":1,"2":1,"3":1,"4":4,"5":1,"6":1},"f":{"0":1,"1":4,"2":1},"b":{}}
,"C:\\Universidad\\Semestre VII\\Compunet III\\AromaLife\\frontend-aromalife-adn\\components\\auth\\login-form.tsx": {"path":"C:\\Universidad\\Semestre VII\\Compunet III\\AromaLife\\frontend-aromalife-adn\\components\\auth\\login-form.tsx","statementMap":{"0":{"start":{"line":33,"column":16},"end":{"line":33,"column":null}},"1":{"start":{"line":3,"column":28},"end":{"line":3,"column":null}},"2":{"start":{"line":4,"column":24},"end":{"line":4,"column":null}},"3":{"start":{"line":5,"column":19},"end":{"line":5,"column":null}},"4":{"start":{"line":6,"column":23},"end":{"line":6,"column":null}},"5":{"start":{"line":14,"column":7},"end":{"line":14,"column":null}},"6":{"start":{"line":15,"column":22},"end":{"line":15,"column":null}},"7":{"start":{"line":16,"column":25},"end":{"line":16,"column":null}},"8":{"start":{"line":18,"column":26},"end":{"line":18,"column":null}},"9":{"start":{"line":19,"column":25},"end":{"line":19,"column":null}},"10":{"start":{"line":20,"column":29},"end":{"line":20,"column":null}},"11":{"start":{"line":23,"column":19},"end":{"line":31,"column":null}},"12":{"start":{"line":34,"column":36},"end":{"line":34,"column":null}},"13":{"start":{"line":35,"column":17},"end":{"line":35,"column":null}},"14":{"start":{"line":36,"column":20},"end":{"line":36,"column":null}},"15":{"start":{"line":37,"column":16},"end":{"line":37,"column":null}},"16":{"start":{"line":37,"column":38},"end":{"line":37,"column":49}},"17":{"start":{"line":39,"column":15},"end":{"line":45,"column":null}},"18":{"start":{"line":48,"column":4},"end":{"line":81,"column":null}},"19":{"start":{"line":49,"column":6},"end":{"line":49,"column":null}},"20":{"start":{"line":50,"column":6},"end":{"line":50,"column":null}},"21":{"start":{"line":52,"column":6},"end":{"line":56,"column":null}},"22":{"start":{"line":59,"column":6},"end":{"line":59,"column":33}},"23":{"start":{"line":60,"column":6},"end":{"line":60,"column":null}},"24":{"start":{"line":62,"column":25},"end":{"line":62,"column":null}},"25":{"start":{"line":64,"column":6},"end":{"line":69,"column":null}},"26":{"start":{"line":66,"column":8},"end":{"line":66,"column":null}},"27":{"start":{"line":67,"column":8},"end":{"line":67,"column":null}},"28":{"start":{"line":68,"column":8},"end":{"line":68,"column":null}},"29":{"start":{"line":71,"column":6},"end":{"line":75,"column":null}},"30":{"start":{"line":78,"column":6},"end":{"line":78,"column":null}},"31":{"start":{"line":80,"column":6},"end":{"line":80,"column":null}}},"fnMap":{"0":{"name":"LoginForm","decl":{"start":{"line":33,"column":16},"end":{"line":33,"column":null}},"loc":{"start":{"line":33,"column":16},"end":{"line":118,"column":null}}},"1":{"name":"(anonymous_5)","decl":{"start":{"line":37,"column":29},"end":{"line":37,"column":38}},"loc":{"start":{"line":37,"column":38},"end":{"line":37,"column":49}}},"2":{"name":"onSubmit","decl":{"start":{"line":47,"column":17},"end":{"line":47,"column":26}},"loc":{"start":{"line":47,"column":60},"end":{"line":82,"column":null}}}},"branchMap":{"0":{"loc":{"start":{"line":64,"column":6},"end":{"line":69,"column":null}},"type":"if","locations":[{"start":{"line":64,"column":6},"end":{"line":69,"column":null}}]},"1":{"loc":{"start":{"line":113,"column":11},"end":{"line":113,"column":null}},"type":"cond-expr","locations":[{"start":{"line":113,"column":23},"end":{"line":113,"column":47}},{"start":{"line":113,"column":47},"end":{"line":113,"column":null}}]}},"s":{"0":3,"1":1,"2":1,"3":1,"4":1,"5":1,"6":1,"7":1,"8":1,"9":1,"10":1,"11":1,"12":8,"13":8,"14":8,"15":8,"16":24,"17":8,"18":0,"19":0,"20":0,"21":0,"22":0,"23":0,"24":0,"25":0,"26":0,"27":0,"28":0,"29":0,"30":0,"31":0},"f":{"0":8,"1":24,"2":0},"b":{"0":[0],"1":[0,8]}}
,"C:\\Universidad\\Semestre VII\\Compunet III\\AromaLife\\frontend-aromalife-adn\\components\\auth\\protected-route.tsx": {"path":"C:\\Universidad\\Semestre VII\\Compunet III\\AromaLife\\frontend-aromalife-adn\\components\\auth\\protected-route.tsx","statementMap":{"0":{"start":{"line":11,"column":24},"end":{"line":11,"column":39}},"1":{"start":{"line":2,"column":26},"end":{"line":2,"column":null}},"2":{"start":{"line":3,"column":26},"end":{"line":3,"column":null}},"3":{"start":{"line":4,"column":29},"end":{"line":4,"column":null}},"4":{"start":{"line":12,"column":41},"end":{"line":12,"column":null}},"5":{"start":{"line":13,"column":17},"end":{"line":13,"column":null}},"6":{"start":{"line":15,"column":2},"end":{"line":19,"column":null}},"7":{"start":{"line":16,"column":4},"end":{"line":18,"column":null}},"8":{"start":{"line":17,"column":6},"end":{"line":17,"column":null}},"9":{"start":{"line":21,"column":2},"end":{"line":23,"column":null}}},"fnMap":{"0":{"name":"ProtectedRoute","decl":{"start":{"line":11,"column":24},"end":{"line":11,"column":39}},"loc":{"start":{"line":11,"column":95},"end":{"line":26,"column":null}}},"1":{"name":"(anonymous_2)","decl":{"start":{"line":15,"column":12},"end":{"line":15,"column":null}},"loc":{"start":{"line":15,"column":12},"end":{"line":19,"column":5}}}},"branchMap":{"0":{"loc":{"start":{"line":11,"column":51},"end":{"line":11,"column":72}},"type":"default-arg","locations":[{"start":{"line":11,"column":64},"end":{"line":11,"column":72}}]},"1":{"loc":{"start":{"line":16,"column":4},"end":{"line":18,"column":null}},"type":"if","locations":[{"start":{"line":16,"column":4},"end":{"line":18,"column":null}}]},"2":{"loc":{"start":{"line":16,"column":8},"end":{"line":16,"column":40}},"type":"binary-expr","locations":[{"start":{"line":16,"column":8},"end":{"line":16,"column":22}},{"start":{"line":16,"column":22},"end":{"line":16,"column":40}}]},"3":{"loc":{"start":{"line":21,"column":2},"end":{"line":23,"column":null}},"type":"if","locations":[{"start":{"line":21,"column":2},"end":{"line":23,"column":null}}]}},"s":{"0":1,"1":1,"2":1,"3":1,"4":3,"5":3,"6":3,"7":3,"8":1,"9":3},"f":{"0":3,"1":3},"b":{"0":[3],"1":[1],"2":[3,2],"3":[1]}}
,"C:\\Universidad\\Semestre VII\\Compunet III\\AromaLife\\frontend-aromalife-adn\\components\\auth\\register-form.tsx": {"path":"C:\\Universidad\\Semestre VII\\Compunet III\\AromaLife\\frontend-aromalife-adn\\components\\auth\\register-form.tsx","statementMap":{"0":{"start":{"line":79,"column":16},"end":{"line":79,"column":null}},"1":{"start":{"line":3,"column":28},"end":{"line":3,"column":null}},"2":{"start":{"line":4,"column":24},"end":{"line":4,"column":null}},"3":{"start":{"line":5,"column":19},"end":{"line":5,"column":null}},"4":{"start":{"line":6,"column":23},"end":{"line":6,"column":null}},"5":{"start":{"line":14,"column":7},"end":{"line":14,"column":null}},"6":{"start":{"line":15,"column":22},"end":{"line":15,"column":null}},"7":{"start":{"line":16,"column":33},"end":{"line":16,"column":null}},"8":{"start":{"line":17,"column":28},"end":{"line":17,"column":null}},"9":{"start":{"line":18,"column":36},"end":{"line":18,"column":null}},"10":{"start":{"line":19,"column":28},"end":{"line":19,"column":null}},"11":{"start":{"line":20,"column":26},"end":{"line":20,"column":null}},"12":{"start":{"line":21,"column":25},"end":{"line":21,"column":null}},"13":{"start":{"line":22,"column":36},"end":{"line":22,"column":null}},"14":{"start":{"line":24,"column":19},"end":{"line":77,"column":null}},"15":{"start":{"line":80,"column":36},"end":{"line":80,"column":null}},"16":{"start":{"line":81,"column":54},"end":{"line":81,"column":null}},"17":{"start":{"line":82,"column":52},"end":{"line":82,"column":null}},"18":{"start":{"line":83,"column":17},"end":{"line":83,"column":null}},"19":{"start":{"line":84,"column":20},"end":{"line":84,"column":null}},"20":{"start":{"line":97,"column":6},"end":{"line":97,"column":null}},"21":{"start":{"line":100,"column":21},"end":{"line":106,"column":null}},"22":{"start":{"line":100,"column":47},"end":{"line":103,"column":6}},"23":{"start":{"line":105,"column":4},"end":{"line":105,"column":null}},"24":{"start":{"line":105,"column":34},"end":{"line":105,"column":56}},"25":{"start":{"line":106,"column":19},"end":{"line":106,"column":null}},"26":{"start":{"line":108,"column":15},"end":{"line":123,"column":null}},"27":{"start":{"line":126,"column":2},"end":{"line":135,"column":null}},"28":{"start":{"line":127,"column":4},"end":{"line":134,"column":null}},"29":{"start":{"line":128,"column":6},"end":{"line":128,"column":null}},"30":{"start":{"line":129,"column":24},"end":{"line":129,"column":null}},"31":{"start":{"line":130,"column":6},"end":{"line":133,"column":null}},"32":{"start":{"line":131,"column":8},"end":{"line":131,"column":null}},"33":{"start":{"line":132,"column":8},"end":{"line":132,"column":null}},"34":{"start":{"line":137,"column":2},"end":{"line":141,"column":null}},"35":{"start":{"line":138,"column":4},"end":{"line":140,"column":null}},"36":{"start":{"line":139,"column":6},"end":{"line":139,"column":null}},"37":{"start":{"line":143,"column":2},"end":{"line":147,"column":null}},"38":{"start":{"line":144,"column":4},"end":{"line":146,"column":null}},"39":{"start":{"line":145,"column":6},"end":{"line":145,"column":null}},"40":{"start":{"line":150,"column":4},"end":{"line":183,"column":null}},"41":{"start":{"line":151,"column":6},"end":{"line":151,"column":null}},"42":{"start":{"line":152,"column":23},"end":{"line":152,"column":null}},"43":{"start":{"line":155,"column":6},"end":{"line":155,"column":null}},"44":{"start":{"line":157,"column":6},"end":{"line":160,"column":null}},"45":{"start":{"line":163,"column":6},"end":{"line":163,"column":null}},"46":{"start":{"line":165,"column":6},"end":{"line":177,"column":null}},"47":{"start":{"line":166,"column":8},"end":{"line":170,"column":null}},"48":{"start":{"line":172,"column":8},"end":{"line":176,"column":null}},"49":{"start":{"line":180,"column":6},"end":{"line":180,"column":null}},"50":{"start":{"line":182,"column":6},"end":{"line":182,"column":null}},"51":{"start":{"line":254,"column":22},"end":{"line":254,"column":null}},"52":{"start":{"line":255,"column":22},"end":{"line":255,"column":null}},"53":{"start":{"line":292,"column":22},"end":{"line":292,"column":null}},"54":{"start":{"line":293,"column":22},"end":{"line":293,"column":null}},"55":{"start":{"line":314,"column":22},"end":{"line":314,"column":null}},"56":{"start":{"line":315,"column":22},"end":{"line":315,"column":null}},"57":{"start":{"line":338,"column":20},"end":{"line":338,"column":null}},"58":{"start":{"line":339,"column":20},"end":{"line":339,"column":null}},"59":{"start":{"line":374,"column":20},"end":{"line":374,"column":null}},"60":{"start":{"line":376,"column":20},"end":{"line":376,"column":null}},"61":{"start":{"line":376,"column":31},"end":{"line":376,"column":null}},"62":{"start":{"line":379,"column":20},"end":{"line":379,"column":null}},"63":{"start":{"line":380,"column":20},"end":{"line":380,"column":null}}},"fnMap":{"0":{"name":"RegisterForm","decl":{"start":{"line":79,"column":16},"end":{"line":79,"column":null}},"loc":{"start":{"line":79,"column":16},"end":{"line":394,"column":null}}},"1":{"name":"(anonymous_5)","decl":{"start":{"line":100,"column":35},"end":{"line":100,"column":47}},"loc":{"start":{"line":100,"column":47},"end":{"line":103,"column":6}}},"2":{"name":"(anonymous_6)","decl":{"start":{"line":103,"column":13},"end":{"line":103,"column":14}},"loc":{"start":{"line":105,"column":4},"end":{"line":105,"column":null}}},"3":{"name":"(anonymous_7)","decl":{"start":{"line":105,"column":29},"end":{"line":105,"column":34}},"loc":{"start":{"line":105,"column":34},"end":{"line":105,"column":56}}},"4":{"name":"(anonymous_8)","decl":{"start":{"line":106,"column":9},"end":{"line":106,"column":10}},"loc":{"start":{"line":106,"column":19},"end":{"line":106,"column":null}}},"5":{"name":"(anonymous_9)","decl":{"start":{"line":126,"column":12},"end":{"line":126,"column":null}},"loc":{"start":{"line":126,"column":12},"end":{"line":135,"column":5}}},"6":{"name":"(anonymous_10)","decl":{"start":{"line":137,"column":12},"end":{"line":137,"column":null}},"loc":{"start":{"line":137,"column":12},"end":{"line":141,"column":5}}},"7":{"name":"(anonymous_11)","decl":{"start":{"line":143,"column":12},"end":{"line":143,"column":null}},"loc":{"start":{"line":143,"column":12},"end":{"line":147,"column":5}}},"8":{"name":"onSubmit","decl":{"start":{"line":149,"column":17},"end":{"line":149,"column":26}},"loc":{"start":{"line":149,"column":60},"end":{"line":184,"column":null}}},"9":{"name":"(anonymous_18)","decl":{"start":{"line":253,"column":30},"end":{"line":253,"column":31}},"loc":{"start":{"line":253,"column":31},"end":{"line":256,"column":null}}},"10":{"name":"(anonymous_21)","decl":{"start":{"line":291,"column":30},"end":{"line":291,"column":31}},"loc":{"start":{"line":291,"column":31},"end":{"line":294,"column":null}}},"11":{"name":"(anonymous_23)","decl":{"start":{"line":313,"column":30},"end":{"line":313,"column":31}},"loc":{"start":{"line":313,"column":31},"end":{"line":316,"column":null}}},"12":{"name":"(anonymous_25)","decl":{"start":{"line":337,"column":28},"end":{"line":337,"column":29}},"loc":{"start":{"line":337,"column":29},"end":{"line":340,"column":null}}},"13":{"name":"(anonymous_28)","decl":{"start":{"line":373,"column":28},"end":{"line":373,"column":29}},"loc":{"start":{"line":373,"column":29},"end":{"line":377,"column":null}}},"14":{"name":"(anonymous_29)","decl":{"start":{"line":378,"column":28},"end":{"line":378,"column":null}},"loc":{"start":{"line":378,"column":28},"end":{"line":381,"column":null}}}},"branchMap":{"0":{"loc":{"start":{"line":127,"column":4},"end":{"line":134,"column":null}},"type":"if","locations":[{"start":{"line":127,"column":4},"end":{"line":134,"column":null}}]},"1":{"loc":{"start":{"line":130,"column":6},"end":{"line":133,"column":null}},"type":"if","locations":[{"start":{"line":130,"column":6},"end":{"line":133,"column":null}}]},"2":{"loc":{"start":{"line":138,"column":4},"end":{"line":140,"column":null}},"type":"if","locations":[{"start":{"line":138,"column":4},"end":{"line":140,"column":null}}]},"3":{"loc":{"start":{"line":144,"column":4},"end":{"line":146,"column":null}},"type":"if","locations":[{"start":{"line":144,"column":4},"end":{"line":146,"column":null}}]},"4":{"loc":{"start":{"line":152,"column":66},"end":{"line":152,"column":null}},"type":"binary-expr","locations":[{"start":{"line":152,"column":66},"end":{"line":152,"column":88}},{"start":{"line":152,"column":88},"end":{"line":152,"column":null}}]},"5":{"loc":{"start":{"line":165,"column":6},"end":{"line":177,"column":null}},"type":"if","locations":[{"start":{"line":165,"column":6},"end":{"line":177,"column":null}},{"start":{"line":171,"column":13},"end":{"line":177,"column":null}}]},"6":{"loc":{"start":{"line":318,"column":32},"end":{"line":318,"column":null}},"type":"binary-expr","locations":[{"start":{"line":318,"column":32},"end":{"line":318,"column":52}},{"start":{"line":318,"column":52},"end":{"line":318,"column":null}}]},"7":{"loc":{"start":{"line":342,"column":30},"end":{"line":342,"column":null}},"type":"binary-expr","locations":[{"start":{"line":342,"column":30},"end":{"line":342,"column":53}},{"start":{"line":342,"column":53},"end":{"line":342,"column":74}},{"start":{"line":342,"column":74},"end":{"line":342,"column":null}}]},"8":{"loc":{"start":{"line":372,"column":25},"end":{"line":372,"column":58}},"type":"binary-expr","locations":[{"start":{"line":372,"column":25},"end":{"line":372,"column":47}},{"start":{"line":372,"column":47},"end":{"line":372,"column":58}}]},"9":{"loc":{"start":{"line":376,"column":20},"end":{"line":376,"column":null}},"type":"if","locations":[{"start":{"line":376,"column":20},"end":{"line":376,"column":null}}]},"10":{"loc":{"start":{"line":389,"column":11},"end":{"line":389,"column":null}},"type":"cond-expr","locations":[{"start":{"line":389,"column":23},"end":{"line":389,"column":42}},{"start":{"line":389,"column":42},"end":{"line":389,"column":null}}]}},"s":{"0":3,"1":1,"2":1,"3":1,"4":1,"5":1,"6":1,"7":1,"8":1,"9":1,"10":1,"11":1,"12":1,"13":1,"14":1,"15":12,"16":12,"17":12,"18":12,"19":12,"20":12,"21":12,"22":3000,"23":3000,"24":358476,"25":9564,"26":12,"27":12,"28":12,"29":0,"30":0,"31":0,"32":0,"33":0,"34":12,"35":3,"36":0,"37":12,"38":3,"39":0,"40":0,"41":0,"42":0,"43":0,"44":0,"45":0,"46":0,"47":0,"48":0,"49":0,"50":0,"51":0,"52":0,"53":0,"54":0,"55":0,"56":0,"57":0,"58":0,"59":0,"60":0,"61":0,"62":0,"63":0},"f":{"0":12,"1":3000,"2":3000,"3":358476,"4":9564,"5":12,"6":3,"7":3,"8":0,"9":0,"10":0,"11":0,"12":0,"13":0,"14":0},"b":{"0":[0],"1":[0],"2":[0],"3":[0],"4":[0,0],"5":[0,0],"6":[12,0],"7":[12,0,0],"8":[12,12],"9":[0],"10":[0,12]}}
,"C:\\Universidad\\Semestre VII\\Compunet III\\AromaLife\\frontend-aromalife-adn\\components\\auth\\role-guard.tsx": {"path":"C:\\Universidad\\Semestre VII\\Compunet III\\AromaLife\\frontend-aromalife-adn\\components\\auth\\role-guard.tsx","statementMap":{"0":{"start":{"line":14,"column":16},"end":{"line":14,"column":26}},"1":{"start":{"line":2,"column":39},"end":{"line":2,"column":null}},"2":{"start":{"line":3,"column":26},"end":{"line":3,"column":null}},"3":{"start":{"line":4,"column":29},"end":{"line":4,"column":null}},"4":{"start":{"line":15,"column":49},"end":{"line":15,"column":null}},"5":{"start":{"line":16,"column":19},"end":{"line":16,"column":null}},"6":{"start":{"line":17,"column":21},"end":{"line":17,"column":null}},"7":{"start":{"line":20,"column":4},"end":{"line":52,"column":null}},"8":{"start":{"line":21,"column":8},"end":{"line":21,"column":null}},"9":{"start":{"line":21,"column":23},"end":{"line":21,"column":null}},"10":{"start":{"line":24,"column":8},"end":{"line":27,"column":null}},"11":{"start":{"line":25,"column":12},"end":{"line":25,"column":null}},"12":{"start":{"line":26,"column":12},"end":{"line":26,"column":null}},"13":{"start":{"line":30,"column":8},"end":{"line":51,"column":null}},"14":{"start":{"line":31,"column":28},"end":{"line":35,"column":null}},"15":{"start":{"line":32,"column":40},"end":{"line":32,"column":null}},"16":{"start":{"line":33,"column":40},"end":{"line":33,"column":null}},"17":{"start":{"line":34,"column":20},"end":{"line":34,"column":null}},"18":{"start":{"line":37,"column":16},"end":{"line":50,"column":null}},"19":{"start":{"line":38,"column":20},"end":{"line":38,"column":null}},"20":{"start":{"line":40,"column":20},"end":{"line":44,"column":null}},"21":{"start":{"line":41,"column":24},"end":{"line":41,"column":null}},"22":{"start":{"line":42,"column":24},"end":{"line":42,"column":null}},"23":{"start":{"line":43,"column":24},"end":{"line":43,"column":null}},"24":{"start":{"line":46,"column":20},"end":{"line":49,"column":null}},"25":{"start":{"line":47,"column":24},"end":{"line":47,"column":null}},"26":{"start":{"line":48,"column":24},"end":{"line":48,"column":null}},"27":{"start":{"line":54,"column":4},"end":{"line":56,"column":9}},"28":{"start":{"line":57,"column":4},"end":{"line":59,"column":null}},"29":{"start":{"line":58,"column":8},"end":{"line":58,"column":null}},"30":{"start":{"line":62,"column":4},"end":{"line":79,"column":null}},"31":{"start":{"line":63,"column":24},"end":{"line":67,"column":null}},"32":{"start":{"line":64,"column":32},"end":{"line":64,"column":null}},"33":{"start":{"line":65,"column":32},"end":{"line":65,"column":null}},"34":{"start":{"line":66,"column":12},"end":{"line":66,"column":null}},"35":{"start":{"line":69,"column":8},"end":{"line":78,"column":null}},"36":{"start":{"line":71,"column":12},"end":{"line":75,"column":null}},"37":{"start":{"line":77,"column":12},"end":{"line":77,"column":null}}},"fnMap":{"0":{"name":"RoleGuard","decl":{"start":{"line":14,"column":16},"end":{"line":14,"column":26}},"loc":{"start":{"line":14,"column":132},"end":{"line":82,"column":null}}},"1":{"name":"(anonymous_2)","decl":{"start":{"line":20,"column":14},"end":{"line":20,"column":null}},"loc":{"start":{"line":20,"column":14},"end":{"line":52,"column":11}}},"2":{"name":"(anonymous_3)","decl":{"start":{"line":31,"column":47},"end":{"line":31,"column":null}},"loc":{"start":{"line":31,"column":47},"end":{"line":35,"column":null}}},"3":{"name":"(anonymous_4)","decl":{"start":{"line":63,"column":43},"end":{"line":63,"column":null}},"loc":{"start":{"line":63,"column":43},"end":{"line":67,"column":null}}}},"branchMap":{"0":{"loc":{"start":{"line":14,"column":53},"end":{"line":14,"column":71}},"type":"default-arg","locations":[{"start":{"line":14,"column":67},"end":{"line":14,"column":71}}]},"1":{"loc":{"start":{"line":14,"column":73},"end":{"line":14,"column":94}},"type":"default-arg","locations":[{"start":{"line":14,"column":86},"end":{"line":14,"column":94}}]},"2":{"loc":{"start":{"line":14,"column":96},"end":{"line":14,"column":114}},"type":"default-arg","locations":[{"start":{"line":14,"column":110},"end":{"line":14,"column":114}}]},"3":{"loc":{"start":{"line":21,"column":8},"end":{"line":21,"column":null}},"type":"if","locations":[{"start":{"line":21,"column":8},"end":{"line":21,"column":null}}]},"4":{"loc":{"start":{"line":24,"column":8},"end":{"line":27,"column":null}},"type":"if","locations":[{"start":{"line":24,"column":8},"end":{"line":27,"column":null}}]},"5":{"loc":{"start":{"line":24,"column":12},"end":{"line":24,"column":45}},"type":"binary-expr","locations":[{"start":{"line":24,"column":12},"end":{"line":24,"column":27}},{"start":{"line":24,"column":27},"end":{"line":24,"column":45}}]},"6":{"loc":{"start":{"line":30,"column":8},"end":{"line":51,"column":null}},"type":"if","locations":[{"start":{"line":30,"column":8},"end":{"line":51,"column":null}}]},"7":{"loc":{"start":{"line":30,"column":12},"end":{"line":30,"column":62}},"type":"binary-expr","locations":[{"start":{"line":30,"column":12},"end":{"line":30,"column":37}},{"start":{"line":30,"column":37},"end":{"line":30,"column":56}},{"start":{"line":30,"column":56},"end":{"line":30,"column":62}}]},"8":{"loc":{"start":{"line":37,"column":16},"end":{"line":50,"column":null}},"type":"if","locations":[{"start":{"line":37,"column":16},"end":{"line":50,"column":null}}]},"9":{"loc":{"start":{"line":40,"column":20},"end":{"line":44,"column":null}},"type":"if","locations":[{"start":{"line":40,"column":20},"end":{"line":44,"column":null}}]},"10":{"loc":{"start":{"line":46,"column":20},"end":{"line":49,"column":null}},"type":"if","locations":[{"start":{"line":46,"column":20},"end":{"line":49,"column":null}}]},"11":{"loc":{"start":{"line":54,"column":4},"end":{"line":56,"column":9}},"type":"if","locations":[{"start":{"line":54,"column":4},"end":{"line":56,"column":9}}]},"12":{"loc":{"start":{"line":57,"column":4},"end":{"line":59,"column":null}},"type":"if","locations":[{"start":{"line":57,"column":4},"end":{"line":59,"column":null}}]},"13":{"loc":{"start":{"line":57,"column":8},"end":{"line":57,"column":41}},"type":"binary-expr","locations":[{"start":{"line":57,"column":8},"end":{"line":57,"column":23}},{"start":{"line":57,"column":23},"end":{"line":57,"column":41}}]},"14":{"loc":{"start":{"line":62,"column":4},"end":{"line":79,"column":null}},"type":"if","locations":[{"start":{"line":62,"column":4},"end":{"line":79,"column":null}}]},"15":{"loc":{"start":{"line":62,"column":8},"end":{"line":62,"column":50}},"type":"binary-expr","locations":[{"start":{"line":62,"column":8},"end":{"line":62,"column":33}},{"start":{"line":62,"column":33},"end":{"line":62,"column":50}}]},"16":{"loc":{"start":{"line":69,"column":8},"end":{"line":78,"column":null}},"type":"if","locations":[{"start":{"line":69,"column":8},"end":{"line":78,"column":null}}]},"17":{"loc":{"start":{"line":71,"column":12},"end":{"line":75,"column":null}},"type":"if","locations":[{"start":{"line":71,"column":12},"end":{"line":75,"column":null}}]}},"s":{"0":1,"1":1,"2":1,"3":1,"4":3,"5":3,"6":3,"7":3,"8":3,"9":0,"10":3,"11":0,"12":0,"13":3,"14":2,"15":2,"16":2,"17":2,"18":2,"19":1,"20":1,"21":1,"22":1,"23":1,"24":0,"25":0,"26":0,"27":3,"28":3,"29":0,"30":3,"31":2,"32":2,"33":2,"34":2,"35":2,"36":1,"37":0},"f":{"0":3,"1":3,"2":2,"3":2},"b":{"0":[3],"1":[3],"2":[2],"3":[0],"4":[0],"5":[3,3],"6":[2],"7":[3,2,2],"8":[1],"9":[1],"10":[0],"11":[0],"12":[0],"13":[3,3],"14":[2],"15":[3,2],"16":[1],"17":[1]}}
,"C:\\Universidad\\Semestre VII\\Compunet III\\AromaLife\\frontend-aromalife-adn\\components\\candles\\admin-candle-detail-modal.tsx": {"path":"C:\\Universidad\\Semestre VII\\Compunet III\\AromaLife\\frontend-aromalife-adn\\components\\candles\\admin-candle-detail-modal.tsx","statementMap":{"0":{"start":{"line":47,"column":16},"end":{"line":47,"column":39}},"1":{"start":{"line":9,"column":7},"end":{"line":9,"column":null}},"2":{"start":{"line":10,"column":22},"end":{"line":10,"column":null}},"3":{"start":{"line":16,"column":7},"end":{"line":16,"column":null}},"4":{"start":{"line":18,"column":23},"end":{"line":18,"column":null}},"5":{"start":{"line":33,"column":7},"end":{"line":33,"column":null}},"6":{"start":{"line":35,"column":18},"end":{"line":35,"column":null}},"7":{"start":{"line":36,"column":36},"end":{"line":36,"column":null}},"8":{"start":{"line":37,"column":22},"end":{"line":37,"column":null}},"9":{"start":{"line":39,"column":30},"end":{"line":39,"column":null}},"10":{"start":{"line":52,"column":42},"end":{"line":52,"column":null}},"11":{"start":{"line":53,"column":40},"end":{"line":53,"column":null}},"12":{"start":{"line":54,"column":44},"end":{"line":54,"column":null}},"13":{"start":{"line":55,"column":54},"end":{"line":55,"column":null}},"14":{"start":{"line":56,"column":56},"end":{"line":56,"column":null}},"15":{"start":{"line":59,"column":2},"end":{"line":82,"column":null}},"16":{"start":{"line":60,"column":36},"end":{"line":79,"column":null}},"17":{"start":{"line":61,"column":6},"end":{"line":61,"column":null}},"18":{"start":{"line":61,"column":32},"end":{"line":61,"column":null}},"19":{"start":{"line":63,"column":6},"end":{"line":63,"column":null}},"20":{"start":{"line":64,"column":6},"end":{"line":78,"column":null}},"21":{"start":{"line":65,"column":31},"end":{"line":65,"column":null}},"22":{"start":{"line":66,"column":8},"end":{"line":66,"column":null}},"23":{"start":{"line":68,"column":8},"end":{"line":68,"column":null}},"24":{"start":{"line":69,"column":8},"end":{"line":73,"column":null}},"25":{"start":{"line":75,"column":8},"end":{"line":75,"column":null}},"26":{"start":{"line":77,"column":8},"end":{"line":77,"column":null}},"27":{"start":{"line":81,"column":4},"end":{"line":81,"column":null}},"28":{"start":{"line":85,"column":24},"end":{"line":85,"column":null}},"29":{"start":{"line":87,"column":2},"end":{"line":87,"column":null}},"30":{"start":{"line":87,"column":33},"end":{"line":87,"column":null}},"31":{"start":{"line":90,"column":2},"end":{"line":103,"column":null}},"32":{"start":{"line":105,"column":21},"end":{"line":113,"column":null}},"33":{"start":{"line":106,"column":4},"end":{"line":112,"column":null}},"34":{"start":{"line":116,"column":23},"end":{"line":118,"column":null}},"35":{"start":{"line":117,"column":4},"end":{"line":117,"column":null}},"36":{"start":{"line":121,"column":28},"end":{"line":124,"column":null}},"37":{"start":{"line":122,"column":18},"end":{"line":122,"column":null}},"38":{"start":{"line":123,"column":4},"end":{"line":123,"column":null}},"39":{"start":{"line":127,"column":29},"end":{"line":129,"column":null}},"40":{"start":{"line":128,"column":4},"end":{"line":128,"column":null}},"41":{"start":{"line":132,"column":24},"end":{"line":160,"column":null}},"42":{"start":{"line":133,"column":4},"end":{"line":159,"column":null}},"43":{"start":{"line":134,"column":6},"end":{"line":134,"column":null}},"44":{"start":{"line":135,"column":23},"end":{"line":135,"column":null}},"45":{"start":{"line":136,"column":19},"end":{"line":136,"column":null}},"46":{"start":{"line":137,"column":26},"end":{"line":137,"column":null}},"47":{"start":{"line":138,"column":19},"end":{"line":138,"column":null}},"48":{"start":{"line":139,"column":6},"end":{"line":139,"column":null}},"49":{"start":{"line":140,"column":6},"end":{"line":140,"column":null}},"50":{"start":{"line":141,"column":6},"end":{"line":141,"column":null}},"51":{"start":{"line":142,"column":6},"end":{"line":142,"column":null}},"52":{"start":{"line":143,"column":6},"end":{"line":143,"column":null}},"53":{"start":{"line":144,"column":6},"end":{"line":144,"column":null}},"54":{"start":{"line":146,"column":6},"end":{"line":149,"column":null}},"55":{"start":{"line":151,"column":6},"end":{"line":151,"column":null}},"56":{"start":{"line":152,"column":6},"end":{"line":156,"column":null}},"57":{"start":{"line":158,"column":6},"end":{"line":158,"column":null}},"58":{"start":{"line":162,"column":27},"end":{"line":167,"column":null}},"59":{"start":{"line":163,"column":18},"end":{"line":163,"column":49}},"60":{"start":{"line":164,"column":4},"end":{"line":166,"column":null}},"61":{"start":{"line":165,"column":6},"end":{"line":165,"column":null}},"62":{"start":{"line":169,"column":36},"end":{"line":183,"column":null}},"63":{"start":{"line":171,"column":24},"end":{"line":171,"column":null}},"64":{"start":{"line":172,"column":4},"end":{"line":172,"column":null}},"65":{"start":{"line":174,"column":4},"end":{"line":182,"column":null}},"66":{"start":{"line":175,"column":6},"end":{"line":175,"column":null}},"67":{"start":{"line":177,"column":6},"end":{"line":181,"column":null}},"68":{"start":{"line":185,"column":26},"end":{"line":193,"column":null}},"69":{"start":{"line":186,"column":21},"end":{"line":186,"column":55}},"70":{"start":{"line":187,"column":4},"end":{"line":192,"column":null}},"71":{"start":{"line":188,"column":20},"end":{"line":188,"column":null}},"72":{"start":{"line":189,"column":6},"end":{"line":189,"column":null}},"73":{"start":{"line":190,"column":6},"end":{"line":190,"column":null}},"74":{"start":{"line":191,"column":6},"end":{"line":191,"column":null}},"75":{"start":{"line":191,"column":28},"end":{"line":191,"column":null}},"76":{"start":{"line":406,"column":47},"end":{"line":406,"column":null}},"77":{"start":{"line":407,"column":24},"end":{"line":409,"column":null}},"78":{"start":{"line":408,"column":26},"end":{"line":408,"column":null}},"79":{"start":{"line":451,"column":35},"end":{"line":451,"column":69}},"80":{"start":{"line":452,"column":18},"end":{"line":452,"column":null}},"81":{"start":{"line":452,"column":33},"end":{"line":452,"column":null}},"82":{"start":{"line":461,"column":40},"end":{"line":461,"column":null}},"83":{"start":{"line":494,"column":39},"end":{"line":494,"column":null}},"84":{"start":{"line":521,"column":35},"end":{"line":521,"column":null}},"85":{"start":{"line":607,"column":34},"end":{"line":607,"column":65}},"86":{"start":{"line":608,"column":20},"end":{"line":610,"column":null}},"87":{"start":{"line":609,"column":22},"end":{"line":609,"column":null}}},"fnMap":{"0":{"name":"AdminCandleDetailModal","decl":{"start":{"line":47,"column":16},"end":{"line":47,"column":39}},"loc":{"start":{"line":51,"column":30},"end":{"line":632,"column":null}}},"1":{"name":"(anonymous_3)","decl":{"start":{"line":59,"column":12},"end":{"line":59,"column":null}},"loc":{"start":{"line":59,"column":12},"end":{"line":82,"column":5}}},"2":{"name":"(anonymous_4)","decl":{"start":{"line":60,"column":36},"end":{"line":60,"column":null}},"loc":{"start":{"line":60,"column":36},"end":{"line":79,"column":null}}},"3":{"name":"(anonymous_5)","decl":{"start":{"line":105,"column":21},"end":{"line":105,"column":22}},"loc":{"start":{"line":105,"column":22},"end":{"line":113,"column":null}}},"4":{"name":"(anonymous_6)","decl":{"start":{"line":116,"column":23},"end":{"line":116,"column":24}},"loc":{"start":{"line":116,"column":24},"end":{"line":118,"column":null}}},"5":{"name":"(anonymous_7)","decl":{"start":{"line":121,"column":28},"end":{"line":121,"column":29}},"loc":{"start":{"line":121,"column":29},"end":{"line":124,"column":null}}},"6":{"name":"(anonymous_8)","decl":{"start":{"line":127,"column":29},"end":{"line":127,"column":30}},"loc":{"start":{"line":127,"column":30},"end":{"line":129,"column":null}}},"7":{"name":"(anonymous_9)","decl":{"start":{"line":132,"column":24},"end":{"line":132,"column":31}},"loc":{"start":{"line":132,"column":44},"end":{"line":160,"column":null}}},"8":{"name":"(anonymous_10)","decl":{"start":{"line":162,"column":27},"end":{"line":162,"column":null}},"loc":{"start":{"line":162,"column":27},"end":{"line":167,"column":null}}},"9":{"name":"(anonymous_11)","decl":{"start":{"line":169,"column":36},"end":{"line":169,"column":null}},"loc":{"start":{"line":169,"column":36},"end":{"line":183,"column":null}}},"10":{"name":"(anonymous_12)","decl":{"start":{"line":185,"column":26},"end":{"line":185,"column":null}},"loc":{"start":{"line":185,"column":26},"end":{"line":193,"column":null}}},"11":{"name":"(anonymous_13)","decl":{"start":{"line":191,"column":22},"end":{"line":191,"column":28}},"loc":{"start":{"line":191,"column":28},"end":{"line":191,"column":null}}},"12":{"name":"(anonymous_14)","decl":{"start":{"line":405,"column":31},"end":{"line":405,"column":null}},"loc":{"start":{"line":405,"column":31},"end":{"line":410,"column":null}}},"13":{"name":"(anonymous_15)","decl":{"start":{"line":450,"column":18},"end":{"line":450,"column":null}},"loc":{"start":{"line":450,"column":18},"end":{"line":503,"column":null}}},"14":{"name":"(anonymous_16)","decl":{"start":{"line":460,"column":24},"end":{"line":460,"column":null}},"loc":{"start":{"line":460,"column":24},"end":{"line":477,"column":null}}},"15":{"name":"(anonymous_17)","decl":{"start":{"line":494,"column":33},"end":{"line":494,"column":39}},"loc":{"start":{"line
[...]
start":{"line":498,"column":10},"end":{"line":499,"column":null}},"type":"if","locations":[{"start":{"line":498,"column":10},"end":{"line":499,"column":null}}]},"23":{"loc":{"start":{"line":501,"column":8},"end":{"line":501,"column":null}},"type":"if","locations":[{"start":{"line":501,"column":8},"end":{"line":501,"column":null}}]},"24":{"loc":{"start":{"line":502,"column":8},"end":{"line":503,"column":null}},"type":"if","locations":[{"start":{"line":502,"column":8},"end":{"line":503,"column":null}}]},"25":{"loc":{"start":{"line":505,"column":22},"end":{"line":505,"column":null}},"type":"cond-expr","locations":[{"start":{"line":505,"column":42},"end":{"line":505,"column":65}},{"start":{"line":505,"column":68},"end":{"line":505,"column":null}}]},"26":{"loc":{"start":{"line":507,"column":8},"end":{"line":526,"column":null}},"type":"switch","locations":[{"start":{"line":508,"column":10},"end":{"line":509,"column":null}},{"start":{"line":510,"column":10},"end":{"line":511,"column":null}},{"start":{"line":512,"column":10},"end":{"line":513,"column":null}},{"start":{"line":514,"column":10},"end":{"line":515,"column":null}},{"start":{"line":516,"column":10},"end":{"line":517,"column":null}},{"start":{"line":518,"column":10},"end":{"line":519,"column":null}},{"start":{"line":520,"column":10},"end":{"line":521,"column":null}},{"start":{"line":522,"column":10},"end":{"line":523,"column":null}},{"start":{"line":524,"column":10},"end":{"line":525,"column":null}}]},"27":{"loc":{"start":{"line":532,"column":8},"end":{"line":551,"column":null}},"type":"switch","locations":[{"start":{"line":533,"column":10},"end":{"line":534,"column":null}},{"start":{"line":535,"column":10},"end":{"line":536,"column":null}},{"start":{"line":537,"column":10},"end":{"line":538,"column":null}},{"start":{"line":539,"column":10},"end":{"line":540,"column":null}},{"start":{"line":541,"column":10},"end":{"line":542,"column":null}},{"start":{"line":543,"column":10},"end":{"line":544,"column":43}},{"start":{"line":545,"column":10},"end":{"line":546,"column":43}},{"start":{"line":547,"column":10},"end":{"line":548,"column":46}},{"start":{"line":549,"column":10},"end":{"line":550,"column":null}}]},"28":{"loc":{"start":{"line":559,"column":8},"end":{"line":561,"column":null}},"type":"if","locations":[{"start":{"line":559,"column":8},"end":{"line":561,"column":null}}]},"29":{"loc":{"start":{"line":566,"column":10},"end":{"line":570,"column":null}},"type":"if","locations":[{"start":{"line":566,"column":10},"end":{"line":570,"column":null}},{"start":{"line":568,"column":17},"end":{"line":570,"column":null}}]},"30":{"loc":{"start":{"line":585,"column":8},"end":{"line":604,"column":null}},"type":"switch","locations":[{"start":{"line":586,"column":10},"end":{"line":587,"column":null}},{"start":{"line":588,"column":10},"end":{"line":589,"column":null}},{"start":{"line":590,"column":10},"end":{"line":591,"column":null}},{"start":{"line":592,"column":10},"end":{"line":593,"column":null}},{"start":{"line":594,"column":10},"end":{"line":595,"column":null}},{"start":{"line":596,"column":10},"end":{"line":597,"column":null}},{"start":{"line":598,"column":10},"end":{"line":599,"column":null}},{"start":{"line":600,"column":10},"end":{"line":601,"column":null}},{"start":{"line":602,"column":10},"end":{"line":603,"column":null}}]},"31":{"loc":{"start":{"line":644,"column":8},"end":{"line":663,"column":null}},"type":"if","locations":[{"start":{"line":644,"column":8},"end":{"line":663,"column":null}}]},"32":{"loc":{"start":{"line":645,"column":10},"end":{"line":662,"column":null}},"type":"if","locations":[{"start":{"line":645,"column":10},"end":{"line":662,"column":null}},{"start":{"line":659,"column":17},"end":{"line":662,"column":null}}]},"33":{"loc":{"start":{"line":648,"column":41},"end":{"line":648,"column":77}},"type":"binary-expr","locations":[{"start":{"line":648,"column":41},"end":{"line":648,"column":52}},{"start":{"line":648,"column":52},"end":{"line":648,"column":77}}]},"34":{"loc":{"start":{"line":653,"column":28},"end":{"line":653,"column":null}},"type":"cond-expr","locations":[{"start":{"line":653,"column":51},"end":{"line":653,"column":61}},{"start":{"line":653,"column":61},"end":{"line":653,"column":null}}]},"35":{"loc":{"start":{"line":655,"column":24},"end":{"line":657,"column":null}},"type":"cond-expr","locations":[{"start":{"line":656,"column":18},"end":{"line":656,"column":38}},{"start":{"line":657,"column":18},"end":{"line":657,"column":null}}]},"36":{"loc":{"start":{"line":666,"column":8},"end":{"line":701,"column":null}},"type":"if","locations":[{"start":{"line":666,"column":8},"end":{"line":701,"column":null}}]},"37":{"loc":{"start":{"line":669,"column":10},"end":{"line":700,"column":null}},"type":"if","locations":[{"start":{"line":669,"column":10},"end":{"line":700,"column":null}},{"start":{"line":693,"column":17},"end":{"line":700,"column":null}}]},"38":{"loc":{"start":{"line":670,"column":12},"end":{"line":671,"column":42}},"type":"binary-expr","locations":[{"start":{"line":670,"column":12},"end":{"line":670,"column":null}},{"start":{"line":671,"column":12},"end":{"line":671,"column":42}}]},"39":{"loc":{"start":{"line":675,"column":14},"end":{"line":677,"column":null}},"type":"cond-expr","locations":[{"start":{"line":676,"column":18},"end":{"line":676,"column":53}},{"start":{"line":677,"column":18},"end":{"line":677,"column":null}}]},"40":{"loc":{"start":{"line":679,"column":12},"end":{"line":692,"column":null}},"type":"if","locations":[{"start":{"line":679,"column":12},"end":{"line":692,"column":null}},{"start":{"line":685,"column":19},"end":{"line":692,"column":null}}]},"41":{"loc":{"start":{"line":679,"column":16},"end":{"line":679,"column":56}},"type":"binary-expr","locations":[{"start":{"line":679,"column":16},"end":{"line":679,"column":32}},{"start":{"line":679,"column":32},"end":{"line":679,"column":56}}]},"42":{"loc":{"start":{"line":707,"column":8},"end":{"line":718,"column":null}},"type":"if","locations":[{"start":{"line":707,"column":8},"end":{"line":718,"column":null}},{"start":{"line":715,"column":15},"end":{"line":718,"column":null}}]},"43":{"loc":{"start":{"line":715,"column":15},"end":{"line":718,"column":null}},"type":"if","locations":[{"start":{"line":715,"column":15},"end":{"line":718,"column":null}}]}},"s":{"0":250,"1":1,"2":1,"3":1,"4":1,"5":1,"6":6,"7":6,"8":2,"9":2,"10":1,"11":2,"12":2,"13":2,"14":1,"15":2,"16":2,"17":2,"18":1,"19":1,"20":1,"21":1,"22":1,"23":1,"24":4,"25":4,"26":2,"27":2,"28":1,"29":1,"30":1,"31":1,"32":3,"33":0,"34":0,"35":0,"36":0,"37":0,"38":0,"39":0,"40":2,"41":1,"42":4,"43":4,"44":4,"45":2,"46":2,"47":1,"48":4,"49":0,"50":0,"51":0,"52":0,"53":0,"54":0,"55":0,"56":3,"57":1,"58":1,"59":1,"60":1,"61":1,"62":19,"63":19,"64":1,"65":18,"66":2,"67":1,"68":2,"69":2,"70":2,"71":2,"72":3,"73":2,"74":2,"75":11,"76":11,"77":11,"78":9,"79":11,"80":0,"81":11,"82":9,"83":11,"84":9,"85":11,"86":9,"87":9,"88":9,"89":11,"90":9,"91":11,"92":9,"93":11,"94":11,"95":2,"96":1,"97":1,"98":1,"99":1,"100":1,"101":1,"102":1,"103":2,"104":65,"105":65,"106":12,"107":10,"108":9,"109":8,"110":7,"111":7,"112":5,"113":5,"114":2,"115":10,"116":10,"117":0,"118":10,"119":10,"120":10,"121":45,"122":36,"123":9,"124":10,"125":1,"126":9,"127":9,"128":9,"129":2,"130":0,"131":1,"132":1,"133":1,"134":1,"135":1,"136":1,"137":1,"138":127,"139":127,"140":18,"141":2,"142":2,"143":2,"144":16,"145":127,"146":11,"147":0,"148":0,"149":0,"150":0,"151":11,"152":127,"153":2,"154":3,"155":1,"156":1,"157":1,"158":0,"159":2,"160":2},"f":{"0":1,"1":6,"2":2,"3":2,"4":2,"5":1,"6":1,"7":1,"8":1,"9":1,"10":4,"11":2,"12":1,"13":4,"14":3,"15":1,"16":1,"17":1,"18":1,"19":1,"20":19,"21":11,"22":65,"23":10,"24":1,"25":9,"26":127,"27":2,"28":3},"b":{"0":[1],"1":[1],"2":[1],"3":[2],"4":[4,2],"5":[1],"6":[2,1],"7":[0],"8":[0,0],"9":[2],"10":[4,2],"11":[3,1],"12":[0],"13":[1,2],"14":[1],"15":[19,19],"16":[2,1,2,2,2,2,3,2,2],"17":[9],"18":[0],"19":[9],"20":[9],"21":[9],"22":[9],"23":[9],"24":[9],"25":[9,2],"26":[2,1,1,1,1,1,1,1,2],"27":[12,10,9,8,7,7,5,5,2],"28":[0],"29":[36,9],"30":[2,0,1,1,1,1,1,1,1],"31":[18],"32":[2,16],"33":[2,1],"34":[1,1],"35":[1,1],"36":[11],"37":[0,11],"38":[11,11],"39":[0,0],"40":[0,0],"41":[0,0],"42":[1,2],"43":[2]}}
,"C:\\Universidad\\Semestre VII\\Compunet III\\AromaLife\\frontend-aromalife-adn\\stores\\users-store.ts": {"path":"C:\\Universidad\\Semestre VII\\Compunet III\\AromaLife\\frontend-aromalife-adn\\stores\\users-store.ts","statementMap":{"0":{"start":{"line":27,"column":13},"end":{"line":27,"column":31}},"1":{"start":{"line":81,"column":13},"end":{"line":81,"column":32}},"2":{"start":{"line":1,"column":23},"end":{"line":1,"column":null}},"3":{"start":{"line":2,"column":28},"end":{"line":2,"column":null}},"4":{"start":{"line":4,"column":29},"end":{"line":4,"column":null}},"5":{"start":{"line":27,"column":34},"end":{"line":79,"column":null}},"6":{"start":{"line":27,"column":68},"end":{"line":79,"column":null}},"7":{"start":{"line":31,"column":4},"end":{"line":31,"column":null}},"8":{"start":{"line":32,"column":4},"end":{"line":38,"column":null}},"9":{"start":{"line":33,"column":20},"end":{"line":33,"column":null}},"10":{"start":{"line":34,"column":6},"end":{"line":34,"column":null}},"11":{"start":{"line":36,"column":6},"end":{"line":36,"column":null}},"12":{"start":{"line":37,"column":6},"end":{"line":37,"column":null}},"13":{"start":{"line":41,"column":4},"end":{"line":41,"column":null}},"14":{"start":{"line":42,"column":4},"end":{"line":51,"column":null}},"15":{"start":{"line":43,"column":26},"end":{"line":43,"column":null}},"16":{"start":{"line":44,"column":6},"end":{"line":47,"column":null}},"17":{"start":{"line":44,"column":22},"end":{"line":47,"column":null}},"18":{"start":{"line":45,"column":42},"end":{"line":45,"column":null}},"19":{"start":{"line":49,"column":6},"end":{"line":49,"column":null}},"20":{"start":{"line":50,"column":6},"end":{"line":50,"column":null}},"21":{"start":{"line":54,"column":4},"end":{"line":54,"column":null}},"22":{"start":{"line":55,"column":4},"end":{"line":64,"column":null}},"23":{"start":{"line":56,"column":26},"end":{"line":56,"column":null}},"24":{"start":{"line":57,"column":6},"end":{"line":60,"column":null}},"25":{"start":{"line":57,"column":22},"end":{"line":60,"column":null}},"26":{"start":{"line":58,"column":42},"end":{"line":58,"column":null}},"27":{"start":{"line":62,"column":6},"end":{"line":62,"column":null}},"28":{"start":{"line":63,"column":6},"end":{"line":63,"column":null}},"29":{"start":{"line":67,"column":4},"end":{"line":67,"column":null}},"30":{"start":{"line":68,"column":4},"end":{"line":77,"column":null}},"31":{"start":{"line":69,"column":6},"end":{"line":69,"column":null}},"32":{"start":{"line":70,"column":6},"end":{"line":73,"column":null}},"33":{"start":{"line":70,"column":22},"end":{"line":73,"column":null}},"34":{"start":{"line":71,"column":44},"end":{"line":71,"column":null}},"35":{"start":{"line":75,"column":6},"end":{"line":75,"column":null}},"36":{"start":{"line":76,"column":6},"end":{"line":76,"column":null}},"37":{"start":{"line":81,"column":35},"end":{"line":145,"column":null}},"38":{"start":{"line":81,"column":70},"end":{"line":145,"column":null}},"39":{"start":{"line":87,"column":4},"end":{"line":87,"column":null}},"40":{"start":{"line":88,"column":4},"end":{"line":95,"column":null}},"41":{"start":{"line":89,"column":19},"end":{"line":89,"column":null}},"42":{"start":{"line":90,"column":6},"end":{"line":90,"column":null}},"43":{"start":{"line":92,"column":27},"end":{"line":92,"column":null}},"44":{"start":{"line":93,"column":6},"end":{"line":93,"column":null}},"45":{"start":{"line":94,"column":6},"end":{"line":94,"column":null}},"46":{"start":{"line":98,"column":4},"end":{"line":98,"column":null}},"47":{"start":{"line":99,"column":4},"end":{"line":106,"column":null}},"48":{"start":{"line":100,"column":26},"end":{"line":100,"column":null}},"49":{"start":{"line":101,"column":6},"end":{"line":101,"column":null}},"50":{"start":{"line":103,"column":27},"end":{"line":103,"column":null}},"51":{"start":{"line":104,"column":6},"end":{"line":104,"column":null}},"52":{"start":{"line":105,"column":6},"end":{"line":105,"column":null}},"53":{"start":{"line":109,"column":4},"end":{"line":109,"column":null}},"54":{"start":{"line":110,"column":4},"end":{"line":123,"column":null}},"55":{"start":{"line":111,"column":26},"end":{"line":111,"column":null}},"56":{"start":{"line":112,"column":6},"end":{"line":112,"column":null}},"57":{"start":{"line":115,"column":40},"end":{"line":115,"column":null}},"58":{"start":{"line":116,"column":6},"end":{"line":118,"column":null}},"59":{"start":{"line":117,"column":8},"end":{"line":117,"column":null}},"60":{"start":{"line":120,"column":27},"end":{"line":120,"column":null}},"61":{"start":{"line":121,"column":6},"end":{"line":121,"column":null}},"62":{"start":{"line":122,"column":6},"end":{"line":122,"column":null}},"63":{"start":{"line":126,"column":4},"end":{"line":126,"column":null}},"64":{"start":{"line":127,"column":4},"end":{"line":140,"column":null}},"65":{"start":{"line":128,"column":26},"end":{"line":128,"column":null}},"66":{"start":{"line":129,"column":6},"end":{"line":129,"column":null}},"67":{"start":{"line":132,"column":40},"end":{"line":132,"column":null}},"68":{"start":{"line":133,"column":6},"end":{"line":135,"column":null}},"69":{"start":{"line":134,"column":8},"end":{"line":134,"column":null}},"70":{"start":{"line":137,"column":27},"end":{"line":137,"column":null}},"71":{"start":{"line":138,"column":6},"end":{"line":138,"column":null}},"72":{"start":{"line":139,"column":6},"end":{"line":139,"column":null}},"73":{"start":{"line":143,"column":4},"end":{"line":143,"column":null}}},"fnMap":{"0":{"name":"(anonymous_3)","decl":{"start":{"line":27,"column":58},"end":{"line":27,"column":59}},"loc":{"start":{"line":27,"column":68},"end":{"line":79,"column":null}}},"1":{"name":"(anonymous_4)","decl":{"start":{"line":30,"column":14},"end":{"line":30,"column":null}},"loc":{"start":{"line":30,"column":14},"end":{"line":39,"column":null}}},"2":{"name":"(anonymous_5)","decl":{"start":{"line":40,"column":14},"end":{"line":40,"column":21}},"loc":{"start":{"line":40,"column":33},"end":{"line":52,"column":null}}},"3":{"name":"(anonymous_6)","decl":{"start":{"line":44,"column":10},"end":{"line":44,"column":11}},"loc":{"start":{"line":44,"column":22},"end":{"line":47,"column":null}}},"4":{"name":"(anonymous_7)","decl":{"start":{"line":45,"column":31},"end":{"line":45,"column":32}},"loc":{"start":{"line":45,"column":42},"end":{"line":45,"column":null}}},"5":{"name":"(anonymous_8)","decl":{"start":{"line":53,"column":19},"end":{"line":53,"column":26}},"loc":{"start":{"line":53,"column":38},"end":{"line":65,"column":null}}},"6":{"name":"(anonymous_9)","decl":{"start":{"line":57,"column":10},"end":{"line":57,"column":11}},"loc":{"start":{"line":57,"column":22},"end":{"line":60,"column":null}}},"7":{"name":"(anonymous_10)","decl":{"start":{"line":58,"column":31},"end":{"line":58,"column":32}},"loc":{"start":{"line":58,"column":42},"end":{"line":58,"column":null}}},"8":{"name":"(anonymous_11)","decl":{"start":{"line":66,"column":14},"end":{"line":66,"column":21}},"loc":{"start":{"line":66,"column":21},"end":{"line":78,"column":null}}},"9":{"name":"(anonymous_12)","decl":{"start":{"line":70,"column":10},"end":{"line":70,"column":11}},"loc":{"start":{"line":70,"column":22},"end":{"line":73,"column":null}}},"10":{"name":"(anonymous_13)","decl":{"start":{"line":71,"column":34},"end":{"line":71,"column":35}},"loc":{"start":{"line":71,"column":44},"end":{"line":71,"column":null}}},"11":{"name":"(anonymous_14)","decl":{"start":{"line":81,"column":60},"end":{"line":81,"column":61}},"loc":{"start":{"line":81,"column":70},"end":{"line":145,"column":null}}},"12":{"name":"(anonymous_15)","decl":{"start":{"line":86,"column":13},"end":{"line":86,"column":20}},"loc":{"start":{"line":86,"column":20},"end":{"line":96,"column":null}}},"13":{"name":"(anonymous_16)","decl":{"start":{"line":97,"column":17},"end":{"line":97,"column":24}},"loc":{"start":{"line":97,"column":36},"end":{"line":107,"column":null}}},"14":{"name":"(anonymous_17)","decl":{"start":{"line":108,"column":24},"end":{"line":108,"column":31}},"loc":{"start":{"line":108,"column":43},"end":{"line":124,"column":null}}},"15":{"name":"(anonymous_18)","decl":{"start":{"line":125,"column":24},"end":{"line":125,"column":31}},"loc":{"start":{"line":125,"column":31},"end":{"line":141,"column":null}}},"16":{"name":"(anonymous_19)","decl":{"start":{"line":142,"column":13},"end":{"line":142,"column":null}},"loc":{"start":{"line":142,"column":13},"end":{"line":144,"column":null}}}},"branchMap":{"0":{"loc":{"start":{"line":45,"column":42},"end":{"line":45,"column":null}},"type":"cond-expr","locations":[{"start":{"line":45,"column":59},"end":{"line":45,"column":73}},{"start":{"line":45,"column":73},"end":{"line":45,"column":null}}]},"1":{"loc":{"start":{"line":58,"column":42},"end":{"line":58,"column":null}},"type":"cond-expr","locations":[{"start":{"line":58,"column":59},"end":{"line":58,"column":73}},{"start":{"line":58,"column":73},"end":{"line":58,"column":null}}]},"2":{"loc":{"start":{"line":92,"column":27},"end":{"line":92,"column":null}},"type":"cond-expr","locations":[{"start":{"line":92,"column":52},"end":{"line":92,"column":65}},{"start":{"line":92,"column":68},"end":{"line":92,"column":null}}]},"3":{"loc":{"start":{"line":103,"column":27},"end":{"line":103,"column":null}},"type":"cond-expr","locations":[{"start":{"line":103,"column":52},"end":{"line":103,"column":65}},{"start":{"line":103,"column":68},"end":{"line":103,"column":null}}]},"4":{"loc":{"start":{"line":116,"column":6},"end":{"line":118,"column":null}},"type":"if","locations":[{"start":{"line":116,"column":6},"end":{"line":118,"column":null}}]},"5":{"loc":{"start":{"line":116,"column":10},"end":{"line":116,"column":56}},"type":"binary-expr","locations":[{"start":{"line":116,"column":10},"end":{"line":116,"column":29}},{"start":{"line":116,"column":29},"end":{"line":116,"column":56}}]},"6":{"loc":{"start":{"line":117,"column":53},"end":{"line":117,"column":null}},"type":"binary-expr","locations":[{"start":{"line":117,"column":53},"end":{"line":117,"column":79}},{"start":{"line":117,"column":83},"end":{"line":117,"column":null}}]},"7":{"loc":{"start":{"line":120,"column":27},"end":{"line":120,"column":null}},"type":"cond-expr","locations":[{"start":{"line":120,"column":52},"end":{"line":120,"column":65}},{"start":{"line":120,"column":68},"end":{"line":120,"column":null}}]},"8":{"loc":{"start":{"line":133,"column":6},"end":{"line":135,"column":null}},"type":"if","locations":[{"start":{"line":133,"column":6},"end":{"line":135,"column":null}}]},"9":{"loc":{"start":{"line":133,"column":10},"end":{"line":133,"column":56}},"type":"binary-expr","locations":[{"start":{"line":133,"column":10},"end":{"line":133,"column":29}},{"start":{"line":133,"column":29},"end":{"line":133,"column":56}}]},"10":{"loc":{"start":{"line":137,"column":27},"end":{"line":137,"column":null}},"type":"cond-expr","locations":[{"start":{"line":137,"column":52},"end":{"line":137,"column":65}},{"start":{"line":137,"column":68},"end":{"line":137,"column":null}}]}},"s":{"0":28,"1":26,"2":2,"3":2,"4":2,"5":2,"6":2,"7":3,"8":3,"9":3,"10":2,"11":1,"12":1,"13":2,"14":2,"15":2,"16":1,"17":1,"18":1,"19":1,"20":1,"21":1,"22":1,"23":1,"24":1,"25":1,"26":1,"27":0,"28":0,"29":2,"30":2,"31":2,"32":1,"33":1,"34":2,"35":1,"36":1,"37":2,"38":2,"39":2,"40":2,"41":2,"42":1,"43":1,"44":1,"45":1,"46":2,"47":2,"48":2,"49":1,"50":1,"51":1,"52":1,"53":2,"54":2,"55":2,"56":1,"57":1,"58":1,"59":1,"60":1,"61":1,"62":1,"63":1,"64":1,"65":1,"66":1,"67":1,"68":1,"69":1,"70":0,"71":0,"72":0,"73":1},"f":{"0":2,"1":3,"2":2,"3":1,"4":1,"5":1,"6":1,"7":1,"8":2,"9":1,"10":2,"11":2,"12":2,"13":2,"14":2,"15":1,"16":1},"b":{"0":[1,0],"1":[1,0],"2":[1,0],"3":[1,0],"4":[1],"5":[1,1],"6":[1,0],"7":[1,0],"8":[1],"9":[1,1],"10":[0,0]}}
}
