TN:
SF:components\test-select.tsx
FN:13,TestSelect
FN:24,(anonymous_6)
FN:26,(anonymous_7)
FN:33,(anonymous_8)
FNF:4
FNH:4
FNDA:12,TestSelect
FNDA:4,(anonymous_6)
FNDA:33,(anonymous_7)
FNDA:21,(anonymous_8)
DA:3,1
DA:4,1
DA:6,1
DA:13,8
DA:14,12
DA:24,4
DA:26,33
DA:33,21
LF:8
LH:8
BRDA:24,0,0,4
BRDA:24,0,1,0
BRDA:40,1,0,12
BRDA:40,1,1,8
BRF:4
BRH:3
end_of_record
TN:
SF:components\theme-provider.tsx
FN:9,ThemeProvider
FNF:1
FNH:1
FNDA:3,ThemeProvider
DA:3,1
DA:7,1
DA:9,3
LF:3
LH:3
BRF:0
BRH:0
end_of_record
TN:
SF:components\3d\candle-viewer.tsx
FN:28,(anonymous_4)
FN:36,(anonymous_5)
FN:40,(anonymous_6)
FN:45,(anonymous_7)
FN:72,(anonymous_8)
FN:86,LabelWithImage
FN:98,(anonymous_10)
FN:107,(anonymous_11)
FN:113,(anonymous_12)
FN:196,CandleModel
FN:213,(anonymous_14)
FN:217,(anonymous_15)
FN:228,(anonymous_16)
FN:254,(anonymous_17)
FN:261,(anonymous_18)
FN:459,(anonymous_19)
FN:526,LoadingFallback
FN:542,CandleViewer
FN:557,(anonymous_22)
FN:591,(anonymous_23)
FN:610,(anonymous_24)
FNF:21
FNH:10
FNDA:27,(anonymous_4)
FNDA:0,(anonymous_5)
FNDA:0,(anonymous_6)
FNDA:30,(anonymous_7)
FNDA:0,(anonymous_8)
FNDA:3,LabelWithImage
FNDA:3,(anonymous_10)
FNDA:0,(anonymous_11)
FNDA:0,(anonymous_12)
FNDA:30,CandleModel
FNDA:30,(anonymous_14)
FNDA:0,(anonymous_15)
FNDA:0,(anonymous_16)
FNDA:0,(anonymous_17)
FNDA:30,(anonymous_18)
FNDA:3,(anonymous_19)
FNDA:0,LoadingFallback
FNDA:30,CandleViewer
FNDA:0,(anonymous_22)
FNDA:0,(anonymous_23)
FNDA:30,(anonymous_24)
DA:3,1
DA:4,1
DA:5,1
DA:6,1
DA:7,1
DA:32,27
DA:33,27
DA:37,0
DA:41,0
DA:42,0
DA:46,30
DA:72,0
DA:82,30
DA:95,3
DA:96,3
DA:98,3
DA:99,3
DA:100,0
DA:101,0
DA:102,0
DA:104,3
DA:105,3
DA:108,0
DA:109,0
DA:110,0
DA:114,0
DA:115,0
DA:120,3
DA:147,3
DA:174,0
DA:205,30
DA:206,30
DA:207,30
DA:210,30
DA:213,30
DA:214,30
DA:215,30
DA:218,0
DA:219,0
DA:222,0
DA:223,0
DA:224,0
DA:226,0
DA:227,0
DA:228,0
DA:229,0
DA:230,0
DA:231,0
DA:236,0
DA:237,0
DA:238,0
DA:245,0
DA:249,0
DA:250,0
DA:255,0
DA:256,0
DA:261,30
DA:262,30
DA:263,30
DA:264,30
DA:268,30
DA:273,30
DA:274,30
DA:275,30
DA:276,30
DA:278,30
DA:279,30
DA:280,30
DA:281,3
DA:282,3
DA:283,3
DA:286,30
DA:287,30
DA:288,30
DA:290,3
DA:291,3
DA:292,3
DA:295,30
DA:296,30
DA:297,30
DA:299,4
DA:300,4
DA:301,4
DA:305,30
DA:306,30
DA:307,30
DA:310,30
DA:460,3
DA:461,3
DA:462,3
DA:463,3
DA:464,3
DA:465,3
DA:466,3
DA:467,3
DA:469,3
DA:470,3
DA:490,3
DA:492,3
DA:494,3
DA:495,3
DA:496,51
DA:497,867
DA:498,498
DA:508,3
DA:510,0
DA:511,0
DA:512,0
DA:513,0
DA:514,0
DA:542,30
DA:555,30
DA:557,30
DA:558,0
DA:559,0
DA:562,30
DA:591,0
DA:610,30
LF:118
LH:78
BRDA:46,0,0,0
BRDA:99,1,0,0
BRDA:120,2,0,0
BRDA:120,3,0,3
BRDA:120,3,1,0
BRDA:147,4,0,3
BRDA:147,5,0,3
BRDA:147,5,1,3
BRDA:174,6,0,0
BRDA:197,7,0,0
BRDA:201,8,0,0
BRDA:202,9,0,0
BRDA:210,10,0,30
BRDA:210,10,1,27
BRDA:230,11,0,0
BRDA:231,12,0,0
BRDA:232,13,0,0
BRDA:232,13,1,0
BRDA:232,13,2,0
BRDA:236,14,0,0
BRDA:263,15,0,30
BRDA:280,16,0,3
BRDA:288,17,0,3
BRDA:288,18,0,30
BRDA:288,18,1,4
BRDA:297,19,0,4
BRDA:310,20,0,0
BRDA:327,21,0,0
BRDA:337,22,0,0
BRDA:337,22,1,0
BRDA:351,23,0,0
BRDA:379,24,0,30
BRDA:388,25,0,30
BRDA:399,26,0,30
BRDA:399,26,1,4
BRDA:417,27,0,30
BRDA:447,28,0,30
BRDA:463,29,0,3
BRDA:497,30,0,498
BRDA:543,31,0,23
BRDA:547,32,0,26
BRDA:548,33,0,27
BRDA:549,34,0,28
BRDA:550,35,0,28
BRDA:551,36,0,27
BRDA:552,37,0,28
BRDA:562,38,0,0
BRF:47
BRH:27
end_of_record
TN:
SF:components\admin\admin-sidebar.tsx
FN:29,AdminSidebar
FNF:1
FNH:1
FNDA:15,AdminSidebar
DA:3,1
DA:4,1
DA:5,1
DA:6,1
DA:20,1
DA:25,1
DA:26,1
DA:27,1
DA:29,14
DA:30,15
DA:31,15
LF:11
LH:11
BRDA:43,0,0,8
BRDA:43,0,1,7
BRDA:53,1,0,1
BRDA:53,1,1,14
BRDA:78,2,0,15
BRDA:78,2,1,14
BRDA:86,3,0,1
BRDA:86,3,1,14
BRDA:95,4,0,0
BRDA:95,4,1,15
BRDA:104,5,0,1
BRDA:104,5,1,14
BRDA:113,6,0,1
BRDA:113,6,1,14
BRDA:122,7,0,1
BRDA:122,7,1,14
BRDA:130,8,0,0
BRDA:130,8,1,15
BRDA:139,9,0,1
BRDA:139,9,1,14
BRDA:148,10,0,1
BRDA:148,10,1,14
BRDA:157,11,0,0
BRDA:157,11,1,15
BRF:24
BRH:21
end_of_record
TN:
SF:components\aromas\aroma-form.tsx
FN:14,AromaForm
FN:26,(anonymous_2)
FN:45,(anonymous_3)
FN:55,(anonymous_4)
FN:67,(anonymous_5)
FN:74,(anonymous_6)
FN:92,(anonymous_7)
FN:106,(anonymous_8)
FN:120,(anonymous_9)
FNF:9
FNH:8
FNDA:221,AromaForm
FNDA:3,(anonymous_2)
FNDA:44,(anonymous_3)
FNDA:69,(anonymous_4)
FNDA:0,(anonymous_5)
FNDA:16,(anonymous_6)
FNDA:36,(anonymous_7)
FNDA:16,(anonymous_8)
FNDA:28,(anonymous_9)
DA:1,1
DA:2,1
DA:3,1
DA:4,1
DA:5,1
DA:14,12
DA:15,221
DA:26,221
DA:27,3
DA:28,3
DA:29,3
DA:31,2
DA:45,44
DA:55,69
DA:67,0
DA:74,16
DA:92,36
DA:106,16
DA:120,28
LF:19
LH:18
BRDA:16,0,0,221
BRDA:16,0,1,220
BRDA:17,1,0,221
BRDA:17,1,1,220
BRDA:18,2,0,221
BRDA:18,2,1,220
BRDA:19,3,0,221
BRDA:19,3,1,220
BRDA:131,4,0,1
BRDA:131,4,1,220
BRDA:131,5,0,1
BRDA:131,5,1,219
BRF:12
BRH:12
end_of_record
TN:
SF:components\aromas\aromas-table.tsx
FN:30,AromasTable
FN:33,(anonymous_2)
FN:67,(anonymous_3)
FN:93,(anonymous_4)
FN:100,(anonymous_5)
FN:107,(anonymous_6)
FN:120,(anonymous_7)
FNF:7
FNH:7
FNDA:20,AromasTable
FNDA:2,(anonymous_2)
FNDA:37,(anonymous_3)
FNDA:1,(anonymous_4)
FNDA:1,(anonymous_5)
FNDA:4,(anonymous_6)
FNDA:3,(anonymous_7)
DA:1,1
DA:2,1
DA:3,1
DA:11,1
DA:21,1
DA:22,1
DA:30,13
DA:31,20
DA:32,20
DA:33,20
DA:34,2
DA:36,2
DA:37,2
DA:41,1
DA:43,2
DA:68,37
DA:93,1
DA:100,1
DA:107,4
DA:120,3
LF:20
LH:20
BRDA:34,0,0,0
BRDA:60,1,0,1
BRDA:60,1,1,19
BRDA:126,2,0,20
BRDA:126,2,1,4
BRF:5
BRH:4
end_of_record
TN:
SF:components\aromas\delete-aroma-button.tsx
FN:24,DeleteAromaButton
FN:28,(anonymous_2)
FNF:2
FNH:2
FNDA:15,DeleteAromaButton
FNDA:3,(anonymous_2)
DA:1,1
DA:2,1
DA:3,1
DA:14,1
DA:15,1
DA:16,1
DA:24,9
DA:25,15
DA:26,15
DA:28,15
DA:29,3
DA:30,3
DA:31,3
DA:32,1
DA:36,1
DA:38,2
DA:39,2
DA:45,3
LF:18
LH:18
BRDA:71,0,0,3
BRDA:71,0,1,12
BRF:2
BRH:2
end_of_record
TN:
SF:components\aromas\edit-aroma-form.tsx
FN:14,EditAromaForm
FN:21,(anonymous_2)
FN:22,(anonymous_3)
FN:44,(anonymous_4)
FN:68,(anonymous_5)
FNF:5
FNH:5
FNDA:41,EditAromaForm
FNDA:31,(anonymous_2)
FNDA:30,(anonymous_3)
FNDA:3,(anonymous_4)
FNDA:1,(anonymous_5)
DA:1,1
DA:2,1
DA:3,1
DA:4,1
DA:5,1
DA:6,1
DA:8,1
DA:14,12
DA:15,41
DA:16,41
DA:17,41
DA:18,41
DA:19,41
DA:21,41
DA:22,31
DA:23,30
DA:24,30
DA:25,30
DA:26,23
DA:28,6
DA:29,6
DA:34,6
DA:36,29
DA:40,31
DA:41,30
DA:44,41
DA:45,3
DA:46,3
DA:47,3
DA:48,1
DA:52,1
DA:54,2
DA:55,2
DA:58,2
DA:64,3
DA:68,41
DA:69,1
DA:72,41
DA:83,23
DA:84,3
LF:40
LH:40
BRDA:31,0,0,6
BRDA:31,0,1,0
BRDA:40,1,0,30
BRDA:55,2,0,2
BRDA:55,2,1,1
BRDA:55,2,2,0
BRDA:72,3,0,18
BRDA:83,4,0,3
BRF:8
BRH:6
end_of_record
TN:
SF:components\auth\auth-provider.tsx
FN:5,AuthProvider
FN:6,(anonymous_2)
FN:8,(anonymous_3)
FNF:3
FNH:3
FNDA:1,AuthProvider
FNDA:4,(anonymous_2)
FNDA:1,(anonymous_3)
DA:2,1
DA:3,1
DA:5,1
DA:6,4
DA:8,1
DA:9,1
LF:6
LH:6
BRF:0
BRH:0
end_of_record
TN:
SF:components\auth\login-form.tsx
FN:33,LoginForm
FN:37,(anonymous_5)
FN:47,onSubmit
FNF:3
FNH:2
FNDA:8,LoginForm
FNDA:24,(anonymous_5)
FNDA:0,onSubmit
DA:3,1
DA:4,1
DA:5,1
DA:6,1
DA:14,1
DA:15,1
DA:16,1
DA:18,1
DA:19,1
DA:20,1
DA:23,1
DA:33,3
DA:34,8
DA:35,8
DA:36,8
DA:37,24
DA:39,8
DA:48,0
DA:49,0
DA:50,0
DA:52,0
DA:59,0
DA:60,0
DA:62,0
DA:64,0
DA:66,0
DA:67,0
DA:68,0
DA:71,0
DA:78,0
DA:80,0
LF:31
LH:17
BRDA:64,0,0,0
BRDA:113,1,0,0
BRDA:113,1,1,8
BRF:3
BRH:1
end_of_record
TN:
SF:components\auth\protected-route.tsx
FN:11,ProtectedRoute
FN:15,(anonymous_2)
FNF:2
FNH:2
FNDA:3,ProtectedRoute
FNDA:3,(anonymous_2)
DA:2,1
DA:3,1
DA:4,1
DA:11,1
DA:12,3
DA:13,3
DA:15,3
DA:16,3
DA:17,1
DA:21,3
LF:10
LH:10
BRDA:11,0,0,3
BRDA:16,1,0,1
BRDA:16,2,0,3
BRDA:16,2,1,2
BRDA:21,3,0,1
BRF:5
BRH:5
end_of_record
TN:
SF:components\auth\register-form.tsx
FN:79,RegisterForm
FN:100,(anonymous_5)
FN:103,(anonymous_6)
FN:105,(anonymous_7)
FN:106,(anonymous_8)
FN:126,(anonymous_9)
FN:137,(anonymous_10)
FN:143,(anonymous_11)
FN:149,onSubmit
FN:253,(anonymous_18)
FN:291,(anonymous_21)
FN:313,(anonymous_23)
FN:337,(anonymous_25)
FN:373,(anonymous_28)
FN:378,(anonymous_29)
FNF:15
FNH:8
FNDA:12,RegisterForm
FNDA:3000,(anonymous_5)
FNDA:3000,(anonymous_6)
FNDA:358476,(anonymous_7)
FNDA:9564,(anonymous_8)
FNDA:12,(anonymous_9)
FNDA:3,(anonymous_10)
FNDA:3,(anonymous_11)
FNDA:0,onSubmit
FNDA:0,(anonymous_18)
FNDA:0,(anonymous_21)
FNDA:0,(anonymous_23)
FNDA:0,(anonymous_25)
FNDA:0,(anonymous_28)
FNDA:0,(anonymous_29)
DA:3,1
DA:4,1
DA:5,1
DA:6,1
DA:14,1
DA:15,1
DA:16,1
DA:17,1
DA:18,1
DA:19,1
DA:20,1
DA:21,1
DA:22,1
DA:24,1
DA:79,3
DA:80,12
DA:81,12
DA:82,12
DA:83,12
DA:84,12
DA:97,12
DA:100,3000
DA:105,358476
DA:106,9564
DA:108,12
DA:126,12
DA:127,12
DA:128,0
DA:129,0
DA:130,0
DA:131,0
DA:132,0
DA:137,12
DA:138,3
DA:139,0
DA:143,12
DA:144,3
DA:145,0
DA:150,0
DA:151,0
DA:152,0
DA:155,0
DA:157,0
DA:163,0
DA:165,0
DA:166,0
DA:172,0
DA:180,0
DA:182,0
DA:254,0
DA:255,0
DA:292,0
DA:293,0
DA:314,0
DA:315,0
DA:338,0
DA:339,0
DA:374,0
DA:376,0
DA:379,0
DA:380,0
LF:61
LH:31
BRDA:127,0,0,0
BRDA:130,1,0,0
BRDA:138,2,0,0
BRDA:144,3,0,0
BRDA:152,4,0,0
BRDA:152,4,1,0
BRDA:165,5,0,0
BRDA:165,5,1,0
BRDA:318,6,0,12
BRDA:318,6,1,0
BRDA:342,7,0,12
BRDA:342,7,1,0
BRDA:342,7,2,0
BRDA:372,8,0,12
BRDA:372,8,1,12
BRDA:376,9,0,0
BRDA:389,10,0,0
BRDA:389,10,1,12
BRF:18
BRH:5
end_of_record
TN:
SF:components\auth\role-guard.tsx
FN:14,RoleGuard
FN:20,(anonymous_2)
FN:31,(anonymous_3)
FN:63,(anonymous_4)
FNF:4
FNH:4
FNDA:3,RoleGuard
FNDA:3,(anonymous_2)
FNDA:2,(anonymous_3)
FNDA:2,(anonymous_4)
DA:2,1
DA:3,1
DA:4,1
DA:14,1
DA:15,3
DA:16,3
DA:17,3
DA:20,3
DA:21,3
DA:24,3
DA:25,0
DA:26,0
DA:30,3
DA:31,2
DA:32,2
DA:33,2
DA:34,2
DA:37,2
DA:38,1
DA:40,1
DA:41,1
DA:42,1
DA:43,1
DA:46,0
DA:47,0
DA:48,0
DA:54,3
DA:57,3
DA:58,0
DA:62,3
DA:63,2
DA:64,2
DA:65,2
DA:66,2
DA:69,2
DA:71,1
DA:77,0
LF:37
LH:30
BRDA:14,0,0,3
BRDA:14,1,0,3
BRDA:14,2,0,2
BRDA:21,3,0,0
BRDA:24,4,0,0
BRDA:24,5,0,3
BRDA:24,5,1,3
BRDA:30,6,0,2
BRDA:30,7,0,3
BRDA:30,7,1,2
BRDA:30,7,2,2
BRDA:37,8,0,1
BRDA:40,9,0,1
BRDA:46,10,0,0
BRDA:54,11,0,0
BRDA:57,12,0,0
BRDA:57,13,0,3
BRDA:57,13,1,3
BRDA:62,14,0,2
BRDA:62,15,0,3
BRDA:62,15,1,2
BRDA:69,16,0,1
BRDA:71,17,0,1
BRF:23
BRH:18
end_of_record
TN:
SF:components\candles\admin-candle-detail-modal.tsx
FN:47,AdminCandleDetailModal
FN:59,(anonymous_3)
FN:60,(anonymous_4)
FN:105,(anonymous_5)
FN:116,(anonymous_6)
FN:121,(anonymous_7)
FN:127,(anonymous_8)
FN:132,(anonymous_9)
FN:162,(anonymous_10)
FN:169,(anonymous_11)
FN:185,(anonymous_12)
FN:191,(anonymous_13)
FN:405,(anonymous_14)
FN:450,(anonymous_15)
FN:460,(anonymous_16)
FN:494,(anonymous_17)
FN:521,(anonymous_18)
FN:606,(anonymous_19)
FNF:18
FNH:4
FNDA:10,AdminCandleDetailModal
FNDA:4,(anonymous_3)
FNDA:4,(anonymous_4)
FNDA:12,(anonymous_5)
FNDA:0,(anonymous_6)
FNDA:0,(anonymous_7)
FNDA:0,(anonymous_8)
FNDA:0,(anonymous_9)
FNDA:0,(anonymous_10)
FNDA:0,(anonymous_11)
FNDA:0,(anonymous_12)
FNDA:0,(anonymous_13)
FNDA:0,(anonymous_14)
FNDA:0,(anonymous_15)
FNDA:0,(anonymous_16)
FNDA:0,(anonymous_17)
FNDA:0,(anonymous_18)
FNDA:0,(anonymous_19)
DA:9,1
DA:10,1
DA:16,1
DA:18,1
DA:33,1
DA:35,1
DA:36,1
DA:37,1
DA:39,1
DA:47,4
DA:52,10
DA:53,10
DA:54,10
DA:55,10
DA:56,10
DA:59,10
DA:60,4
DA:61,4
DA:63,3
DA:64,3
DA:65,3
DA:66,3
DA:68,0
DA:69,0
DA:75,0
DA:77,3
DA:81,4
DA:85,10
DA:87,10
DA:90,9
DA:105,6
DA:106,12
DA:116,6
DA:117,0
DA:121,6
DA:122,0
DA:123,0
DA:127,6
DA:128,0
DA:132,6
DA:133,0
DA:134,0
DA:135,0
DA:136,0
DA:137,0
DA:138,0
DA:139,0
DA:140,0
DA:141,0
DA:142,0
DA:143,0
DA:144,0
DA:146,0
DA:151,0
DA:152,0
DA:158,0
DA:162,6
DA:163,0
DA:164,0
DA:165,0
DA:169,6
DA:171,0
DA:172,0
DA:174,0
DA:175,0
DA:177,0
DA:185,6
DA:186,0
DA:187,0
DA:188,0
DA:189,0
DA:190,0
DA:191,0
DA:406,0
DA:407,0
DA:408,0
DA:451,0
DA:452,0
DA:461,0
DA:494,0
DA:521,0
DA:607,0
DA:608,0
DA:609,0
LF:84
LH:36
BRDA:61,0,0,1
BRDA:61,1,0,4
BRDA:61,1,1,4
BRDA:85,2,0,10
BRDA:85,2,1,7
BRDA:87,3,0,1
BRDA:87,4,0,10
BRDA:87,4,1,9
BRDA:90,5,0,3
BRDA:123,6,0,0
BRDA:123,6,1,0
BRDA:164,7,0,0
BRDA:174,8,0,0
BRDA:174,8,1,0
BRDA:187,9,0,0
BRDA:187,10,0,0
BRDA:187,10,1,0
BRDA:202,11,0,6
BRDA:202,11,1,0
BRDA:211,12,0,6
BRDA:211,12,1,0
BRDA:235,13,0,0
BRDA:235,13,1,6
BRDA:237,14,0,6
BRDA:265,15,0,6
BRDA:275,16,0,6
BRDA:286,17,0,6
BRDA:299,18,0,6
BRDA:308,19,0,6
BRDA:317,20,0,6
BRDA:329,21,0,6
BRDA:339,22,0,6
BRDA:351,23,0,6
BRDA:363,24,0,6
BRDA:373,25,0,6
BRDA:386,26,0,6
BRDA:393,27,0,6
BRDA:407,28,0,0
BRDA:411,29,0,6
BRDA:411,29,1,6
BRDA:424,30,0,6
BRDA:441,31,0,6
BRDA:452,32,0,0
BRDA:456,33,0,0
BRDA:463,34,0,0
BRDA:509,35,0,6
BRDA:524,36,0,6
BRDA:524,36,1,0
BRDA:542,37,0,0
BRDA:542,37,1,6
BRDA:551,38,0,6
BRDA:563,39,0,6
BRDA:563,39,1,0
BRDA:567,40,0,6
BRDA:567,40,1,0
BRDA:577,41,0,6
BRDA:592,42,0,6
BRDA:592,42,1,0
BRDA:608,43,0,0
BRF:59
BRH:38
end_of_record
TN:
SF:components\candles\candle-detail-modal.tsx
FN:57,CandleDetailModal
FN:69,(anonymous_3)
FN:80,(anonymous_4)
FN:85,(anonymous_5)
FN:91,(anonymous_6)
FN:95,(anonymous_7)
FN:100,(anonymous_8)
FN:156,(anonymous_9)
FN:411,(anonymous_10)
FN:426,(anonymous_11)
FN:486,(anonymous_12)
FN:564,(anonymous_13)
FNF:12
FNH:2
FNDA:3,CandleDetailModal
FNDA:4,(anonymous_3)
FNDA:0,(anonymous_4)
FNDA:0,(anonymous_5)
FNDA:0,(anonymous_6)
FNDA:0,(anonymous_7)
FNDA:0,(anonymous_8)
FNDA:0,(anonymous_9)
FNDA:0,(anonymous_10)
FNDA:0,(anonymous_11)
FNDA:0,(anonymous_12)
FNDA:0,(anonymous_13)
DA:9,1
DA:10,1
DA:17,1
DA:19,1
DA:33,1
DA:34,1
DA:45,1
DA:46,1
DA:47,1
DA:57,3
DA:64,3
DA:65,3
DA:67,3
DA:69,2
DA:70,4
DA:80,2
DA:81,0
DA:85,2
DA:86,0
DA:87,0
DA:91,2
DA:92,0
DA:95,2
DA:96,0
DA:97,0
DA:98,0
DA:99,0
DA:100,0
DA:157,0
DA:158,0
DA:412,0
DA:427,0
DA:486,0
DA:564,0
LF:34
LH:19
BRDA:62,0,0,3
BRDA:67,1,0,1
BRDA:87,2,0,0
BRDA:87,2,1,0
BRDA:96,3,0,0
BRDA:96,4,0,0
BRDA:96,4,1,0
BRDA:111,5,0,2
BRDA:111,5,1,0
BRDA:119,6,0,2
BRDA:129,7,0,0
BRDA:148,8,0,0
BRDA:148,8,1,0
BRDA:189,9,0,2
BRDA:189,9,1,0
BRDA:194,10,0,2
BRDA:194,10,1,0
BRDA:221,11,0,2
BRDA:237,12,0,2
BRDA:237,12,1,0
BRDA:251,13,0,2
BRDA:262,14,0,2
BRDA:273,15,0,2
BRDA:285,16,0,2
BRDA:295,17,0,2
BRDA:309,18,0,2
BRDA:321,19,0,2
BRDA:331,20,0,2
BRDA:351,21,0,2
BRDA:362,22,0,2
BRDA:379,23,0,2
BRDA:396,24,0,2
BRDA:407,25,0,0
BRDA:414,26,0,0
BRDA:453,27,0,0
BRDA:453,27,1,0
BRDA:474,28,0,2
BRDA:510,29,0,2
BRDA:536,30,0,2
BRF:39
BRH:23
end_of_record
TN:
SF:components\cart\add-to-cart-modal.tsx
FN:25,AddToCartModal
FN:42,(anonymous_2)
FN:50,(anonymous_3)
FN:54,(anonymous_4)
FN:118,(anonymous_5)
FNF:5
FNH:2
FNDA:2,AddToCartModal
FNDA:1,(anonymous_2)
FNDA:0,(anonymous_3)
FNDA:0,(anonymous_4)
FNDA:0,(anonymous_5)
DA:3,1
DA:4,1
DA:5,1
DA:6,1
DA:14,1
DA:16,1
DA:25,2
DA:31,2
DA:33,2
DA:36,1
DA:40,1
DA:42,1
DA:43,1
DA:44,1
DA:45,1
DA:46,1
DA:50,1
DA:51,0
DA:52,0
DA:54,1
DA:55,0
DA:56,0
DA:57,0
DA:118,0
LF:24
LH:18
BRDA:33,0,0,1
BRDA:36,1,0,0
BRDA:36,1,1,1
BRDA:37,2,0,0
BRDA:37,2,1,0
BRDA:38,3,0,1
BRDA:38,3,1,0
BRDA:43,4,0,1
BRDA:43,5,0,1
BRDA:43,5,1,1
BRDA:51,6,0,0
BRDA:51,6,1,0
BRDA:56,7,0,0
BRDA:79,8,0,1
BRDA:123,9,0,1
BRDA:123,9,1,1
BRF:16
BRH:9
end_of_record
TN:
SF:components\cart\gift-selector.tsx
FN:20,GiftSelector
FN:28,(anonymous_3)
FN:29,(anonymous_4)
FN:50,(anonymous_5)
FN:52,(anonymous_6)
FN:78,(anonymous_7)
FN:83,(anonymous_8)
FN:118,(anonymous_9)
FN:185,(anonymous_10)
FNF:9
FNH:3
FNDA:7,GiftSelector
FNDA:5,(anonymous_3)
FNDA:5,(anonymous_4)
FNDA:0,(anonymous_5)
FNDA:0,(anonymous_6)
FNDA:0,(anonymous_7)
FNDA:0,(anonymous_8)
FNDA:0,(anonymous_9)
FNDA:0,(anonymous_10)
DA:3,1
DA:4,1
DA:5,1
DA:6,1
DA:7,1
DA:8,1
DA:9,1
DA:11,1
DA:12,1
DA:13,1
DA:20,2
DA:21,7
DA:22,7
DA:23,7
DA:24,7
DA:25,7
DA:26,7
DA:28,7
DA:29,5
DA:30,5
DA:31,5
DA:32,5
DA:34,5
DA:36,0
DA:37,0
DA:43,5
DA:47,5
DA:50,7
DA:52,7
DA:53,0
DA:55,0
DA:56,0
DA:57,0
DA:60,0
DA:61,0
DA:63,0
DA:68,0
DA:74,0
DA:78,7
DA:79,0
DA:83,7
DA:84,0
DA:85,0
DA:119,0
DA:185,0
LF:45
LH:29
BRDA:20,0,0,7
BRDA:53,1,0,0
BRDA:53,2,0,0
BRDA:53,2,1,0
BRDA:79,3,0,0
BRDA:79,3,1,0
BRDA:84,4,0,0
BRDA:98,5,0,4
BRDA:105,6,0,3
BRDA:121,7,0,0
BRDA:145,8,0,0
BRDA:149,9,0,0
BRDA:177,10,0,0
BRDA:201,11,0,0
BRDA:201,11,1,0
BRDA:201,11,2,0
BRDA:201,11,3,0
BRDA:205,12,0,0
BRF:18
BRH:3
end_of_record
TN:
SF:components\containers\container-form.tsx
FN:20,ContainerForm
FN:39,(anonymous_2)
FN:62,(anonymous_3)
FN:66,(anonymous_4)
FN:81,(anonymous_5)
FN:91,(anonymous_6)
FN:101,(anonymous_7)
FN:134,(anonymous_8)
FN:156,(anonymous_9)
FNF:9
FNH:7
FNDA:11,ContainerForm
FNDA:1,(anonymous_2)
FNDA:0,(anonymous_3)
FNDA:0,(anonymous_4)
FNDA:2,(anonymous_5)
FNDA:2,(anonymous_6)
FNDA:2,(anonymous_7)
FNDA:1,(anonymous_8)
FNDA:1,(anonymous_9)
DA:1,1
DA:2,1
DA:3,1
DA:4,1
DA:5,1
DA:7,1
DA:20,3
DA:21,11
DA:37,11
DA:39,11
DA:40,1
DA:43,1
DA:44,0
DA:45,0
DA:49,1
DA:55,1
DA:62,11
DA:63,0
DA:66,11
DA:67,0
DA:68,0
DA:81,2
DA:91,2
DA:102,2
DA:103,2
DA:104,2
DA:105,2
DA:106,2
DA:135,1
DA:136,1
DA:157,1
DA:158,1
LF:32
LH:27
BRDA:22,0,0,11
BRDA:22,0,1,11
BRDA:23,1,0,11
BRDA:23,1,1,11
BRDA:24,2,0,11
BRDA:24,2,1,11
BRDA:25,3,0,11
BRDA:25,3,1,11
BRDA:26,4,0,0
BRDA:26,4,1,11
BRDA:43,5,0,0
BRDA:43,6,0,1
BRDA:43,6,1,1
BRDA:52,7,0,1
BRDA:52,7,1,0
BRDA:57,8,0,1
BRDA:57,8,1,0
BRDA:59,9,0,1
BRDA:59,9,1,1
BRDA:104,10,0,0
BRDA:105,11,0,0
BRDA:113,12,0,11
BRDA:113,12,1,11
BRDA:133,13,0,11
BRDA:133,13,1,9
BRDA:135,14,0,1
BRDA:135,14,1,0
BRDA:155,15,0,11
BRDA:155,15,1,10
BRDA:157,16,0,1
BRDA:157,16,1,0
BRDA:174,17,0,0
BRDA:174,17,1,11
BRDA:174,18,0,0
BRDA:174,18,1,11
BRF:35
BRH:25
end_of_record
TN:
SF:components\containers\containers-table.tsx
FN:30,ContainersTable
FN:34,(anonymous_2)
FN:65,(anonymous_3)
FN:98,(anonymous_4)
FN:105,(anonymous_5)
FN:112,(anonymous_6)
FN:125,(anonymous_7)
FNF:7
FNH:6
FNDA:10,ContainersTable
FNDA:1,(anonymous_2)
FNDA:18,(anonymous_3)
FNDA:0,(anonymous_4)
FNDA:1,(anonymous_5)
FNDA:3,(anonymous_6)
FNDA:2,(anonymous_7)
DA:1,1
DA:2,1
DA:3,1
DA:11,1
DA:21,1
DA:22,1
DA:30,5
DA:31,10
DA:32,10
DA:34,10
DA:35,1
DA:37,1
DA:38,1
DA:40,1
DA:65,18
DA:98,0
DA:105,1
DA:112,3
DA:125,2
LF:19
LH:18
BRDA:35,0,0,0
BRDA:58,1,0,1
BRDA:58,1,1,9
BRDA:69,2,0,9
BRDA:89,3,0,9
BRDA:89,3,1,9
BRDA:131,4,0,10
BRDA:131,4,1,3
BRF:8
BRH:7
end_of_record
TN:
SF:components\containers\delete-container-button.tsx
FN:24,DeleteContainerButton
FN:28,(anonymous_2)
FNF:2
FNH:1
FNDA:3,DeleteContainerButton
FNDA:0,(anonymous_2)
DA:1,1
DA:2,1
DA:3,1
DA:14,1
DA:15,1
DA:16,1
DA:24,3
DA:25,3
DA:26,3
DA:28,3
DA:29,0
DA:30,0
DA:31,0
DA:32,0
DA:36,0
DA:38,0
DA:39,0
DA:45,0
LF:18
LH:10
BRDA:71,0,0,0
BRDA:71,0,1,3
BRF:2
BRH:1
end_of_record
TN:
SF:components\containers\edit-container-form.tsx
FN:14,EditContainerForm
FN:21,(anonymous_2)
FN:22,(anonymous_3)
FN:44,(anonymous_4)
FN:74,(anonymous_5)
FNF:5
FNH:4
FNDA:11,EditContainerForm
FNDA:4,(anonymous_2)
FNDA:4,(anonymous_3)
FNDA:2,(anonymous_4)
FNDA:0,(anonymous_5)
DA:1,1
DA:2,1
DA:3,1
DA:4,1
DA:5,1
DA:6,1
DA:8,1
DA:14,4
DA:15,11
DA:16,11
DA:17,11
DA:18,11
DA:19,11
DA:21,11
DA:22,4
DA:23,4
DA:24,4
DA:25,4
DA:26,2
DA:28,1
DA:29,1
DA:34,1
DA:36,3
DA:40,4
DA:41,4
DA:44,11
DA:45,2
DA:46,2
DA:48,2
DA:49,0
DA:51,2
DA:54,1
DA:58,1
DA:60,1
DA:61,1
DA:64,1
DA:70,2
DA:74,11
DA:75,0
DA:78,11
DA:89,7
DA:90,1
LF:42
LH:40
BRDA:31,0,0,1
BRDA:31,0,1,0
BRDA:40,1,0,4
BRDA:48,2,0,0
BRDA:48,2,1,2
BRDA:61,3,0,1
BRDA:61,3,1,0
BRDA:61,3,2,0
BRDA:78,4,0,4
BRDA:89,5,0,1
BRF:10
BRH:6
end_of_record
TN:
SF:components\gifts\edit-gift-form.tsx
FN:14,EditGiftForm
FN:21,(anonymous_2)
FN:22,(anonymous_3)
FN:44,(anonymous_4)
FN:71,(anonymous_5)
FNF:5
FNH:4
FNDA:8,EditGiftForm
FNDA:3,(anonymous_2)
FNDA:3,(anonymous_3)
FNDA:1,(anonymous_4)
FNDA:0,(anonymous_5)
DA:1,1
DA:2,1
DA:3,1
DA:4,1
DA:5,1
DA:6,1
DA:8,1
DA:14,3
DA:15,8
DA:16,8
DA:17,8
DA:18,8
DA:19,8
DA:21,8
DA:22,3
DA:23,3
DA:24,3
DA:25,3
DA:26,2
DA:28,1
DA:29,1
DA:34,1
DA:36,3
DA:40,3
DA:41,3
DA:44,8
DA:45,1
DA:46,1
DA:48,1
DA:49,0
DA:51,1
DA:54,1
DA:58,1
DA:60,0
DA:61,0
DA:67,1
DA:71,8
DA:72,0
DA:75,8
DA:86,5
DA:87,1
LF:41
LH:37
BRDA:31,0,0,1
BRDA:31,0,1,0
BRDA:40,1,0,3
BRDA:48,2,0,0
BRDA:48,2,1,1
BRDA:63,3,0,0
BRDA:63,3,1,0
BRDA:75,4,0,3
BRDA:86,5,0,1
BRF:9
BRH:5
end_of_record
TN:
SF:components\gifts\gift-form.tsx
FN:20,GiftForm
FN:28,(anonymous_2)
FN:36,(anonymous_3)
FN:43,(anonymous_4)
FN:47,(anonymous_5)
FN:51,(anonymous_6)
FN:53,(anonymous_7)
FN:64,(anonymous_8)
FN:65,(anonymous_9)
FN:76,(anonymous_10)
FN:77,(anonymous_11)
FN:87,(anonymous_12)
FNF:12
FNH:9
FNDA:5,GiftForm
FNDA:1,(anonymous_2)
FNDA:1,(anonymous_3)
FNDA:1,(anonymous_4)
FNDA:0,(anonymous_5)
FNDA:0,(anonymous_6)
FNDA:0,(anonymous_7)
FNDA:1,(anonymous_8)
FNDA:1,(anonymous_9)
FNDA:1,(anonymous_10)
FNDA:1,(anonymous_11)
FNDA:1,(anonymous_12)
DA:1,1
DA:3,1
DA:4,1
DA:5,1
DA:6,1
DA:8,1
DA:20,5
DA:27,5
DA:28,5
DA:29,1
DA:30,1
DA:36,5
DA:40,1
DA:42,1
DA:43,1
DA:47,5
DA:48,0
DA:51,5
DA:52,0
DA:53,0
DA:65,1
DA:77,1
DA:87,1
LF:23
LH:20
BRDA:20,0,0,5
BRDA:21,1,0,5
BRDA:21,1,1,5
BRDA:22,2,0,5
BRDA:22,2,1,5
BRDA:23,3,0,5
BRDA:23,3,1,5
BRDA:24,4,0,5
BRDA:24,4,1,5
BRDA:32,5,0,1
BRDA:32,5,1,0
BRDA:33,6,0,1
BRDA:33,6,1,1
BRDA:42,7,0,1
BRDA:42,8,0,1
BRDA:42,8,1,0
BRDA:95,9,0,5
BRDA:95,9,1,5
BRDA:104,10,0,0
BRDA:104,10,1,5
BRDA:104,11,0,0
BRDA:104,11,1,5
BRF:22
BRH:18
end_of_record
TN:
SF:components\gifts\gifts-table.tsx
FN:32,GiftsTable
FN:38,(anonymous_2)
FN:80,(anonymous_3)
FN:102,(anonymous_4)
FN:110,(anonymous_5)
FN:118,(anonymous_6)
FN:132,(anonymous_7)
FNF:7
FNH:7
FNDA:11,GiftsTable
FNDA:2,(anonymous_2)
FNDA:20,(anonymous_3)
FNDA:1,(anonymous_4)
FNDA:1,(anonymous_5)
FNDA:2,(anonymous_6)
FNDA:2,(anonymous_7)
DA:9,1
DA:10,1
DA:11,1
DA:12,1
DA:22,1
DA:23,1
DA:24,1
DA:25,1
DA:32,5
DA:33,11
DA:34,11
DA:35,11
DA:36,11
DA:38,11
DA:39,2
DA:41,2
DA:42,2
DA:43,2
DA:44,1
DA:48,1
DA:50,1
DA:56,2
DA:57,2
DA:80,20
DA:102,1
DA:110,1
DA:118,2
DA:132,2
LF:28
LH:28
BRDA:39,0,0,0
BRDA:52,1,0,1
BRDA:52,1,1,0
BRDA:74,2,0,1
BRDA:74,2,1,10
BRDA:84,3,0,10
BRDA:138,4,0,11
BRDA:138,4,1,2
BRDA:148,5,0,2
BRDA:148,5,1,9
BRF:10
BRH:8
end_of_record
TN:
SF:components\intended-impacts\edit-intended-impact-form.tsx
FN:14,EditIntendedImpactForm
FN:21,(anonymous_2)
FN:22,(anonymous_3)
FN:45,(anonymous_4)
FN:71,(anonymous_5)
FNF:5
FNH:5
FNDA:15,EditIntendedImpactForm
FNDA:6,(anonymous_2)
FNDA:6,(anonymous_3)
FNDA:2,(anonymous_4)
FNDA:1,(anonymous_5)
DA:1,1
DA:2,1
DA:3,1
DA:4,1
DA:5,1
DA:6,1
DA:8,1
DA:14,6
DA:15,15
DA:16,15
DA:17,15
DA:18,15
DA:19,15
DA:21,15
DA:22,6
DA:23,6
DA:24,6
DA:25,6
DA:26,4
DA:28,1
DA:29,1
DA:34,1
DA:36,5
DA:40,6
DA:41,6
DA:45,15
DA:46,2
DA:47,2
DA:49,2
DA:51,1
DA:55,1
DA:57,1
DA:58,1
DA:61,1
DA:67,2
DA:71,15
DA:72,1
DA:75,15
DA:86,9
DA:87,1
LF:40
LH:40
BRDA:31,0,0,1
BRDA:31,0,1,0
BRDA:40,1,0,6
BRDA:58,2,0,1
BRDA:58,2,1,1
BRDA:58,2,2,0
BRDA:75,3,0,6
BRDA:86,4,0,1
BRF:8
BRH:6
end_of_record
TN:
SF:components\intended-impacts\intended-impact-form.tsx
FN:23,IntendedImpactForm
FN:36,(anonymous_2)
FN:37,(anonymous_3)
FN:43,(anonymous_4)
FN:55,(anonymous_5)
FN:78,(anonymous_6)
FN:97,(anonymous_7)
FN:98,(anonymous_8)
FN:100,(anonymous_9)
FN:124,(anonymous_10)
FN:141,(anonymous_11)
FN:165,(anonymous_12)
FN:183,(anonymous_13)
FN:215,(anonymous_14)
FNF:14
FNH:13
FNDA:11,IntendedImpactForm
FNDA:4,(anonymous_2)
FNDA:4,(anonymous_3)
FNDA:8,(anonymous_4)
FNDA:2,(anonymous_5)
FNDA:2,(anonymous_6)
FNDA:4,(anonymous_7)
FNDA:4,(anonymous_8)
FNDA:0,(anonymous_9)
FNDA:1,(anonymous_10)
FNDA:1,(anonymous_11)
FNDA:1,(anonymous_12)
FNDA:14,(anonymous_13)
FNDA:1,(anonymous_14)
DA:1,1
DA:2,1
DA:3,1
DA:4,1
DA:5,1
DA:6,1
DA:7,1
DA:10,1
DA:11,1
DA:23,4
DA:24,11
DA:31,11
DA:32,11
DA:33,11
DA:36,11
DA:37,4
DA:38,4
DA:39,4
DA:40,4
DA:41,4
DA:43,8
DA:44,4
DA:46,0
DA:48,4
DA:52,4
DA:55,11
DA:56,2
DA:58,2
DA:59,1
DA:62,2
DA:63,1
DA:66,2
DA:67,1
DA:70,2
DA:71,1
DA:74,2
DA:75,2
DA:78,11
DA:79,2
DA:81,2
DA:82,1
DA:85,1
DA:91,1
DA:92,1
DA:94,1
DA:97,11
DA:98,4
DA:99,4
DA:100,0
DA:124,1
DA:141,1
DA:165,1
DA:184,14
DA:215,1
LF:54
LH:52
BRDA:25,0,0,11
BRDA:25,0,1,10
BRDA:26,1,0,11
BRDA:26,1,1,10
BRDA:27,2,0,11
BRDA:27,2,1,10
BRDA:28,3,0,11
BRDA:28,3,1,10
BRDA:58,4,0,1
BRDA:62,5,0,1
BRDA:66,6,0,1
BRDA:70,7,0,1
BRDA:81,8,0,1
BRDA:87,9,0,1
BRDA:87,9,1,0
BRDA:99,10,0,0
BRDA:126,11,0,1
BRDA:126,11,1,10
BRDA:128,12,0,11
BRDA:143,13,0,1
BRDA:143,13,1,10
BRDA:145,14,0,11
BRDA:151,15,0,11
BRDA:168,16,0,1
BRDA:168,16,1,10
BRDA:171,17,0,4
BRDA:171,17,1,7
BRDA:193,18,0,11
BRDA:218,19,0,1
BRDA:218,19,1,10
BRDA:220,20,0,11
BRDA:232,21,0,0
BRDA:238,22,0,1
BRDA:238,22,1,10
BRF:34
BRH:31
end_of_record
TN:
SF:components\intended-impacts\intended-impacts-table.tsx
FN:31,IntendedImpactsTable
FN:35,(anonymous_2)
FN:68,(anonymous_3)
FN:94,(anonymous_4)
FN:102,(anonymous_5)
FN:110,(anonymous_6)
FN:124,(anonymous_7)
FNF:7
FNH:7
FNDA:11,IntendedImpactsTable
FNDA:1,(anonymous_2)
FNDA:28,(anonymous_3)
FNDA:1,(anonymous_4)
FNDA:1,(anonymous_5)
FNDA:2,(anonymous_6)
FNDA:2,(anonymous_7)
DA:1,1
DA:2,1
DA:3,1
DA:4,1
DA:12,1
DA:22,1
DA:23,1
DA:31,7
DA:32,11
DA:33,11
DA:35,11
DA:36,1
DA:38,1
DA:39,1
DA:41,1
DA:45,11
DA:69,28
DA:94,1
DA:102,1
DA:110,2
DA:124,2
LF:21
LH:21
BRDA:36,0,0,0
BRDA:61,1,0,1
BRDA:61,1,1,10
BRDA:81,2,0,19
BRDA:82,3,0,19
BRDA:82,3,1,0
BRDA:130,4,0,11
BRDA:130,4,1,2
BRF:8
BRH:6
end_of_record
TN:
SF:components\labels\label-form.tsx
FN:21,LabelForm
FN:32,(anonymous_3)
FN:47,(anonymous_4)
FN:69,(anonymous_5)
FN:70,(anonymous_6)
FN:77,(anonymous_7)
FN:84,(anonymous_8)
FN:90,(anonymous_9)
FN:99,(anonymous_10)
FN:110,(anonymous_11)
FN:117,(anonymous_12)
FN:124,(anonymous_13)
FN:147,(anonymous_14)
FN:160,(anonymous_15)
FN:213,(anonymous_16)
FNF:15
FNH:3
FNDA:4,LabelForm
FNDA:1,(anonymous_3)
FNDA:1,(anonymous_4)
FNDA:0,(anonymous_5)
FNDA:0,(anonymous_6)
FNDA:0,(anonymous_7)
FNDA:0,(anonymous_8)
FNDA:0,(anonymous_9)
FNDA:0,(anonymous_10)
FNDA:0,(anonymous_11)
FNDA:0,(anonymous_12)
FNDA:0,(anonymous_13)
FNDA:0,(anonymous_14)
FNDA:0,(anonymous_15)
FNDA:0,(anonymous_16)
DA:1,1
DA:2,1
DA:3,1
DA:4,1
DA:5,1
DA:6,1
DA:7,1
DA:9,1
DA:21,3
DA:22,4
DA:28,4
DA:29,4
DA:30,4
DA:32,4
DA:33,1
DA:35,1
DA:36,1
DA:39,1
DA:40,1
DA:43,1
DA:44,1
DA:47,4
DA:48,1
DA:50,1
DA:51,1
DA:54,0
DA:55,0
DA:65,0
DA:69,4
DA:70,0
DA:76,0
DA:77,0
DA:84,4
DA:85,0
DA:86,0
DA:89,0
DA:90,0
DA:94,0
DA:98,0
DA:99,0
DA:103,0
DA:106,0
DA:109,0
DA:110,0
DA:111,0
DA:113,0
DA:116,0
DA:117,0
DA:124,4
DA:125,0
DA:126,0
DA:129,0
DA:130,0
DA:131,0
DA:147,0
DA:160,0
DA:213,0
LF:57
LH:28
BRDA:23,0,0,4
BRDA:23,0,1,3
BRDA:24,1,0,4
BRDA:24,1,1,3
BRDA:25,2,0,4
BRDA:25,2,1,3
BRDA:29,3,0,4
BRDA:29,3,1,3
BRDA:35,4,0,1
BRDA:39,5,0,1
BRDA:39,6,0,1
BRDA:39,6,1,1
BRDA:50,7,0,1
BRDA:57,8,0,0
BRDA:57,8,1,0
BRDA:58,9,0,0
BRDA:58,9,1,0
BRDA:61,10,0,0
BRDA:61,10,1,0
BRDA:63,11,0,0
BRDA:63,11,1,0
BRDA:76,12,0,0
BRDA:86,13,0,0
BRDA:89,14,0,0
BRDA:98,15,0,0
BRDA:116,16,0,0
BRDA:126,17,0,0
BRDA:126,17,1,0
BRDA:130,18,0,0
BRDA:149,19,0,1
BRDA:149,19,1,3
BRDA:151,20,0,4
BRDA:181,21,0,1
BRDA:217,22,0,1
BRDA:217,22,1,3
BRDA:228,23,0,4
BRDA:245,24,0,0
BRDA:245,24,1,4
BRDA:245,25,0,1
BRDA:245,25,1,3
BRF:40
BRH:23
end_of_record
TN:
SF:components\labels\labels-table.tsx
FN:32,LabelsTable
FN:36,(anonymous_3)
FN:46,(anonymous_4)
FN:59,(anonymous_5)
FN:94,(anonymous_6)
FN:128,(anonymous_7)
FN:136,(anonymous_8)
FN:144,(anonymous_9)
FN:158,(anonymous_10)
FNF:9
FNH:9
FNDA:10,LabelsTable
FNDA:1,(anonymous_3)
FNDA:27,(anonymous_4)
FNDA:27,(anonymous_5)
FNDA:27,(anonymous_6)
FNDA:1,(anonymous_7)
FNDA:1,(anonymous_8)
FNDA:2,(anonymous_9)
FNDA:2,(anonymous_10)
DA:1,1
DA:2,1
DA:3,1
DA:11,1
DA:21,1
DA:22,1
DA:23,1
DA:25,1
DA:32,6
DA:33,10
DA:34,10
DA:36,10
DA:37,1
DA:39,1
DA:40,1
DA:42,1
DA:46,10
DA:47,27
DA:49,9
DA:51,9
DA:53,9
DA:55,0
DA:59,10
DA:60,27
DA:62,9
DA:64,9
DA:66,9
DA:68,0
DA:95,27
DA:128,1
DA:136,1
DA:144,2
DA:158,2
LF:33
LH:31
BRDA:37,0,0,0
BRDA:47,1,0,9
BRDA:47,1,1,9
BRDA:47,1,2,9
BRDA:47,1,3,0
BRDA:60,2,0,9
BRDA:60,2,1,9
BRDA:60,2,2,9
BRDA:60,2,3,0
BRDA:87,3,0,1
BRDA:87,3,1,9
BRDA:109,4,0,27
BRDA:109,4,1,9
BRDA:118,5,0,27
BRDA:118,5,1,0
BRDA:164,6,0,10
BRDA:164,6,1,2
BRF:17
BRH:13
end_of_record
TN:
SF:components\layouts\admin-layout.tsx
FN:17,AdminLayout
FN:20,(anonymous_3)
FN:21,(anonymous_4)
FNF:3
FNH:3
FNDA:16,AdminLayout
FNDA:10,(anonymous_3)
FNDA:10,(anonymous_4)
DA:3,1
DA:4,1
DA:5,1
DA:6,1
DA:7,1
DA:8,1
DA:9,1
DA:10,1
DA:11,1
DA:17,11
DA:18,16
DA:20,16
DA:21,10
DA:22,10
DA:23,10
DA:24,9
DA:26,1
DA:28,1
DA:32,10
LF:19
LH:19
BRDA:83,0,0,16
BRDA:83,0,1,10
BRF:2
BRH:2
end_of_record
TN:
SF:components\layouts\main-layout.tsx
FN:22,MainLayout
FN:31,(anonymous_3)
FN:32,(anonymous_4)
FNF:3
FNH:3
FNDA:21,MainLayout
FNDA:13,(anonymous_3)
FNDA:13,(anonymous_4)
DA:3,1
DA:4,1
DA:5,1
DA:6,1
DA:8,1
DA:9,1
DA:10,1
DA:11,1
DA:12,1
DA:15,1
DA:22,17
DA:26,21
DA:27,21
DA:28,21
DA:29,21
DA:31,21
DA:32,13
DA:33,13
DA:34,13
DA:35,12
DA:37,1
DA:39,1
DA:43,13
DA:45,21
DA:46,21
LF:25
LH:25
BRDA:24,0,0,21
BRDA:92,1,0,21
BRDA:92,1,1,15
BRF:3
BRH:3
end_of_record
TN:
SF:components\main-options\delete-main-option-button.tsx
FN:24,DeleteMainOptionButton
FN:28,(anonymous_2)
FNF:2
FNH:1
FNDA:4,DeleteMainOptionButton
FNDA:0,(anonymous_2)
DA:1,1
DA:2,1
DA:3,1
DA:14,1
DA:15,1
DA:16,1
DA:24,4
DA:25,4
DA:26,4
DA:28,4
DA:29,0
DA:30,0
DA:31,0
DA:32,0
DA:34,0
DA:35,0
DA:39,0
DA:41,0
DA:42,0
DA:48,0
LF:20
LH:10
BRDA:31,0,0,0
BRDA:64,1,0,4
BRDA:64,1,1,4
BRDA:73,2,0,0
BRDA:73,2,1,4
BRF:5
BRH:3
end_of_record
TN:
SF:components\main-options\edit-main-option-form.tsx
FN:14,EditMainOptionForm
FN:21,(anonymous_2)
FN:22,(anonymous_3)
FN:45,(anonymous_4)
FN:71,(anonymous_5)
FNF:5
FNH:5
FNDA:28,EditMainOptionForm
FNDA:10,(anonymous_2)
FNDA:9,(anonymous_3)
FNDA:5,(anonymous_4)
FNDA:1,(anonymous_5)
DA:1,1
DA:2,1
DA:3,1
DA:4,1
DA:5,1
DA:6,1
DA:8,1
DA:14,10
DA:15,28
DA:16,28
DA:17,28
DA:18,28
DA:19,28
DA:21,28
DA:22,10
DA:23,9
DA:24,9
DA:25,9
DA:26,8
DA:28,1
DA:29,1
DA:34,1
DA:36,9
DA:40,10
DA:41,9
DA:45,28
DA:46,5
DA:47,5
DA:49,5
DA:51,2
DA:55,2
DA:57,3
DA:58,3
DA:61,3
DA:67,5
DA:71,28
DA:72,1
DA:75,28
DA:86,18
DA:87,1
LF:40
LH:40
BRDA:31,0,0,1
BRDA:31,0,1,0
BRDA:40,1,0,9
BRDA:58,2,0,3
BRDA:58,2,1,2
BRDA:58,2,2,1
BRDA:75,3,0,10
BRDA:86,4,0,1
BRF:8
BRH:7
end_of_record
TN:
SF:components\main-options\main-option-form.tsx
FN:16,MainOptionForm
FN:25,(anonymous_2)
FN:40,(anonymous_3)
FN:57,(anonymous_4)
FN:58,(anonymous_5)
FN:65,(anonymous_6)
FN:82,(anonymous_7)
FN:95,(anonymous_8)
FN:113,(anonymous_9)
FNF:9
FNH:9
FNDA:31,MainOptionForm
FNDA:7,(anonymous_2)
FNDA:7,(anonymous_3)
FNDA:13,(anonymous_4)
FNDA:13,(anonymous_5)
FNDA:1,(anonymous_6)
FNDA:6,(anonymous_7)
FNDA:1,(anonymous_8)
FNDA:6,(anonymous_9)
DA:1,1
DA:2,1
DA:3,1
DA:4,1
DA:5,1
DA:16,11
DA:17,31
DA:23,31
DA:25,31
DA:26,7
DA:28,7
DA:29,3
DA:32,7
DA:33,3
DA:36,7
DA:37,7
DA:40,31
DA:41,7
DA:43,7
DA:44,4
DA:47,3
DA:48,3
DA:53,1
DA:57,31
DA:58,13
DA:64,13
DA:65,1
DA:82,6
DA:95,1
DA:113,6
LF:30
LH:30
BRDA:18,0,0,31
BRDA:18,0,1,30
BRDA:19,1,0,31
BRDA:19,1,1,30
BRDA:20,2,0,31
BRDA:20,2,1,30
BRDA:28,3,0,3
BRDA:32,4,0,3
BRDA:43,5,0,4
BRDA:64,6,0,1
BRDA:84,7,0,3
BRDA:84,7,1,28
BRDA:86,8,0,31
BRDA:115,9,0,4
BRDA:115,9,1,27
BRDA:117,10,0,31
BRDA:123,11,0,31
BRDA:136,12,0,1
BRDA:136,12,1,30
BRDA:136,13,0,1
BRDA:136,13,1,29
BRF:21
BRH:21
end_of_record
TN:
SF:components\main-options\main-options-table.tsx
FN:30,MainOptionsTable
FN:34,(anonymous_2)
FN:65,(anonymous_3)
FN:89,(anonymous_4)
FN:97,(anonymous_5)
FN:105,(anonymous_6)
FN:119,(anonymous_7)
FNF:7
FNH:7
FNDA:17,MainOptionsTable
FNDA:1,(anonymous_2)
FNDA:42,(anonymous_3)
FNDA:1,(anonymous_4)
FNDA:1,(anonymous_5)
FNDA:3,(anonymous_6)
FNDA:2,(anonymous_7)
DA:1,1
DA:2,1
DA:3,1
DA:11,1
DA:21,1
DA:22,1
DA:30,12
DA:31,17
DA:32,17
DA:34,17
DA:35,1
DA:37,1
DA:38,1
DA:40,1
DA:66,42
DA:89,1
DA:97,1
DA:105,3
DA:119,2
LF:19
LH:19
BRDA:35,0,0,0
BRDA:58,1,0,1
BRDA:58,1,1,16
BRDA:70,2,0,42
BRDA:70,2,1,13
BRDA:79,3,0,40
BRDA:79,3,1,2
BRDA:125,4,0,17
BRDA:125,4,1,3
BRF:9
BRH:8
end_of_record
TN:
SF:components\nav\admin-nav-items.tsx
FN:18,AdminNavItems
FN:22,(anonymous_3)
FNF:2
FNH:1
FNDA:4,AdminNavItems
FNDA:0,(anonymous_3)
DA:3,1
DA:4,1
DA:5,1
DA:6,1
DA:7,1
DA:14,1
DA:15,1
DA:16,1
DA:18,4
DA:19,4
DA:20,4
DA:22,4
DA:23,0
DA:24,0
LF:14
LH:12
BRDA:30,0,0,4
BRDA:30,0,1,3
BRDA:48,1,0,4
BRDA:48,1,1,1
BRDA:49,2,0,4
BRDA:49,2,1,0
BRDA:52,3,0,4
BRF:7
BRH:6
end_of_record
TN:
SF:components\nav\cart-icon.tsx
FN:17,CartIcon
FNF:1
FNH:1
FNDA:10,CartIcon
DA:3,1
DA:4,1
DA:5,1
DA:6,1
DA:7,1
DA:8,1
DA:9,1
DA:17,10
DA:18,10
DA:19,10
DA:21,10
DA:22,1
DA:25,9
LF:13
LH:13
BRDA:17,0,0,8
BRDA:17,1,0,9
BRDA:21,2,0,1
BRDA:31,3,0,9
BRDA:31,3,1,1
BRDA:32,4,0,9
BRDA:37,5,0,1
BRDA:37,5,1,2
BRF:8
BRH:8
end_of_record
TN:
SF:components\nav\nav-items.tsx
FN:19,NavItems
FN:23,(anonymous_3)
FNF:2
FNH:1
FNDA:8,NavItems
FNDA:0,(anonymous_3)
DA:3,1
DA:4,1
DA:5,1
DA:6,1
DA:7,1
DA:14,1
DA:15,1
DA:16,1
DA:17,1
DA:19,8
DA:20,8
DA:21,8
DA:23,8
DA:24,0
DA:25,0
DA:28,8
LF:16
LH:14
BRDA:28,0,0,1
BRDA:45,1,0,7
BRDA:45,1,1,6
BRDA:53,2,0,7
BRDA:53,2,1,0
BRDA:61,3,0,7
BRDA:61,3,1,1
BRDA:70,4,0,7
BRDA:70,4,1,0
BRDA:76,5,0,7
BRDA:76,5,1,6
BRDA:80,6,0,2
BRDA:80,6,1,0
BRDA:87,7,0,7
BRDA:87,7,1,0
BRDA:97,8,0,7
BRDA:97,8,1,7
BRDA:98,9,0,7
BRDA:98,9,1,0
BRDA:102,10,0,7
BRF:20
BRH:15
end_of_record
TN:
SF:components\orders\orders-table.tsx
FN:51,OrdersTable
FN:57,(anonymous_2)
FN:72,(anonymous_3)
FN:94,(anonymous_4)
FN:112,(anonymous_5)
FN:157,(anonymous_6)
FN:196,(anonymous_7)
FN:199,(anonymous_8)
FN:225,(anonymous_9)
FN:243,(anonymous_10)
FN:266,(anonymous_11)
FN:272,(anonymous_12)
FN:301,(anonymous_13)
FNF:13
FNH:11
FNDA:10,OrdersTable
FNDA:1,(anonymous_2)
FNDA:0,(anonymous_3)
FNDA:1,(anonymous_4)
FNDA:9,(anonymous_5)
FNDA:9,(anonymous_6)
FNDA:45,(anonymous_7)
FNDA:1,(anonymous_8)
FNDA:18,(anonymous_9)
FNDA:1,(anonymous_10)
FNDA:1,(anonymous_11)
FNDA:1,(anonymous_12)
FNDA:0,(anonymous_13)
DA:3,1
DA:4,1
DA:12,1
DA:13,1
DA:14,1
DA:20,1
DA:30,1
DA:31,1
DA:32,1
DA:41,1
DA:42,1
DA:43,1
DA:44,1
DA:51,9
DA:52,10
DA:53,10
DA:54,10
DA:55,10
DA:57,10
DA:59,1
DA:60,1
DA:61,1
DA:62,1
DA:65,0
DA:66,0
DA:68,0
DA:72,10
DA:73,0
DA:75,0
DA:76,0
DA:77,0
DA:82,0
DA:83,0
DA:89,0
DA:90,0
DA:94,10
DA:95,1
DA:96,0
DA:101,0
DA:104,1
DA:109,1
DA:112,10
DA:113,9
DA:122,10
DA:158,9
DA:197,45
DA:199,1
DA:225,18
DA:243,1
DA:266,1
DA:272,1
DA:301,0
LF:52
LH:38
BRDA:59,0,0,1
BRDA:73,1,0,0
BRDA:95,2,0,0
BRDA:95,3,0,1
BRDA:95,3,1,1
BRDA:122,4,0,1
BRDA:170,5,0,9
BRDA:170,5,1,1
BRDA:170,6,0,9
BRDA:170,6,1,1
BRDA:173,7,0,9
BRDA:173,7,1,1
BRDA:189,8,0,1
BRDA:189,8,1,8
BRDA:222,9,0,9
BRDA:222,9,1,0
BRDA:222,10,0,9
BRDA:222,10,1,0
BRDA:222,11,0,9
BRDA:222,11,1,0
BRDA:225,12,0,9
BRDA:225,12,1,0
BRDA:245,13,0,9
BRDA:245,13,1,7
BRDA:251,14,0,9
BRDA:251,14,1,2
BRDA:251,15,0,9
BRDA:251,15,1,2
BRDA:276,16,0,1
BRDA:276,16,1,8
BRF:30
BRH:24
end_of_record
TN:
SF:components\places\delete-place-button.tsx
FN:24,DeletePlaceButton
FN:28,(anonymous_2)
FNF:2
FNH:2
FNDA:14,DeletePlaceButton
FNDA:3,(anonymous_2)
DA:1,1
DA:2,1
DA:3,1
DA:14,1
DA:15,1
DA:16,1
DA:24,8
DA:25,14
DA:26,14
DA:28,14
DA:29,3
DA:30,3
DA:31,3
DA:32,1
DA:36,1
DA:38,2
DA:39,2
DA:45,3
LF:18
LH:18
BRDA:61,0,0,14
BRDA:61,0,1,14
BRDA:67,1,0,3
BRDA:67,1,1,11
BRF:4
BRH:4
end_of_record
TN:
SF:components\places\edit-place-form.tsx
FN:14,EditPlaceForm
FN:21,(anonymous_2)
FN:22,(anonymous_3)
FN:45,(anonymous_4)
FN:69,(anonymous_5)
FNF:5
FNH:5
FNDA:40,EditPlaceForm
FNDA:30,(anonymous_2)
FNDA:29,(anonymous_3)
FNDA:3,(anonymous_4)
FNDA:1,(anonymous_5)
DA:1,1
DA:2,1
DA:3,1
DA:4,1
DA:5,1
DA:6,1
DA:8,1
DA:14,11
DA:15,40
DA:16,40
DA:17,40
DA:18,40
DA:19,40
DA:21,40
DA:22,30
DA:23,29
DA:24,29
DA:25,29
DA:26,25
DA:28,4
DA:29,4
DA:34,4
DA:36,29
DA:40,30
DA:41,29
DA:45,40
DA:46,3
DA:47,3
DA:48,3
DA:49,1
DA:53,1
DA:55,2
DA:56,2
DA:59,2
DA:65,3
DA:69,40
DA:70,1
DA:73,40
DA:84,23
DA:85,2
LF:40
LH:40
BRDA:31,0,0,4
BRDA:31,0,1,0
BRDA:40,1,0,29
BRDA:56,2,0,2
BRDA:56,2,1,1
BRDA:56,2,2,0
BRDA:73,3,0,17
BRDA:84,4,0,2
BRF:8
BRH:6
end_of_record
TN:
SF:components\places\place-form.tsx
FN:15,PlaceForm
FN:23,(anonymous_2)
FN:38,(anonymous_3)
FN:55,(anonymous_4)
FN:56,(anonymous_5)
FN:63,(anonymous_6)
FN:80,(anonymous_7)
FN:95,(anonymous_8)
FNF:8
FNH:8
FNDA:67,PlaceForm
FNDA:7,(anonymous_2)
FNDA:7,(anonymous_3)
FNDA:48,(anonymous_4)
FNDA:48,(anonymous_5)
FNDA:2,(anonymous_6)
FNDA:37,(anonymous_7)
FNDA:11,(anonymous_8)
DA:1,1
DA:2,1
DA:3,1
DA:4,1
DA:15,12
DA:16,67
DA:21,67
DA:23,67
DA:24,7
DA:26,7
DA:27,4
DA:30,7
DA:31,4
DA:34,7
DA:35,7
DA:38,67
DA:39,7
DA:41,7
DA:42,4
DA:45,3
DA:46,3
DA:51,1
DA:55,67
DA:56,48
DA:62,48
DA:63,2
DA:80,37
DA:95,11
LF:28
LH:28
BRDA:17,0,0,67
BRDA:17,0,1,50
BRDA:18,1,0,67
BRDA:18,1,1,50
BRDA:26,2,0,4
BRDA:30,3,0,4
BRDA:41,4,0,4
BRDA:62,5,0,2
BRDA:82,6,0,4
BRDA:82,6,1,63
BRDA:84,7,0,67
BRDA:97,8,0,8
BRDA:97,8,1,59
BRDA:99,9,0,67
BRDA:105,10,0,67
BRDA:118,11,0,1
BRDA:118,11,1,66
BRDA:118,12,0,17
BRDA:118,12,1,49
BRF:19
BRH:19
end_of_record
TN:
SF:components\places\places-table.tsx
FN:30,PlacesTable
FN:34,(anonymous_2)
FN:64,(anonymous_3)
FN:83,(anonymous_4)
FN:91,(anonymous_5)
FN:99,(anonymous_6)
FN:113,(anonymous_7)
FNF:7
FNH:7
FNDA:14,PlacesTable
FNDA:1,(anonymous_2)
FNDA:17,(anonymous_3)
FNDA:1,(anonymous_4)
FNDA:1,(anonymous_5)
FNDA:3,(anonymous_6)
FNDA:2,(anonymous_7)
DA:1,1
DA:2,1
DA:3,1
DA:11,1
DA:21,1
DA:22,1
DA:30,9
DA:31,14
DA:32,14
DA:34,14
DA:35,1
DA:37,1
DA:38,1
DA:40,1
DA:65,17
DA:83,1
DA:91,1
DA:99,3
DA:113,2
LF:19
LH:19
BRDA:35,0,0,0
BRDA:57,1,0,1
BRDA:57,1,1,13
BRDA:73,2,0,16
BRDA:73,2,1,1
BRDA:119,3,0,14
BRDA:119,3,1,3
BRF:7
BRH:6
end_of_record
TN:
SF:components\relations\relations-table.tsx
FN:24,RelationsTable
FN:60,(anonymous_2)
FN:63,(anonymous_3)
FN:70,(anonymous_4)
FN:71,(anonymous_5)
FN:98,(anonymous_6)
FN:102,(anonymous_7)
FN:122,(anonymous_8)
FN:128,(anonymous_9)
FN:154,(anonymous_10)
FN:157,(anonymous_11)
FN:159,(anonymous_12)
FN:181,(anonymous_13)
FN:195,(anonymous_14)
FN:210,(anonymous_15)
FN:235,(anonymous_16)
FN:251,(anonymous_17)
FN:267,(anonymous_18)
FN:268,(anonymous_19)
FN:270,(anonymous_20)
FN:278,(anonymous_21)
FN:285,(anonymous_22)
FN:286,(anonymous_23)
FN:292,(anonymous_24)
FN:311,(anonymous_25)
FN:330,(anonymous_26)
FN:336,(anonymous_27)
FN:353,(anonymous_28)
FN:367,(anonymous_29)
FN:372,(anonymous_30)
FN:375,(anonymous_31)
FN:383,(anonymous_32)
FN:387,(anonymous_33)
FN:391,(anonymous_34)
FN:393,(anonymous_35)
FN:397,(anonymous_36)
FN:403,(anonymous_37)
FN:409,(anonymous_38)
FN:411,(anonymous_39)
FN:416,(anonymous_40)
FN:438,(anonymous_41)
FN:445,(anonymous_42)
FN:456,(anonymous_43)
FN:466,(anonymous_44)
FN:476,(anonymous_45)
FN:505,(anonymous_46)
FN:511,(anonymous_47)
FN:525,(anonymous_48)
FN:547,(anonymous_49)
FN:553,(anonymous_50)
FN:567,(anonymous_51)
FN:594,(anonymous_52)
FN:606,(anonymous_53)
FN:620,(anonymous_54)
FN:652,(anonymous_55)
FN:664,(anonymous_56)
FN:679,(anonymous_57)
FNF:57
FNH:46
FNDA:51,RelationsTable
FNDA:16,(anonymous_2)
FNDA:1,(anonymous_3)
FNDA:10,(anonymous_4)
FNDA:10,(anonymous_5)
FNDA:10,(anonymous_6)
FNDA:20,(anonymous_7)
FNDA:10,(anonymous_8)
FNDA:30,(anonymous_9)
FNDA:82,(anonymous_10)
FNDA:7,(anonymous_11)
FNDA:9,(anonymous_12)
FNDA:4,(anonymous_13)
FNDA:0,(anonymous_14)
FNDA:1,(anonymous_15)
FNDA:3,(anonymous_16)
FNDA:1,(anonymous_17)
FNDA:2,(anonymous_18)
FNDA:2,(anonymous_19)
FNDA:0,(anonymous_20)
FNDA:102,(anonymous_21)
FNDA:4,(anonymous_22)
FNDA:4,(anonymous_23)
FNDA:1,(anonymous_24)
FNDA:0,(anonymous_25)
FNDA:0,(anonymous_26)
FNDA:24,(anonymous_27)
FNDA:51,(anonymous_28)
FNDA:74,(anonymous_29)
FNDA:6,(anonymous_30)
FNDA:84,(anonymous_31)
FNDA:28,(anonymous_32)
FNDA:8,(anonymous_33)
FNDA:28,(anonymous_34)
FNDA:42,(anonymous_35)
FNDA:204,(anonymous_36)
FNDA:110,(anonymous_37)
FNDA:0,(anonymous_38)
FNDA:0,(anonymous_39)
FNDA:0,(anonymous_40)
FNDA:0,(anonymous_41)
FNDA:51,(anonymous_42)
FNDA:51,(anonymous_43)
FNDA:22,(anonymous_44)
FNDA:7,(anonymous_45)
FNDA:1,(anonymous_46)
FNDA:102,(anonymous_47)
FNDA:7,(anonymous_48)
FNDA:0,(anonymous_49)
FNDA:8,(anonymous_50)
FNDA:1,(anonymous_51)
FNDA:0,(anonymous_52)
FNDA:30,(anonymous_53)
FNDA:3,(anonymous_54)
FNDA:0,(anonymous_55)
FNDA:14,(anonymous_56)
FNDA:2,(anonymous_57)
DA:1,1
DA:2,1
DA:7,1
DA:8,1
DA:9,1
DA:10,1
DA:11,1
DA:24,10
DA:34,51
DA:35,51
DA:36,51
DA:37,51
DA:38,51
DA:39,51
DA:42,51
DA:43,51
DA:44,51
DA:45,51
DA:48,51
DA:51,51
DA:54,51
DA:57,51
DA:60,51
DA:61,16
DA:63,1
DA:64,1
DA:65,1
DA:70,51
DA:71,10
DA:72,10
DA:74,10
DA:75,20
DA:77,20
DA:80,10
DA:83,10
DA:84,10
DA:85,10
DA:86,5
DA:90,0
DA:95,10
DA:98,10
DA:99,10
DA:102,20
DA:104,10
DA:105,10
DA:106,20
DA:108,20
DA:109,20
DA:110,10
DA:114,0
DA:119,10
DA:122,10
DA:123,10
DA:125,10
DA:126,20
DA:128,30
DA:129,20
DA:130,20
DA:133,0
DA:137,10
DA:140,10
DA:141,10
DA:144,10
DA:145,10
DA:148,10
DA:149,10
DA:154,82
DA:157,51
DA:158,7
DA:159,9
DA:160,7
DA:162,7
DA:164,7
DA:165,7
DA:166,7
DA:170,7
DA:172,7
DA:174,5
DA:175,5
DA:176,5
DA:177,5
DA:178,5
DA:181,5
DA:182,4
DA:183,4
DA:184,4
DA:186,0
DA:188,4
DA:191,0
DA:192,0
DA:195,0
DA:196,0
DA:197,0
DA:198,0
DA:201,5
DA:205,2
DA:210,51
DA:211,1
DA:212,1
DA:214,1
DA:215,1
DA:219,1
DA:220,1
DA:221,1
DA:222,1
DA:223,1
DA:224,1
DA:226,0
DA:227,0
DA:229,1
DA:235,51
DA:236,3
DA:239,3
DA:240,3
DA:241,3
DA:242,3
DA:245,3
DA:248,3
DA:251,3
DA:252,3
DA:253,3
DA:255,0
DA:257,0
DA:258,0
DA:259,0
DA:260,0
DA:262,3
DA:267,51
DA:268,2
DA:269,2
DA:270,0
DA:272,2
DA:278,51
DA:279,102
DA:282,20
DA:285,16
DA:286,16
DA:288,16
DA:292,51
DA:293,1
DA:295,1
DA:296,1
DA:299,1
DA:302,1
DA:303,1
DA:304,1
DA:305,1
DA:308,1
DA:311,1
DA:312,1
DA:313,1
DA:315,1
DA:317,0
DA:319,0
DA:321,1
DA:325,0
DA:330,51
DA:331,0
DA:335,51
DA:337,24
DA:339,4
DA:340,2
DA:344,2
DA:353,51
DA:354,51
DA:356,24
DA:357,2
DA:358,22
DA:359,20
DA:361,2
DA:364,51
DA:367,51
DA:368,74
DA:370,74
DA:372,6
DA:373,68
DA:375,84
DA:378,0
DA:383,51
DA:384,28
DA:387,28
DA:391,51
DA:393,42
DA:397,51
DA:399,204
DA:403,51
DA:405,110
DA:409,51
DA:411,0
DA:412,0
DA:416,51
DA:418,0
DA:420,0
DA:422,0
DA:426,0
DA:428,0
DA:430,0
DA:434,0
DA:438,51
DA:439,0
DA:441,0
DA:445,51
DA:446,51
DA:447,51
DA:450,51
DA:451,47
DA:456,51
DA:457,51
DA:458,51
DA:460,51
DA:461,51
DA:462,51
DA:466,51
DA:467,22
DA:468,22
DA:470,22
DA:471,22
DA:472,22
DA:476,51
DA:477,7
DA:478,7
DA:479,7
DA:480,7
DA:483,7
DA:484,7
DA:487,5
DA:488,5
DA:489,5
DA:492,5
DA:505,1
DA:512,102
DA:513,102
DA:515,102
DA:525,7
DA:547,0
DA:554,8
DA:555,8
DA:557,8
DA:567,1
DA:594,0
DA:607,30
DA:608,30
DA:609,30
DA:611,30
DA:620,3
DA:652,0
DA:665,14
DA:666,14
DA:668,14
DA:670,14
DA:679,2
LF:251
LH:214
BRDA:61,0,0,1
BRDA:61,1,0,16
BRDA:61,1,1,6
BRDA:77,2,0,10
BRDA:77,2,1,10
BRDA:85,3,0,5
BRDA:104,4,0,10
BRDA:109,5,0,10
BRDA:129,6,0,20
BRDA:140,7,0,10
BRDA:144,8,0,10
BRDA:144,9,0,10
BRDA:144,9,1,10
BRDA:148,10,0,10
BRDA:172,11,0,5
BRDA:172,11,1,2
BRDA:183,12,0,4
BRDA:183,12,1,0
BRDA:219,13,0,1
BRDA:269,14,0,0
BRDA:269,14,1,2
BRDA:279,15,0,82
BRDA:282,16,0,4
BRDA:288,17,0,16
BRDA:288,17,1,16
BRDA:293,18,0,0
BRDA:335,19,0,24
BRDA:335,19,1,27
BRDA:337,20,0,4
BRDA:337,20,1,20
BRDA:339,21,0,2
BRDA:339,21,1,2
BRDA:354,22,0,27
BRDA:356,23,0,2
BRDA:356,23,1,22
BRDA:356,24,0,24
BRDA:356,24,1,4
BRDA:358,25,0,20
BRDA:368,26,0,0
BRDA:370,27,0,6
BRDA:370,27,1,68
BRDA:370,28,0,74
BRDA:370,28,1,6
BRDA:373,29,0,68
BRDA:373,29,1,0
BRDA:384,30,0,0
BRDA:412,31,0,0
BRDA:412,31,1,0
BRDA:420,32,0,0
BRDA:428,33,0,0
BRDA:450,34,0,4
BRDA:450,35,0,51
BRDA:450,35,1,30
BRDA:451,36,0,0
BRDA:451,37,0,47
BRDA:451,37,1,21
BRDA:460,38,0,0
BRDA:460,39,0,51
BRDA:460,39,1,26
BRDA:461,40,0,0
BRDA:461,41,0,51
BRDA:461,41,1,25
BRDA:470,42,0,0
BRDA:470,43,0,22
BRDA:470,43,1,15
BRDA:471,44,0,0
BRDA:471,45,0,22
BRDA:471,45,1,7
BRDA:483,46,0,0
BRDA:483,47,0,7
BRDA:483,47,1,0
BRDA:484,48,0,2
BRDA:484,49,0,7
BRDA:484,49,1,7
BRDA:487,50,0,5
BRDA:487,51,0,5
BRDA:487,51,1,5
BRDA:488,52,0,0
BRDA:488,53,0,5
BRDA:488,53,1,0
BRDA:489,54,0,0
BRDA:489,55,0,5
BRDA:489,55,1,5
BRDA:497,56,0,4
BRDA:497,56,1,47
BRDA:520,57,0,24
BRDA:520,57,1,78
BRDA:521,58,0,46
BRDA:521,58,1,56
BRDA:522,59,0,22
BRDA:522,59,1,34
BRDA:523,60,0,22
BRDA:523,60,1,12
BRDA:528,61,0,102
BRDA:540,62,0,51
BRDA:562,63,0,2
BRDA:562,63,1,6
BRDA:563,64,0,2
BRDA:563,64,1,6
BRDA:564,65,0,2
BRDA:564,65,1,4
BRDA:565,66,0,2
BRDA:565,66,1,2
BRDA:570,67,0,8
BRDA:578,68,0,4
BRDA:600,69,0,7
BRDA:600,69,1,44
BRDA:616,70,0,30
BRDA:616,70,1,0
BRDA:617,71,0,10
BRDA:617,71,1,20
BRDA:618,72,0,0
BRDA:618,72,1,30
BRDA:620,73,0,3
BRDA:620,73,1,3
BRDA:623,74,0,30
BRDA:632,75,0,51
BRDA:632,75,1,44
BRDA:632,75,2,17
BRDA:634,76,0,2
BRDA:634,76,1,0
BRDA:635,77,0,0
BRDA:635,77,1,2
BRDA:659,78,0,3
BRDA:664,79,0,7
BRDA:675,80,0,4
BRDA:675,80,1,10
BRDA:675,81,0,14
BRDA:675,81,1,14
BRDA:676,82,0,0
BRDA:676,82,1,14
BRDA:677,83,0,12
BRDA:677,83,1,2
BRDA:679,84,0,2
BRDA:679,84,1,2
BRDA:682,85,0,14
BRDA:682,85,1,14
BRDA:695,86,0,51
BRDA:695,86,1,48
BRDA:695,86,2,7
BRF:140
BRH:115
end_of_record
TN:
SF:components\spotify\spotify-player.tsx
FN:14,SpotifyPlayer
FN:28,(anonymous_2)
FN:43,(anonymous_3)
FN:47,(anonymous_4)
FN:55,(anonymous_5)
FN:83,(anonymous_6)
FN:84,(anonymous_7)
FN:97,(anonymous_8)
FN:103,(anonymous_9)
FN:118,(anonymous_10)
FN:130,(anonymous_11)
FN:136,(anonymous_12)
FN:140,(anonymous_13)
FN:148,(anonymous_14)
FN:188,(anonymous_15)
FN:214,(anonymous_16)
FNF:16
FNH:7
FNDA:8,SpotifyPlayer
FNDA:8,(anonymous_2)
FNDA:0,(anonymous_3)
FNDA:0,(anonymous_4)
FNDA:1,(anonymous_5)
FNDA:8,(anonymous_6)
FNDA:8,(anonymous_7)
FNDA:8,(anonymous_8)
FNDA:0,(anonymous_9)
FNDA:0,(anonymous_10)
FNDA:0,(anonymous_11)
FNDA:0,(anonymous_12)
FNDA:0,(anonymous_13)
FNDA:0,(anonymous_14)
FNDA:0,(anonymous_15)
FNDA:1,(anonymous_16)
DA:3,1
DA:4,1
DA:14,8
DA:19,8
DA:20,8
DA:21,8
DA:22,8
DA:23,8
DA:24,8
DA:25,8
DA:28,8
DA:29,8
DA:31,6
DA:32,0
DA:33,0
DA:34,0
DA:38,6
DA:39,6
DA:40,6
DA:43,6
DA:44,0
DA:47,6
DA:48,0
DA:49,0
DA:50,0
DA:51,0
DA:55,6
DA:56,1
DA:57,1
DA:58,1
DA:59,1
DA:60,0
DA:65,6
DA:66,6
DA:67,6
DA:70,2
DA:71,0
DA:72,0
DA:73,0
DA:74,0
DA:76,2
DA:77,2
DA:78,2
DA:83,8
DA:84,8
DA:85,8
DA:86,6
DA:87,6
DA:88,6
DA:90,8
DA:91,0
DA:97,8
DA:98,8
DA:99,6
DA:103,8
DA:104,0
DA:106,0
DA:107,0
DA:108,0
DA:109,0
DA:110,0
DA:111,0
DA:114,0
DA:115,0
DA:118,0
DA:119,0
DA:120,0
DA:125,0
DA:126,0
DA:130,8
DA:131,0
DA:132,0
DA:133,0
DA:136,8
DA:137,0
DA:140,8
DA:141,0
DA:142,0
DA:143,0
DA:144,0
DA:148,8
DA:149,0
DA:150,0
DA:151,0
DA:154,8
DA:172,7
DA:188,0
DA:214,1
LF:88
LH:48
BRDA:17,0,0,7
BRDA:29,1,0,6
BRDA:29,1,1,2
BRDA:31,2,0,0
BRDA:39,3,0,0
BRDA:39,3,1,6
BRDA:50,4,0,0
BRDA:59,5,0,0
BRDA:70,6,0,0
BRDA:85,7,0,6
BRDA:90,8,0,0
BRDA:98,9,0,6
BRDA:99,10,0,0
BRDA:99,10,1,6
BRDA:104,11,0,0
BRDA:104,12,0,0
BRDA:104,12,1,0
BRDA:107,13,0,0
BRDA:107,13,1,0
BRDA:110,14,0,0
BRDA:119,15,0,0
BRDA:142,16,0,0
BRDA:154,17,0,1
BRDA:172,18,0,1
BRF:24
BRH:9
end_of_record
TN:
SF:components\spotify\spotify-search.tsx
FN:15,SpotifySearch
FN:20,(anonymous_2)
FN:53,(anonymous_3)
FN:64,(anonymous_4)
FNF:4
FNH:4
FNDA:78,SpotifySearch
FNDA:7,(anonymous_2)
FNDA:60,(anonymous_3)
FNDA:59,(anonymous_4)
DA:3,1
DA:4,1
DA:5,1
DA:6,1
DA:7,1
DA:8,1
DA:15,10
DA:16,78
DA:17,78
DA:18,78
DA:20,78
DA:21,7
DA:22,2
DA:27,2
DA:30,5
DA:31,5
DA:32,5
DA:33,4
DA:35,4
DA:36,1
DA:42,1
DA:43,1
DA:49,5
DA:53,78
DA:54,60
DA:55,1
DA:64,59
LF:27
LH:27
BRDA:15,0,0,76
BRDA:21,1,0,2
BRDA:35,2,0,1
BRDA:54,3,0,1
BRDA:66,4,0,78
BRDA:66,4,1,77
BRDA:70,5,0,78
BRDA:70,5,1,77
BRDA:73,6,0,5
BRF:9
BRH:9
end_of_record
TN:
SF:components\spotify\spotify-tab.tsx
FN:18,SpotifyTab
FN:24,(anonymous_2)
FN:52,(anonymous_3)
FN:78,(anonymous_4)
FN:82,(anonymous_5)
FN:111,(anonymous_6)
FN:112,(anonymous_7)
FN:157,(anonymous_8)
FN:167,(anonymous_9)
FNF:9
FNH:9
FNDA:54,SpotifyTab
FNDA:8,(anonymous_2)
FNDA:2,(anonymous_3)
FNDA:2,(anonymous_4)
FNDA:1,(anonymous_5)
FNDA:17,(anonymous_6)
FNDA:18,(anonymous_7)
FNDA:9,(anonymous_8)
FNDA:2,(anonymous_9)
DA:3,1
DA:4,1
DA:5,1
DA:6,1
DA:7,1
DA:8,1
DA:9,1
DA:10,1
DA:18,16
DA:19,54
DA:20,54
DA:21,54
DA:22,54
DA:24,54
DA:25,8
DA:26,8
DA:27,8
DA:29,8
DA:30,1
DA:33,8
DA:34,7
DA:36,7
DA:41,1
DA:42,1
DA:48,8
DA:52,54
DA:53,2
DA:55,2
DA:56,2
DA:57,2
DA:58,2
DA:60,2
DA:61,0
DA:67,0
DA:68,0
DA:74,2
DA:78,54
DA:79,2
DA:82,54
DA:83,1
DA:84,1
DA:111,17
DA:112,18
DA:158,9
DA:167,2
LF:45
LH:42
BRDA:29,0,0,1
BRDA:53,1,0,0
BRDA:60,2,0,0
BRDA:98,3,0,4
BRDA:98,3,1,50
BRDA:112,4,0,18
BRDA:112,4,1,1
BRDA:116,5,0,10
BRDA:129,6,0,10
BRDA:145,7,0,9
BRDA:145,7,1,45
BRDA:150,8,0,10
BRDA:157,9,0,9
BRDA:161,10,0,0
BRDA:161,10,1,9
BRDA:163,11,0,2
BRDA:163,11,1,7
BRDA:170,12,0,9
BRDA:185,13,0,9
BRDA:185,13,1,0
BRDA:188,14,0,9
BRF:21
BRH:17
end_of_record
TN:
SF:components\spotify\spotify-track-card.tsx
FN:18,SpotifyTrackCard
FN:26,(anonymous_3)
FN:30,(anonymous_4)
FN:84,(anonymous_5)
FNF:4
FNH:2
FNDA:9,SpotifyTrackCard
FNDA:1,(anonymous_3)
FNDA:0,(anonymous_4)
FNDA:0,(anonymous_5)
DA:4,1
DA:5,1
DA:6,1
DA:18,9
DA:26,9
DA:27,1
DA:30,9
DA:31,0
DA:32,0
DA:84,0
LF:10
LH:7
BRDA:20,0,0,9
BRDA:21,1,0,9
BRDA:24,2,0,9
BRDA:38,3,0,0
BRDA:38,3,1,9
BRDA:46,4,0,9
BRDA:69,5,0,9
BRDA:69,5,1,8
BRDA:69,5,2,8
BRDA:72,6,0,0
BRDA:93,7,0,9
BRDA:93,7,1,1
BRF:12
BRH:10
end_of_record
TN:
SF:components\users\create-client-form.tsx
FN:81,RegisterClientForm
FN:102,(anonymous_5)
FN:105,(anonymous_6)
FN:107,(anonymous_7)
FN:108,(anonymous_8)
FN:128,(anonymous_9)
FN:139,(anonymous_10)
FN:145,(anonymous_11)
FN:154,onSubmit
FN:265,(anonymous_18)
FN:304,(anonymous_21)
FN:326,(anonymous_23)
FN:350,(anonymous_25)
FN:386,(anonymous_28)
FNF:14
FNH:0
FNDA:0,RegisterClientForm
FNDA:0,(anonymous_5)
FNDA:0,(anonymous_6)
FNDA:0,(anonymous_7)
FNDA:0,(anonymous_8)
FNDA:0,(anonymous_9)
FNDA:0,(anonymous_10)
FNDA:0,(anonymous_11)
FNDA:0,onSubmit
FNDA:0,(anonymous_18)
FNDA:0,(anonymous_21)
FNDA:0,(anonymous_23)
FNDA:0,(anonymous_25)
FNDA:0,(anonymous_28)
DA:2,0
DA:4,0
DA:5,0
DA:6,0
DA:7,0
DA:15,0
DA:16,0
DA:17,0
DA:18,0
DA:19,0
DA:20,0
DA:21,0
DA:22,0
DA:25,0
DA:81,0
DA:82,0
DA:83,0
DA:84,0
DA:85,0
DA:86,0
DA:99,0
DA:102,0
DA:107,0
DA:108,0
DA:110,0
DA:128,0
DA:129,0
DA:130,0
DA:131,0
DA:132,0
DA:133,0
DA:134,0
DA:139,0
DA:140,0
DA:141,0
DA:145,0
DA:146,0
DA:147,0
DA:155,0
DA:156,0
DA:159,0
DA:161,0
DA:167,0
DA:173,0
DA:174,0
DA:180,0
DA:188,0
DA:190,0
DA:266,0
DA:267,0
DA:305,0
DA:306,0
DA:327,0
DA:328,0
DA:351,0
DA:352,0
DA:386,0
LF:57
LH:0
BRDA:129,0,0,0
BRDA:132,1,0,0
BRDA:140,2,0,0
BRDA:146,3,0,0
BRDA:173,4,0,0
BRDA:173,4,1,0
BRDA:331,5,0,0
BRDA:331,5,1,0
BRDA:355,6,0,0
BRDA:355,6,1,0
BRDA:355,6,2,0
BRDA:385,7,0,0
BRDA:385,7,1,0
BRDA:404,8,0,0
BRDA:404,8,1,0
BRF:15
BRH:0
end_of_record
TN:
SF:components\users\delete-user-button.tsx
FN:23,DeleteUserButton
FN:28,(anonymous_2)
FNF:2
FNH:2
FNDA:16,DeleteUserButton
FNDA:2,(anonymous_2)
DA:1,1
DA:2,1
DA:13,1
DA:14,1
DA:15,1
DA:16,1
DA:23,7
DA:24,16
DA:25,16
DA:26,16
DA:28,16
DA:29,2
DA:30,2
DA:31,1
DA:36,1
DA:38,1
DA:39,1
DA:45,0
LF:18
LH:17
BRDA:38,0,0,1
BRDA:38,0,1,0
BRDA:76,1,0,2
BRDA:76,1,1,14
BRF:4
BRH:3
end_of_record
TN:
SF:components\users\edit-user-form.tsx
FN:22,(anonymous_4)
FN:41,(anonymous_5)
FN:43,(anonymous_6)
FN:49,(anonymous_7)
FN:50,(anonymous_8)
FN:54,(anonymous_9)
FN:59,(anonymous_10)
FN:201,(anonymous_11)
FN:206,(anonymous_12)
FN:220,(anonymous_13)
FNF:10
FNH:9
FNDA:19,(anonymous_4)
FNDA:6,(anonymous_5)
FNDA:6,(anonymous_6)
FNDA:3,(anonymous_7)
FNDA:3,(anonymous_8)
FNDA:2,(anonymous_9)
FNDA:4,(anonymous_10)
FNDA:57,(anonymous_11)
FNDA:3,(anonymous_12)
FNDA:0,(anonymous_13)
DA:1,1
DA:3,1
DA:4,1
DA:5,1
DA:6,1
DA:13,1
DA:14,1
DA:15,1
DA:16,1
DA:22,9
DA:23,19
DA:24,19
DA:34,19
DA:36,19
DA:37,19
DA:39,19
DA:41,19
DA:42,6
DA:43,6
DA:49,19
DA:50,3
DA:51,3
DA:52,2
DA:54,2
DA:59,19
DA:60,4
DA:62,4
DA:63,0
DA:68,0
DA:71,4
DA:72,4
DA:73,2
DA:75,1
DA:81,1
DA:83,3
DA:84,3
DA:202,57
DA:206,3
DA:220,0
LF:39
LH:36
BRDA:31,0,0,19
BRDA:31,0,1,0
BRDA:34,1,0,19
BRDA:34,1,1,0
BRDA:51,2,0,2
BRDA:51,2,1,1
BRDA:62,3,0,0
BRDA:83,4,0,2
BRDA:83,4,1,1
BRDA:85,5,0,2
BRDA:85,5,1,1
BRDA:228,6,0,1
BRDA:228,6,1,18
BRF:13
BRH:10
end_of_record
TN:
SF:components\users\profile-picture-edit.tsx
FN:16,(anonymous_4)
FN:21,(anonymous_5)
FN:25,(anonymous_6)
FN:28,(anonymous_7)
FN:65,(anonymous_8)
FN:91,(anonymous_9)
FNF:6
FNH:0
FNDA:0,(anonymous_4)
FNDA:0,(anonymous_5)
FNDA:0,(anonymous_6)
FNDA:0,(anonymous_7)
FNDA:0,(anonymous_8)
FNDA:0,(anonymous_9)
DA:3,0
DA:5,0
DA:6,0
DA:7,0
DA:8,0
DA:9,0
DA:10,0
DA:16,0
DA:17,0
DA:18,0
DA:19,0
DA:21,0
DA:22,0
DA:25,0
DA:26,0
DA:28,0
DA:29,0
DA:31,0
DA:32,0
DA:33,0
DA:37,0
DA:38,0
DA:40,0
DA:42,0
DA:43,0
DA:46,0
DA:47,0
DA:48,0
DA:49,0
DA:50,0
DA:51,0
DA:52,0
DA:53,0
DA:57,0
DA:65,0
DA:66,0
DA:68,0
DA:69,0
DA:70,0
DA:74,0
DA:75,0
DA:77,0
DA:79,0
DA:80,0
DA:83,0
DA:91,0
DA:92,0
DA:93,0
LF:48
LH:0
BRDA:29,0,0,0
BRDA:29,1,0,0
BRDA:29,1,1,0
BRDA:42,2,0,0
BRDA:46,3,0,0
BRDA:46,3,1,0
BRDA:48,4,0,0
BRDA:48,4,1,0
BRDA:50,5,0,0
BRDA:50,5,1,0
BRDA:52,6,0,0
BRDA:66,7,0,0
BRDA:79,8,0,0
BRDA:110,9,0,0
BRDA:110,9,1,0
BRDA:110,9,2,0
BRDA:117,10,0,0
BRDA:117,10,1,0
BRDA:123,11,0,0
BRDA:123,11,1,0
BRDA:144,12,0,0
BRDA:144,12,1,0
BRDA:146,13,0,0
BRDA:146,13,1,0
BRF:24
BRH:0
end_of_record
TN:
SF:components\users\user-profile.tsx
FN:15,(anonymous_5)
FN:31,(anonymous_6)
FN:45,(anonymous_7)
FNF:3
FNH:3
FNDA:26,(anonymous_5)
FNDA:1,(anonymous_6)
FNDA:25,(anonymous_7)
DA:1,1
DA:2,1
DA:4,1
DA:5,1
DA:7,1
DA:8,1
DA:9,1
DA:10,1
DA:15,1
DA:16,26
DA:31,1
DA:46,25
DA:181,25
LF:13
LH:13
BRDA:26,0,0,3
BRDA:25,1,0,26
BRDA:25,1,1,25
BRDA:25,1,2,23
BRDA:27,2,0,3
BRDA:27,2,1,1
BRDA:27,2,2,0
BRDA:70,3,0,22
BRDA:70,3,1,4
BRDA:73,4,0,26
BRDA:95,5,0,26
BRDA:132,6,0,26
BRDA:158,7,0,25
BRDA:158,7,1,1
BRDA:159,8,0,25
BRDA:159,8,1,1
BRDA:164,9,0,26
BRF:17
BRH:16
end_of_record
TN:
SF:components\users\users-table.tsx
FN:19,UsersTable
FN:32,(anonymous_3)
FNF:2
FNH:2
FNDA:14,UsersTable
FNDA:1019,(anonymous_3)
DA:2,1
DA:3,1
DA:4,1
DA:12,1
DA:19,14
DA:33,1019
LF:6
LH:6
BRF:0
BRH:0
end_of_record
TN:
SF:hooks\use-candle-model-export.ts
FN:14,(anonymous_4)
FN:16,(anonymous_5)
FN:47,(anonymous_6)
FN:57,(anonymous_7)
FN:67,(anonymous_8)
FN:75,(anonymous_9)
FN:91,(anonymous_10)
FN:101,(anonymous_11)
FN:152,(anonymous_12)
FN:236,(anonymous_13)
FN:239,(anonymous_14)
FN:248,(anonymous_15)
FNF:12
FNH:0
FNDA:0,(anonymous_4)
FNDA:0,(anonymous_5)
FNDA:0,(anonymous_6)
FNDA:0,(anonymous_7)
FNDA:0,(anonymous_8)
FNDA:0,(anonymous_9)
FNDA:0,(anonymous_10)
FNDA:0,(anonymous_11)
FNDA:0,(anonymous_12)
FNDA:0,(anonymous_13)
FNDA:0,(anonymous_14)
FNDA:0,(anonymous_15)
DA:1,0
DA:2,0
DA:3,0
DA:4,0
DA:14,0
DA:16,0
DA:20,0
DA:22,0
DA:23,0
DA:24,0
DA:27,0
DA:28,0
DA:30,0
DA:31,0
DA:34,0
DA:37,0
DA:38,0
DA:39,0
DA:40,0
DA:41,0
DA:43,0
DA:47,0
DA:51,0
DA:54,0
DA:55,0
DA:57,0
DA:58,0
DA:59,0
DA:63,0
DA:66,0
DA:68,0
DA:69,0
DA:72,0
DA:75,0
DA:76,0
DA:84,0
DA:87,0
DA:88,0
DA:91,0
DA:92,0
DA:94,0
DA:95,0
DA:99,0
DA:100,0
DA:101,0
DA:102,0
DA:104,0
DA:105,0
DA:106,0
DA:107,0
DA:111,0
DA:112,0
DA:113,0
DA:114,0
DA:115,0
DA:121,0
DA:126,0
DA:127,0
DA:128,0
DA:132,0
DA:133,0
DA:134,0
DA:135,0
DA:142,0
DA:145,0
DA:146,0
DA:147,0
DA:150,0
DA:151,0
DA:153,0
DA:163,0
DA:164,0
DA:167,0
DA:168,0
DA:178,0
DA:179,0
DA:180,0
DA:181,0
DA:185,0
DA:186,0
DA:188,0
DA:193,0
DA:194,0
DA:197,0
DA:203,0
DA:211,0
DA:215,0
DA:216,0
DA:217,0
DA:220,0
DA:221,0
DA:225,0
DA:226,0
DA:229,0
DA:231,0
DA:234,0
DA:236,0
DA:237,0
DA:240,0
DA:241,0
DA:243,0
DA:248,0
DA:262,0
DA:267,0
DA:273,0
DA:274,0
DA:278,0
DA:287,0
DA:288,0
DA:289,0
DA:295,0
DA:298,0
DA:300,0
DA:301,0
DA:311,0
LF:115
LH:0
BRDA:18,0,0,0
BRDA:20,1,0,0
BRDA:24,2,0,0
BRDA:58,3,0,0
BRDA:92,4,0,0
BRDA:94,5,0,0
BRDA:99,6,0,0
BRDA:100,7,0,0
BRDA:100,7,1,0
BRDA:102,8,0,0
BRDA:106,9,0,0
BRDA:111,10,0,0
BRDA:114,11,0,0
BRDA:121,12,0,0
BRDA:122,13,0,0
BRDA:122,13,1,0
BRDA:122,13,2,0
BRDA:126,14,0,0
BRDA:129,15,0,0
BRDA:129,15,1,0
BRDA:145,16,0,0
BRDA:193,17,0,0
BRDA:240,18,0,0
BRDA:240,18,1,0
BRDA:288,19,0,0
BRDA:288,19,1,0
BRDA:303,20,0,0
BRDA:303,20,1,0
BRF:28
BRH:0
end_of_record
TN:
SF:hooks\use-country-state-city.ts
FN:21,useCountryStateCity
FN:27,(anonymous_2)
FN:28,(anonymous_3)
FN:37,(anonymous_4)
FN:40,(anonymous_5)
FN:43,(anonymous_6)
FN:54,(anonymous_7)
FN:57,(anonymous_8)
FN:63,(anonymous_9)
FN:67,(anonymous_10)
FN:76,(anonymous_11)
FN:92,(anonymous_12)
FN:98,(anonymous_13)
FN:103,(anonymous_14)
FN:104,(anonymous_15)
FNF:15
FNH:15
FNDA:63,useCountryStateCity
FNDA:15,(anonymous_2)
FNDA:786,(anonymous_3)
FNDA:27,(anonymous_4)
FNDA:20,(anonymous_5)
FNDA:18,(anonymous_6)
FNDA:34,(anonymous_7)
FNDA:28,(anonymous_8)
FNDA:13,(anonymous_9)
FNDA:6,(anonymous_10)
FNDA:4,(anonymous_11)
FNDA:27,(anonymous_12)
FNDA:22,(anonymous_13)
FNDA:3,(anonymous_14)
FNDA:6,(anonymous_15)
DA:3,2
DA:4,2
DA:21,63
DA:22,63
DA:23,63
DA:24,63
DA:27,63
DA:28,786
DA:37,63
DA:38,27
DA:40,20
DA:41,12
DA:43,18
DA:51,63
DA:54,63
DA:55,34
DA:57,28
DA:58,19
DA:60,18
DA:61,18
DA:63,13
DA:64,7
DA:66,6
DA:67,6
DA:73,11
DA:75,2
DA:76,4
DA:84,1
DA:85,1
DA:88,9
DA:92,63
DA:93,27
DA:94,27
DA:98,63
DA:99,22
DA:103,63
DA:104,6
DA:105,3
DA:108,63
LF:39
LH:39
BRDA:38,0,0,15
BRDA:41,1,0,1
BRDA:55,2,0,15
BRDA:58,3,0,1
BRDA:61,4,0,7
BRDA:61,4,1,11
BRDA:61,5,0,18
BRDA:61,5,1,16
BRDA:64,6,0,1
BRDA:67,7,0,5
BRDA:67,7,1,1
BRDA:70,8,0,6
BRDA:70,8,1,0
BRDA:73,9,0,2
BRDA:76,10,0,2
BRDA:76,10,1,0
BRDA:79,11,0,4
BRDA:79,11,1,4
BRDA:105,12,0,2
BRDA:105,12,1,1
BRF:20
BRH:18
end_of_record
TN:
SF:hooks\use-mobile.tsx
FN:5,useIsMobile
FN:8,(anonymous_5)
FN:10,(anonymous_6)
FN:15,(anonymous_7)
FNF:4
FNH:4
FNDA:15,useIsMobile
FNDA:7,(anonymous_5)
FNDA:1,(anonymous_6)
FNDA:7,(anonymous_7)
DA:1,1
DA:3,1
DA:5,15
DA:6,15
DA:8,15
DA:9,7
DA:10,7
DA:11,1
DA:13,7
DA:14,7
DA:15,7
DA:18,15
LF:12
LH:12
BRF:0
BRH:0
end_of_record
TN:
SF:hooks\use-preview-navigation.ts
FN:5,usePreviewNavigation
FN:12,(anonymous_2)
FN:18,(anonymous_3)
FN:23,(anonymous_4)
FNF:4
FNH:4
FNDA:14,usePreviewNavigation
FNDA:14,(anonymous_2)
FNDA:2,(anonymous_3)
FNDA:6,(anonymous_4)
DA:1,1
DA:2,1
DA:3,1
DA:5,14
DA:6,14
DA:7,14
DA:8,14
DA:10,14
DA:12,14
DA:13,14
DA:14,4
DA:18,14
DA:19,2
DA:20,2
DA:23,14
DA:24,6
DA:25,1
DA:27,5
DA:31,14
LF:19
LH:19
BRDA:13,0,0,4
BRDA:24,1,0,1
BRDA:24,1,1,5
BRDA:32,2,0,14
BRDA:32,2,1,11
BRF:5
BRH:5
end_of_record
TN:
SF:hooks\use-safe-texture.ts
FN:4,useSafeTexture
FN:10,(anonymous_5)
FN:11,(anonymous_6)
FN:16,(anonymous_7)
FN:24,(anonymous_8)
FN:32,(anonymous_9)
FN:49,(anonymous_10)
FNF:7
FNH:6
FNDA:14,useSafeTexture
FNDA:7,(anonymous_5)
FNDA:7,(anonymous_6)
FNDA:5,(anonymous_7)
FNDA:1,(anonymous_8)
FNDA:0,(anonymous_9)
FNDA:9,(anonymous_10)
DA:1,1
DA:2,1
DA:4,14
DA:5,14
DA:6,14
DA:7,14
DA:8,14
DA:10,14
DA:11,7
DA:12,7
DA:16,14
DA:17,5
DA:19,5
DA:20,5
DA:22,5
DA:25,1
DA:26,0
DA:27,0
DA:28,0
DA:33,0
DA:34,0
DA:35,0
DA:36,0
DA:39,0
DA:40,0
DA:42,0
DA:49,14
DA:50,9
DA:51,5
DA:53,4
DA:54,4
DA:55,4
DA:59,14
LF:33
LH:23
BRDA:16,0,0,5
BRDA:17,1,0,0
BRDA:25,2,0,0
BRDA:33,3,0,0
BRDA:39,4,0,0
BRDA:39,4,1,0
BRDA:39,5,0,0
BRDA:39,5,1,0
BRDA:39,5,2,0
BRDA:50,6,0,5
BRDA:50,6,1,4
BRF:11
BRH:3
end_of_record
TN:
SF:hooks\use-toast.ts
FN:27,genId
FN:58,(anonymous_8)
FN:63,(anonymous_9)
FN:74,(anonymous_10)
FN:85,(anonymous_11)
FN:98,(anonymous_12)
FN:105,(anonymous_13)
FN:124,(anonymous_14)
FN:133,dispatch
FN:135,(anonymous_16)
FN:142,toast
FN:145,(anonymous_18)
FN:150,(anonymous_19)
FN:158,(anonymous_20)
FN:171,useToast
FN:174,(anonymous_22)
FN:176,(anonymous_23)
FN:187,(anonymous_24)
FNF:18
FNH:16
FNDA:10,genId
FNDA:6,(anonymous_8)
FNDA:0,(anonymous_9)
FNDA:20,(anonymous_10)
FNDA:2,(anonymous_11)
FNDA:3,(anonymous_12)
FNDA:7,(anonymous_13)
FNDA:2,(anonymous_14)
FNDA:14,dispatch
FNDA:11,(anonymous_16)
FNDA:10,toast
FNDA:1,(anonymous_18)
FNDA:1,(anonymous_19)
FNDA:0,(anonymous_20)
FNDA:36,useToast
FNDA:22,(anonymous_22)
FNDA:22,(anonymous_23)
FNDA:2,(anonymous_24)
DA:4,7
DA:8,7
DA:9,7
DA:18,7
DA:25,7
DA:28,10
DA:29,10
DA:56,7
DA:58,7
DA:59,6
DA:60,1
DA:63,5
DA:64,0
DA:65,0
DA:71,5
DA:74,9
DA:75,20
DA:77,11
DA:83,2
DA:86,2
DA:91,5
DA:95,5
DA:96,3
DA:98,2
DA:99,3
DA:103,5
DA:106,7
DA:116,2
DA:117,1
DA:122,1
DA:124,2
DA:129,7
DA:131,7
DA:134,14
DA:135,14
DA:136,11
DA:143,10
DA:145,10
DA:146,1
DA:150,10
DA:152,10
DA:159,0
DA:164,10
DA:172,36
DA:174,36
DA:175,22
DA:176,22
DA:177,22
DA:178,22
DA:179,22
DA:184,36
DA:187,2
DA:191,39
LF:53
LH:50
BRDA:59,0,0,1
BRDA:75,1,0,11
BRDA:75,1,1,2
BRDA:75,1,2,5
BRDA:75,1,3,2
BRDA:86,2,0,2
BRDA:86,2,1,0
BRDA:95,3,0,3
BRDA:95,3,1,2
BRDA:106,4,0,6
BRDA:106,4,1,1
BRDA:106,5,0,7
BRDA:106,5,1,4
BRDA:116,6,0,1
BRDA:159,7,0,0
BRDA:178,8,0,22
BRF:16
BRH:14
end_of_record
TN:
SF:services\ai\ai.service.ts
FN:33,(anonymous_4)
FN:53,(anonymous_5)
FN:68,(anonymous_6)
FN:78,(anonymous_7)
FN:84,(anonymous_8)
FN:93,(anonymous_9)
FN:151,(anonymous_10)
FN:215,(anonymous_11)
FNF:8
FNH:8
FNDA:43,(anonymous_4)
FNDA:12,(anonymous_5)
FNDA:13,(anonymous_6)
FNDA:58,(anonymous_7)
FNDA:58,(anonymous_8)
FNDA:12,(anonymous_9)
FNDA:13,(anonymous_10)
FNDA:7,(anonymous_11)
DA:1,1
DA:29,51
DA:34,43
DA:35,43
DA:41,34
DA:43,9
DA:44,9
DA:57,12
DA:58,12
DA:62,12
DA:72,13
DA:73,13
DA:76,12
DA:79,58
DA:84,58
DA:87,12
DA:95,12
DA:98,12
DA:99,10
DA:102,12
DA:103,6
DA:107,12
DA:108,9
DA:112,12
DA:113,6
DA:117,12
DA:118,9
DA:122,12
DA:123,6
DA:126,12
DA:145,12
DA:155,13
DA:165,13
DA:166,12
DA:169,13
DA:170,11
DA:174,13
DA:175,12
DA:179,13
DA:180,11
DA:184,13
DA:185,12
DA:189,13
DA:190,11
DA:193,13
DA:209,13
DA:216,7
DA:217,7
DA:223,3
DA:225,4
DA:226,4
DA:232,2
LF:52
LH:52
BRDA:58,0,0,2
BRDA:58,0,1,10
BRDA:70,1,0,8
BRDA:84,2,0,58
BRDA:84,2,1,54
BRDA:98,3,0,10
BRDA:102,4,0,6
BRDA:107,5,0,9
BRDA:112,6,0,6
BRDA:117,7,0,9
BRDA:122,8,0,6
BRDA:165,9,0,12
BRDA:169,10,0,11
BRDA:174,11,0,12
BRDA:179,12,0,11
BRDA:184,13,0,12
BRDA:189,14,0,11
BRF:17
BRH:17
end_of_record
TN:
SF:services\aromas\aroma.service.ts
FN:8,(anonymous_1)
FN:17,(anonymous_2)
FN:26,(anonymous_3)
FN:35,(anonymous_4)
FN:44,(anonymous_5)
FN:53,(anonymous_6)
FN:62,(anonymous_7)
FN:70,(anonymous_8)
FN:93,(anonymous_9)
FN:104,(anonymous_10)
FN:134,(anonymous_11)
FN:145,(anonymous_12)
FNF:12
FNH:12
FNDA:3,(anonymous_1)
FNDA:8,(anonymous_2)
FNDA:2,(anonymous_3)
FNDA:3,(anonymous_4)
FNDA:4,(anonymous_5)
FNDA:4,(anonymous_6)
FNDA:4,(anonymous_7)
FNDA:3,(anonymous_8)
FNDA:3,(anonymous_9)
FNDA:4,(anonymous_10)
FNDA:4,(anonymous_11)
FNDA:4,(anonymous_12)
DA:1,4
DA:5,4
DA:7,4
DA:9,3
DA:10,3
DA:11,1
DA:13,2
DA:18,8
DA:19,8
DA:20,2
DA:22,6
DA:27,2
DA:28,2
DA:29,1
DA:31,1
DA:36,3
DA:37,3
DA:38,1
DA:40,2
DA:45,4
DA:46,4
DA:47,1
DA:49,3
DA:54,4
DA:55,4
DA:56,2
DA:58,2
DA:63,4
DA:64,4
DA:66,3
DA:74,3
DA:75,3
DA:76,3
DA:78,3
DA:79,1
DA:82,3
DA:83,1
DA:86,3
DA:87,2
DA:89,1
DA:94,3
DA:95,3
DA:98,2
DA:100,1
DA:109,4
DA:110,4
DA:111,4
DA:113,4
DA:114,2
DA:116,4
DA:117,1
DA:120,4
DA:121,2
DA:124,4
DA:125,3
DA:126,3
DA:128,1
DA:129,1
DA:135,4
DA:136,4
DA:137,1
DA:139,3
DA:140,3
DA:146,4
DA:147,4
DA:148,1
DA:150,3
DA:151,3
LF:68
LH:68
BRDA:78,0,0,1
BRDA:82,1,0,1
BRDA:113,2,0,2
BRDA:116,3,0,1
BRDA:120,4,0,2
BRF:5
BRH:5
end_of_record
TN:
SF:services\auth\auth.service.ts
FN:15,(anonymous_3)
FN:74,(anonymous_4)
FN:103,(anonymous_5)
FN:118,(anonymous_6)
FN:137,(anonymous_7)
FN:145,(anonymous_8)
FN:173,(anonymous_9)
FNF:7
FNH:7
FNDA:27,(anonymous_3)
FNDA:10,(anonymous_4)
FNDA:5,(anonymous_5)
FNDA:7,(anonymous_6)
FNDA:7,(anonymous_7)
FNDA:24,(anonymous_8)
FNDA:5,(anonymous_9)
DA:1,8
DA:2,8
DA:6,8
DA:15,8
DA:18,27
DA:19,27
DA:21,27
DA:24,27
DA:25,5
DA:26,5
DA:27,2
DA:29,3
DA:32,22
DA:34,14
DA:35,3
DA:37,11
DA:38,2
DA:40,9
DA:41,4
DA:43,5
DA:44,0
DA:46,5
DA:47,1
DA:49,4
DA:50,1
DA:52,3
DA:53,1
DA:58,10
DA:59,1
DA:61,9
DA:62,1
DA:64,8
DA:65,2
DA:67,6
DA:68,1
DA:71,5
DA:74,8
DA:75,10
DA:76,10
DA:77,2
DA:78,2
DA:80,8
DA:83,8
DA:84,1
DA:85,1
DA:89,7
DA:90,5
DA:91,5
DA:92,5
DA:96,2
DA:97,1
DA:100,1
DA:104,5
DA:105,5
DA:106,1
DA:109,4
DA:110,1
DA:113,3
DA:114,2
DA:116,1
DA:119,7
DA:120,7
DA:121,2
DA:124,5
DA:125,1
DA:128,4
DA:129,3
DA:130,3
DA:132,1
DA:133,1
DA:141,7
DA:142,7
DA:145,7
DA:146,24
DA:147,21
DA:152,7
DA:153,6
DA:156,7
DA:165,3
DA:167,4
DA:168,3
DA:170,1
DA:174,5
DA:175,5
DA:178,4
DA:179,1
DA:182,3
DA:183,2
DA:185,1
LF:89
LH:88
BRDA:21,0,0,27
BRDA:21,0,1,4
BRDA:24,1,0,5
BRDA:26,2,0,2
BRDA:32,3,0,14
BRDA:32,4,0,22
BRDA:32,4,1,14
BRDA:34,5,0,3
BRDA:37,6,0,2
BRDA:40,7,0,4
BRDA:43,8,0,0
BRDA:46,9,0,1
BRDA:49,10,0,1
BRDA:52,11,0,1
BRDA:58,12,0,1
BRDA:61,13,0,1
BRDA:64,14,0,2
BRDA:67,15,0,1
BRDA:83,16,0,1
BRDA:83,17,0,8
BRDA:83,17,1,7
BRDA:83,17,2,7
BRDA:83,17,3,7
BRDA:89,18,0,5
BRDA:96,19,0,1
BRDA:96,20,0,2
BRDA:96,20,1,1
BRDA:96,20,2,1
BRDA:96,20,3,1
BRDA:109,21,0,1
BRDA:109,22,0,4
BRDA:109,22,1,4
BRDA:109,22,2,4
BRDA:109,22,3,3
BRDA:113,23,0,2
BRDA:124,24,0,1
BRDA:124,25,0,5
BRDA:124,25,1,5
BRDA:124,25,2,5
BRDA:124,25,3,5
BRDA:128,26,0,3
BRDA:146,27,0,21
BRDA:146,28,0,24
BRDA:146,28,1,23
BRDA:146,28,2,22
BRDA:152,29,0,6
BRDA:167,30,0,3
BRDA:178,31,0,1
BRDA:178,32,0,4
BRDA:178,32,1,4
BRDA:178,32,2,4
BRDA:178,32,3,4
BRDA:182,33,0,2
BRF:53
BRH:52
end_of_record
TN:
SF:services\candles\candle.service.ts
FN:19,(anonymous_2)
FN:97,(anonymous_3)
FN:109,(anonymous_4)
FN:121,(anonymous_5)
FN:135,(anonymous_6)
FN:147,(anonymous_7)
FN:153,(anonymous_8)
FN:233,(anonymous_9)
FN:245,(anonymous_10)
FN:256,(anonymous_11)
FN:270,(anonymous_12)
FN:287,(anonymous_13)
FN:301,(anonymous_14)
FN:313,(anonymous_15)
FNF:14
FNH:14
FNDA:19,(anonymous_2)
FNDA:9,(anonymous_3)
FNDA:2,(anonymous_4)
FNDA:2,(anonymous_5)
FNDA:3,(anonymous_6)
FNDA:3,(anonymous_7)
FNDA:23,(anonymous_8)
FNDA:2,(anonymous_9)
FNDA:3,(anonymous_10)
FNDA:2,(anonymous_11)
FNDA:2,(anonymous_12)
FNDA:2,(anonymous_13)
FNDA:2,(anonymous_14)
FNDA:2,(anonymous_15)
DA:1,3
DA:2,3
DA:19,3
DA:20,19
DA:22,19
DA:24,19
DA:26,5
DA:27,5
DA:28,1
DA:30,4
DA:31,1
DA:33,3
DA:34,1
DA:36,2
DA:37,1
DA:39,1
DA:40,1
DA:42,0
DA:44,0
DA:47,1
DA:50,1
DA:53,2
DA:56,1
DA:57,1
DA:62,1
DA:64,0
DA:66,0
DA:69,2
DA:72,1
DA:75,1
DA:78,1
DA:82,4
DA:83,0
DA:85,4
DA:86,1
DA:88,3
DA:89,1
DA:92,2
DA:96,39
DA:98,9
DA:99,9
DA:100,1
DA:102,8
DA:103,6
DA:105,2
DA:110,2
DA:111,2
DA:112,1
DA:114,1
DA:115,1
DA:117,0
DA:122,2
DA:123,2
DA:124,2
DA:126,1
DA:128,1
DA:129,1
DA:131,0
DA:136,3
DA:137,3
DA:138,1
DA:140,2
DA:141,2
DA:143,0
DA:150,3
DA:151,3
DA:153,3
DA:154,23
DA:161,19
DA:162,19
DA:167,3
DA:168,2
DA:173,2
DA:175,1
DA:178,3
DA:179,1
DA:184,1
DA:186,2
DA:189,3
DA:190,1
DA:195,1
DA:197,2
DA:201,3
DA:202,3
DA:203,23
DA:204,4
DA:208,19
DA:212,3
DA:222,2
DA:223,2
DA:225,1
DA:226,1
DA:227,1
DA:229,0
DA:234,2
DA:235,2
DA:236,1
DA:238,1
DA:239,1
DA:241,0
DA:246,3
DA:247,3
DA:249,2
DA:250,2
DA:252,0
DA:257,2
DA:258,2
DA:261,1
DA:263,1
DA:264,1
DA:266,0
DA:274,2
DA:275,2
DA:278,1
DA:280,1
DA:281,1
DA:283,0
DA:288,2
DA:289,2
DA:292,1
DA:294,1
DA:295,1
DA:297,0
DA:302,2
DA:303,2
DA:304,1
DA:306,1
DA:307,1
DA:309,0
DA:314,2
DA:315,2
DA:316,1
DA:318,1
DA:319,1
DA:321,0
LF:135
LH:119
BRDA:22,0,0,19
BRDA:22,0,1,2
BRDA:24,1,0,5
BRDA:24,1,1,1
BRDA:24,1,2,1
BRDA:24,1,3,2
BRDA:24,1,4,1
BRDA:24,1,5,2
BRDA:24,1,6,1
BRDA:24,1,7,1
BRDA:24,1,8,1
BRDA:24,1,9,4
BRDA:26,2,0,5
BRDA:27,3,0,1
BRDA:30,4,0,1
BRDA:33,5,0,1
BRDA:36,6,0,1
BRDA:39,7,0,1
BRDA:56,8,0,1
BRDA:57,9,0,1
BRDA:58,10,0,1
BRDA:58,10,1,1
BRDA:58,10,2,0
BRDA:82,11,0,0
BRDA:82,12,0,4
BRDA:82,12,1,4
BRDA:85,13,0,1
BRDA:88,14,0,1
BRDA:92,15,0,2
BRDA:92,15,1,0
BRDA:102,16,0,6
BRDA:114,17,0,1
BRDA:128,18,0,1
BRDA:140,19,0,2
BRDA:154,20,0,19
BRDA:155,21,0,23
BRDA:155,21,1,23
BRDA:155,21,2,23
BRDA:155,21,3,21
BRDA:155,21,4,20
BRDA:167,22,0,2
BRDA:167,22,1,1
BRDA:178,23,0,1
BRDA:178,23,1,2
BRDA:189,24,0,1
BRDA:189,24,1,2
BRDA:203,25,0,4
BRDA:203,25,1,19
BRDA:226,26,0,1
BRDA:238,27,0,1
BRDA:249,28,0,2
BRDA:263,29,0,1
BRDA:280,30,0,1
BRDA:294,31,0,1
BRDA:306,32,0,1
BRDA:318,33,0,1
BRF:56
BRH:53
end_of_record
TN:
SF:services\cart\cart.service.ts
FN:21,(anonymous_2)
FN:77,(anonymous_3)
FN:82,(anonymous_4)
FN:87,(anonymous_5)
FN:92,(anonymous_6)
FN:97,(anonymous_7)
FN:102,(anonymous_8)
FN:123,(anonymous_9)
FN:162,(anonymous_10)
FN:175,(anonymous_11)
FN:188,(anonymous_12)
FN:212,(anonymous_13)
FN:247,(anonymous_14)
FN:259,(anonymous_15)
FN:271,(anonymous_16)
FN:284,(anonymous_17)
FN:288,(anonymous_18)
FN:311,(anonymous_19)
FN:312,(anonymous_20)
FN:313,(anonymous_21)
FN:314,(anonymous_22)
FN:315,(anonymous_23)
FN:328,(anonymous_24)
FNF:23
FNH:17
FNDA:12,(anonymous_2)
FNDA:0,(anonymous_3)
FNDA:0,(anonymous_4)
FNDA:0,(anonymous_5)
FNDA:0,(anonymous_6)
FNDA:0,(anonymous_7)
FNDA:4,(anonymous_8)
FNDA:2,(anonymous_9)
FNDA:3,(anonymous_10)
FNDA:5,(anonymous_11)
FNDA:2,(anonymous_12)
FNDA:2,(anonymous_13)
FNDA:2,(anonymous_14)
FNDA:2,(anonymous_15)
FNDA:2,(anonymous_16)
FNDA:2,(anonymous_17)
FNDA:0,(anonymous_18)
FNDA:1,(anonymous_19)
FNDA:2,(anonymous_20)
FNDA:2,(anonymous_21)
FNDA:2,(anonymous_22)
FNDA:2,(anonymous_23)
FNDA:1,(anonymous_24)
DA:1,8
DA:21,8
DA:22,12
DA:24,12
DA:27,12
DA:29,12
DA:31,2
DA:32,2
DA:33,1
DA:35,1
DA:36,0
DA:38,1
DA:39,0
DA:41,1
DA:42,0
DA:44,1
DA:46,0
DA:49,0
DA:52,1
DA:55,3
DA:56,1
DA:58,2
DA:59,1
DA:61,1
DA:64,1
DA:67,2
DA:70,3
DA:74,26
DA:75,8
DA:78,0
DA:79,0
DA:83,0
DA:84,0
DA:88,0
DA:89,0
DA:93,0
DA:94,0
DA:98,0
DA:99,0
DA:103,4
DA:105,4
DA:106,4
DA:107,3
DA:109,3
DA:110,0
DA:113,3
DA:115,3
DA:116,0
DA:120,3
DA:121,3
DA:123,2
DA:146,1
DA:149,1
DA:151,3
DA:152,3
DA:153,3
DA:155,0
DA:163,3
DA:164,3
DA:165,1
DA:167,2
DA:168,2
DA:176,5
DA:177,5
DA:178,1
DA:180,4
DA:181,4
DA:189,2
DA:191,2
DA:198,2
DA:202,1
DA:204,1
DA:205,1
DA:217,2
DA:219,2
DA:221,2
DA:222,2
DA:225,2
DA:226,1
DA:229,2
DA:230,1
DA:233,2
DA:237,1
DA:239,1
DA:240,1
DA:248,2
DA:249,2
DA:251,1
DA:252,1
DA:260,2
DA:261,2
DA:263,1
DA:264,1
DA:272,2
DA:273,2
DA:276,1
DA:278,1
DA:279,1
DA:285,2
DA:286,2
DA:287,1
DA:288,1
DA:289,0
DA:300,1
DA:301,1
DA:303,1
DA:304,1
DA:312,2
DA:313,2
DA:314,2
DA:315,2
DA:317,1
DA:329,1
LF:113
LH:94
BRDA:24,0,0,12
BRDA:24,0,1,3
BRDA:27,1,0,9
BRDA:27,1,1,3
BRDA:27,2,0,3
BRDA:27,2,1,3
BRDA:29,3,0,2
BRDA:29,3,1,0
BRDA:29,3,2,1
BRDA:29,3,3,3
BRDA:29,3,4,1
BRDA:29,3,5,2
BRDA:29,3,6,3
BRDA:31,4,0,2
BRDA:32,5,0,1
BRDA:35,6,0,0
BRDA:38,7,0,0
BRDA:41,8,0,0
BRDA:55,9,0,1
BRDA:58,10,0,1
BRDA:109,11,0,0
BRDA:115,12,0,0
BRDA:115,13,0,3
BRDA:115,13,1,3
BRDA:124,14,0,2
BRDA:124,14,1,0
BRDA:125,15,0,2
BRDA:125,15,1,0
BRDA:152,16,0,3
BRDA:221,17,0,2
BRDA:225,18,0,1
BRDA:229,19,0,1
BRDA:287,20,0,1
BRF:33
BRH:25
end_of_record
TN:
SF:services\containers\container.service.ts
FN:8,(anonymous_1)
FN:17,(anonymous_2)
FN:26,(anonymous_3)
FN:34,(anonymous_4)
FN:42,(anonymous_5)
FN:50,(anonymous_6)
FN:80,(anonymous_7)
FN:91,(anonymous_8)
FN:100,(anonymous_9)
FN:130,(anonymous_10)
FNF:10
FNH:10
FNDA:3,(anonymous_1)
FNDA:9,(anonymous_2)
FNDA:9,(anonymous_3)
FNDA:7,(anonymous_4)
FNDA:7,(anonymous_5)
FNDA:22,(anonymous_6)
FNDA:7,(anonymous_7)
FNDA:3,(anonymous_8)
FNDA:4,(anonymous_9)
FNDA:7,(anonymous_10)
DA:1,3
DA:5,3
DA:7,3
DA:9,3
DA:10,3
DA:11,1
DA:13,2
DA:18,9
DA:19,9
DA:20,2
DA:22,7
DA:27,9
DA:28,9
DA:29,5
DA:31,4
DA:35,7
DA:36,7
DA:37,3
DA:39,4
DA:46,7
DA:47,7
DA:50,7
DA:51,22
DA:52,19
DA:54,3
DA:55,3
DA:56,2
DA:59,16
DA:65,7
DA:66,4
DA:69,7
DA:74,5
DA:76,2
DA:84,7
DA:85,7
DA:86,4
DA:88,3
DA:96,3
DA:97,3
DA:100,3
DA:101,4
DA:102,4
DA:104,0
DA:105,0
DA:106,0
DA:109,4
DA:115,3
DA:116,2
DA:119,3
DA:124,2
DA:126,1
DA:131,7
DA:132,7
DA:134,5
LF:54
LH:51
BRDA:51,0,0,19
BRDA:51,1,0,22
BRDA:51,1,1,21
BRDA:51,1,2,20
BRDA:52,2,0,3
BRDA:52,2,1,16
BRDA:55,3,0,2
BRDA:55,4,0,3
BRDA:55,4,1,2
BRDA:65,5,0,4
BRDA:101,6,0,4
BRDA:101,7,0,4
BRDA:101,7,1,4
BRDA:101,7,2,4
BRDA:102,8,0,0
BRDA:102,8,1,4
BRDA:105,9,0,0
BRDA:105,10,0,0
BRDA:105,10,1,0
BRDA:115,11,0,2
BRF:20
BRH:16
end_of_record
TN:
SF:services\gifts\gift.service.ts
FN:8,(anonymous_1)
FN:17,(anonymous_2)
FN:26,(anonymous_3)
FN:35,(anonymous_4)
FN:43,(anonymous_5)
FN:76,(anonymous_6)
FN:85,(anonymous_7)
FN:94,(anonymous_8)
FN:121,(anonymous_9)
FNF:9
FNH:9
FNDA:17,(anonymous_1)
FNDA:12,(anonymous_2)
FNDA:10,(anonymous_3)
FNDA:13,(anonymous_4)
FNDA:43,(anonymous_5)
FNDA:12,(anonymous_6)
FNDA:7,(anonymous_7)
FNDA:20,(anonymous_8)
FNDA:11,(anonymous_9)
DA:1,1
DA:5,1
DA:7,1
DA:9,17
DA:10,17
DA:11,8
DA:13,9
DA:18,12
DA:19,12
DA:20,9
DA:22,3
DA:27,10
DA:28,10
DA:29,6
DA:31,4
DA:39,13
DA:40,13
DA:43,13
DA:44,43
DA:46,35
DA:47,13
DA:49,22
DA:55,13
DA:56,5
DA:60,13
DA:61,13
DA:62,40
DA:65,13
DA:70,10
DA:72,3
DA:77,12
DA:78,12
DA:79,7
DA:81,5
DA:90,7
DA:91,7
DA:94,7
DA:95,20
DA:97,18
DA:98,7
DA:100,11
DA:106,7
DA:107,3
DA:110,7
DA:115,5
DA:117,2
DA:122,11
DA:123,11
DA:125,5
LF:49
LH:49
BRDA:44,0,0,35
BRDA:44,1,0,43
BRDA:44,1,1,40
BRDA:44,1,2,38
BRDA:46,2,0,13
BRDA:46,2,1,22
BRDA:55,3,0,5
BRDA:95,4,0,18
BRDA:95,5,0,20
BRDA:95,5,1,20
BRDA:95,5,2,19
BRDA:97,6,0,7
BRDA:97,6,1,11
BRDA:106,7,0,3
BRF:14
BRH:14
end_of_record
TN:
SF:services\intended-impacts\intended-impact.service.ts
FN:8,(anonymous_1)
FN:18,(anonymous_2)
FN:27,(anonymous_3)
FN:37,(anonymous_4)
FN:47,(anonymous_5)
FN:65,(anonymous_6)
FN:82,(anonymous_7)
FN:91,(anonymous_8)
FNF:8
FNH:8
FNDA:3,(anonymous_1)
FNDA:10,(anonymous_2)
FNDA:3,(anonymous_3)
FNDA:5,(anonymous_4)
FNDA:4,(anonymous_5)
FNDA:5,(anonymous_6)
FNDA:4,(anonymous_7)
FNDA:5,(anonymous_8)
DA:1,2
DA:5,2
DA:7,2
DA:9,3
DA:10,3
DA:11,1
DA:13,2
DA:19,10
DA:20,10
DA:21,4
DA:23,6
DA:28,3
DA:29,3
DA:30,2
DA:32,1
DA:38,5
DA:39,5
DA:40,3
DA:42,2
DA:48,4
DA:50,4
DA:57,4
DA:58,1
DA:60,3
DA:66,5
DA:68,5
DA:69,5
DA:70,5
DA:71,5
DA:72,5
DA:74,5
DA:75,3
DA:77,2
DA:83,4
DA:84,4
DA:86,3
DA:92,5
DA:93,5
DA:94,5
DA:98,3
DA:100,2
LF:41
LH:41
BRDA:69,0,0,4
BRDA:70,1,0,2
BRDA:71,2,0,1
BRDA:72,3,0,1
BRDA:93,4,0,2
BRDA:93,4,1,3
BRF:6
BRH:6
end_of_record
TN:
SF:services\labels\labels.service.ts
FN:33,(anonymous_1)
FN:42,(anonymous_2)
FN:51,(anonymous_3)
FN:60,(anonymous_4)
FN:69,(anonymous_5)
FN:85,(anonymous_6)
FN:115,(anonymous_7)
FN:144,(anonymous_8)
FN:180,(anonymous_9)
FNF:9
FNH:9
FNDA:8,(anonymous_1)
FNDA:2,(anonymous_2)
FNDA:3,(anonymous_3)
FNDA:5,(anonymous_4)
FNDA:6,(anonymous_5)
FNDA:6,(anonymous_6)
FNDA:5,(anonymous_7)
FNDA:6,(anonymous_8)
FNDA:4,(anonymous_9)
DA:1,1
DA:30,1
DA:34,8
DA:35,8
DA:36,2
DA:38,6
DA:43,2
DA:44,2
DA:45,1
DA:47,1
DA:52,3
DA:53,3
DA:54,2
DA:56,1
DA:61,5
DA:62,5
DA:63,3
DA:65,2
DA:73,6
DA:74,6
DA:78,6
DA:79,4
DA:81,2
DA:91,6
DA:92,6
DA:93,6
DA:94,6
DA:95,6
DA:96,3
DA:98,6
DA:99,2
DA:102,6
DA:108,4
DA:110,2
DA:120,5
DA:121,5
DA:122,5
DA:123,5
DA:124,5
DA:125,2
DA:128,5
DA:138,3
DA:140,2
DA:149,6
DA:150,6
DA:152,3
DA:153,3
DA:154,3
DA:155,3
DA:156,2
DA:159,3
DA:169,3
DA:172,3
DA:173,1
DA:176,2
DA:181,4
DA:182,4
DA:184,3
DA:189,1
LF:59
LH:59
BRDA:74,0,0,2
BRDA:74,0,1,4
BRDA:95,1,0,3
BRDA:98,2,0,2
BRDA:124,3,0,2
BRDA:150,4,0,3
BRDA:150,4,1,3
BRDA:154,5,0,3
BRDA:154,5,1,0
BRDA:155,6,0,2
BRF:10
BRH:9
end_of_record
TN:
SF:services\main-option\main-option.service.ts
FN:8,(anonymous_1)
FN:18,(anonymous_2)
FN:28,(anonymous_3)
FN:41,(anonymous_4)
FN:53,(anonymous_5)
FN:66,(anonymous_6)
FNF:6
FNH:6
FNDA:5,(anonymous_1)
FNDA:12,(anonymous_2)
FNDA:10,(anonymous_3)
FNDA:7,(anonymous_4)
FNDA:7,(anonymous_5)
FNDA:6,(anonymous_6)
DA:1,3
DA:5,3
DA:7,3
DA:9,5
DA:10,5
DA:11,2
DA:13,3
DA:14,3
DA:19,12
DA:20,12
DA:21,4
DA:23,8
DA:24,8
DA:29,10
DA:30,10
DA:31,5
DA:33,5
DA:37,5
DA:44,7
DA:45,7
DA:46,3
DA:48,4
DA:49,4
DA:54,7
DA:55,7
DA:56,3
DA:58,4
DA:62,4
DA:67,6
DA:68,6
DA:70,5
DA:74,5
LF:32
LH:32
BRF:0
BRH:0
end_of_record
TN:
SF:services\orders\order.service.ts
FN:8,(anonymous_1)
FN:37,(anonymous_2)
FN:48,(anonymous_3)
FN:59,(anonymous_4)
FN:70,(anonymous_5)
FN:81,(anonymous_6)
FN:99,(anonymous_7)
FN:127,(anonymous_8)
FN:145,(anonymous_9)
FN:155,(anonymous_10)
FN:166,(anonymous_11)
FN:183,(anonymous_12)
FN:200,(anonymous_13)
FN:208,(anonymous_14)
FNF:14
FNH:14
FNDA:10,(anonymous_1)
FNDA:9,(anonymous_2)
FNDA:5,(anonymous_3)
FNDA:6,(anonymous_4)
FNDA:4,(anonymous_5)
FNDA:8,(anonymous_6)
FNDA:11,(anonymous_7)
FNDA:14,(anonymous_8)
FNDA:4,(anonymous_9)
FNDA:5,(anonymous_10)
FNDA:6,(anonymous_11)
FNDA:15,(anonymous_12)
FNDA:3,(anonymous_13)
FNDA:4,(anonymous_14)
DA:1,2
DA:2,2
DA:5,2
DA:7,2
DA:20,10
DA:21,10
DA:28,10
DA:29,4
DA:31,6
DA:32,6
DA:38,9
DA:39,9
DA:40,7
DA:42,2
DA:43,2
DA:49,5
DA:50,5
DA:51,3
DA:53,2
DA:54,2
DA:60,6
DA:61,6
DA:62,4
DA:64,2
DA:65,2
DA:71,4
DA:72,4
DA:73,2
DA:75,2
DA:76,2
DA:82,8
DA:83,8
DA:84,7
DA:87,7
DA:88,7
DA:91,7
DA:93,1
DA:94,1
DA:100,11
DA:101,11
DA:102,11
DA:103,3
DA:104,3
DA:107,8
DA:108,8
DA:111,8
DA:112,8
DA:113,8
DA:116,8
DA:118,1
DA:121,7
DA:128,14
DA:130,1
DA:132,4
DA:134,2
DA:136,4
DA:138,2
DA:140,1
DA:146,4
DA:147,4
DA:149,3
DA:150,3
DA:156,5
DA:157,5
DA:158,3
DA:160,2
DA:161,2
DA:167,6
DA:169,1
DA:171,1
DA:173,1
DA:175,1
DA:177,1
DA:179,1
DA:184,15
DA:186,1
DA:188,5
DA:190,2
DA:192,4
DA:194,2
DA:196,1
DA:201,3
DA:202,3
DA:205,3
DA:209,4
LF:85
LH:85
BRDA:9,0,0,10
BRDA:10,1,0,10
BRDA:24,2,0,10
BRDA:24,2,1,0
BRDA:25,3,0,10
BRDA:25,3,1,0
BRDA:25,3,2,0
BRDA:87,4,0,7
BRDA:87,5,0,7
BRDA:87,5,1,7
BRDA:102,6,0,3
BRDA:102,7,0,11
BRDA:102,7,1,10
BRDA:102,7,2,8
BRDA:128,8,0,1
BRDA:128,8,1,4
BRDA:128,8,2,2
BRDA:128,8,3,4
BRDA:128,8,4,2
BRDA:128,8,5,1
BRDA:167,9,0,1
BRDA:167,9,1,1
BRDA:167,9,2,1
BRDA:167,9,3,1
BRDA:167,9,4,1
BRDA:167,9,5,1
BRDA:184,10,0,1
BRDA:184,10,1,5
BRDA:184,10,2,2
BRDA:184,10,3,4
BRDA:184,10,4,2
BRDA:184,10,5,1
BRF:32
BRH:29
end_of_record
TN:
SF:services\places\place.service.ts
FN:8,(anonymous_1)
FN:19,(anonymous_2)
FN:30,(anonymous_3)
FN:41,(anonymous_4)
FN:52,(anonymous_5)
FN:63,(anonymous_6)
FNF:6
FNH:6
FNDA:6,(anonymous_1)
FNDA:15,(anonymous_2)
FNDA:14,(anonymous_3)
FNDA:14,(anonymous_4)
FNDA:13,(anonymous_5)
FNDA:11,(anonymous_6)
DA:2,2
DA:5,2
DA:7,2
DA:9,6
DA:10,6
DA:11,4
DA:13,2
DA:14,2
DA:20,15
DA:21,15
DA:22,7
DA:24,8
DA:25,8
DA:31,14
DA:32,14
DA:33,11
DA:35,3
DA:36,3
DA:42,14
DA:43,14
DA:44,9
DA:46,5
DA:47,5
DA:53,13
DA:54,13
DA:55,9
DA:57,4
DA:58,4
DA:64,11
DA:65,11
DA:67,6
DA:68,6
LF:32
LH:32
BRF:0
BRH:0
end_of_record
TN:
SF:services\relations\relations.service.ts
FN:22,(anonymous_1)
FN:50,(anonymous_2)
FN:55,(anonymous_3)
FN:60,(anonymous_4)
FN:65,(anonymous_5)
FN:69,(anonymous_6)
FN:74,(anonymous_7)
FN:91,(anonymous_8)
FN:94,(anonymous_9)
FN:97,(anonymous_10)
FN:103,(anonymous_11)
FN:105,(anonymous_12)
FN:129,(anonymous_13)
FN:134,(anonymous_14)
FN:137,(anonymous_15)
FN:142,(anonymous_16)
FN:143,(anonymous_17)
FN:152,(anonymous_18)
FN:157,(anonymous_19)
FN:160,(anonymous_20)
FN:162,(anonymous_21)
FN:165,(anonymous_22)
FN:166,(anonymous_23)
FN:174,(anonymous_24)
FN:179,(anonymous_25)
FN:200,(anonymous_26)
FN:206,(anonymous_27)
FNF:27
FNH:24
FNDA:18,(anonymous_1)
FNDA:27,(anonymous_2)
FNDA:19,(anonymous_3)
FNDA:3,(anonymous_4)
FNDA:29,(anonymous_5)
FNDA:18,(anonymous_6)
FNDA:12,(anonymous_7)
FNDA:8,(anonymous_8)
FNDA:18,(anonymous_9)
FNDA:7,(anonymous_10)
FNDA:25,(anonymous_11)
FNDA:7,(anonymous_12)
FNDA:13,(anonymous_13)
FNDA:1006,(anonymous_14)
FNDA:5000008,(anonymous_15)
FNDA:5006,(anonymous_16)
FNDA:5006,(anonymous_17)
FNDA:13,(anonymous_18)
FNDA:5012,(anonymous_19)
FNDA:7,(anonymous_20)
FNDA:6,(anonymous_21)
FNDA:6,(anonymous_22)
FNDA:6,(anonymous_23)
FNDA:0,(anonymous_24)
FNDA:0,(anonymous_25)
FNDA:13,(anonymous_26)
FNDA:0,(anonymous_27)
DA:1,1
DA:6,1
DA:9,1
DA:21,1
DA:23,18
DA:25,18
DA:26,15
DA:27,15
DA:28,14
DA:31,13
DA:32,13
DA:33,13
DA:35,13
DA:45,5
DA:46,5
DA:51,27
DA:52,22
DA:56,19
DA:57,16
DA:61,3
DA:62,1
DA:66,29
DA:70,18
DA:71,15
DA:78,12
DA:80,12
DA:83,12
DA:84,12
DA:85,12
DA:87,1
DA:88,1
DA:91,12
DA:94,18
DA:97,12
DA:101,12
DA:103,25
DA:104,15
DA:105,7
DA:108,15
DA:110,8
DA:111,8
DA:113,7
DA:118,10
DA:119,4
DA:122,3
DA:123,3
DA:134,13
DA:136,1006
DA:139,5000008
DA:140,5000008
DA:142,5006
DA:143,5006
DA:145,1006
DA:157,13
DA:159,5012
DA:161,7
DA:162,6
DA:163,6
DA:165,6
DA:166,6
DA:167,5012
DA:179,0
DA:182,0
DA:183,0
DA:185,0
DA:186,0
DA:187,0
DA:188,0
DA:189,0
DA:193,0
DA:202,13
DA:207,0
DA:208,0
DA:209,0
DA:210,0
DA:211,0
DA:213,0
LF:77
LH:62
BRDA:104,0,0,15
BRDA:104,0,1,8
BRDA:108,1,0,8
BRDA:108,1,1,7
BRDA:161,2,0,1
BRDA:182,3,0,0
BRDA:182,3,1,0
BRDA:186,4,0,0
BRDA:186,4,1,0
BRDA:188,5,0,0
BRDA:188,6,0,0
BRDA:188,6,1,0
BRF:12
BRH:5
end_of_record
TN:
SF:services\spotify\spotify.service.ts
FN:22,(anonymous_2)
FNF:1
FNH:1
FNDA:49,(anonymous_2)
DA:2,3
DA:3,3
DA:23,49
DA:24,4
DA:27,45
DA:28,45
DA:37,32
DA:39,13
DA:40,13
DA:41,8
DA:45,5
DA:51,53
LF:12
LH:12
BRDA:23,0,0,4
BRDA:23,1,0,49
BRDA:23,1,1,46
BRDA:40,2,0,8
BRDA:40,3,0,13
BRDA:40,3,1,12
BRF:6
BRH:6
end_of_record
TN:
SF:services\users\user.service.ts
FN:8,(anonymous_1)
FN:17,(anonymous_2)
FN:28,(anonymous_3)
FN:37,(anonymous_4)
FN:46,(anonymous_5)
FN:55,(anonymous_6)
FN:63,(anonymous_7)
FN:70,(anonymous_8)
FN:89,(anonymous_9)
FNF:9
FNH:9
FNDA:2,(anonymous_1)
FNDA:2,(anonymous_2)
FNDA:2,(anonymous_3)
FNDA:1,(anonymous_4)
FNDA:2,(anonymous_5)
FNDA:1,(anonymous_6)
FNDA:2,(anonymous_7)
FNDA:1,(anonymous_8)
FNDA:1,(anonymous_9)
DA:1,2
DA:5,2
DA:7,2
DA:9,2
DA:10,2
DA:11,1
DA:13,1
DA:18,2
DA:19,2
DA:20,1
DA:21,1
DA:23,1
DA:24,1
DA:29,2
DA:30,2
DA:31,1
DA:33,1
DA:38,1
DA:39,1
DA:40,1
DA:42,0
DA:47,2
DA:48,2
DA:49,1
DA:51,1
DA:56,1
DA:57,1
DA:58,1
DA:60,0
DA:64,2
DA:65,2
DA:67,1
DA:71,1
DA:72,1
DA:73,1
DA:75,1
DA:84,1
DA:86,0
DA:90,1
DA:91,1
DA:92,1
DA:94,0
LF:42
LH:38
BRF:0
BRH:0
end_of_record
TN:
SF:stores\auth-store.ts
FN:29,decodeToken
FN:36,(anonymous_2)
FN:56,(anonymous_3)
FN:65,(anonymous_4)
FN:70,(anonymous_5)
FN:114,(anonymous_6)
FN:128,(anonymous_7)
FN:152,(anonymous_8)
FN:168,(anonymous_9)
FN:183,(anonymous_10)
FN:197,(anonymous_11)
FN:209,(anonymous_12)
FNF:12
FNH:10
FNDA:4,decodeToken
FNDA:293,(anonymous_2)
FNDA:4,(anonymous_3)
FNDA:7,(anonymous_4)
FNDA:3,(anonymous_5)
FNDA:3,(anonymous_6)
FNDA:2,(anonymous_7)
FNDA:0,(anonymous_8)
FNDA:0,(anonymous_9)
FNDA:2,(anonymous_10)
FNDA:2,(anonymous_11)
FNDA:6,(anonymous_12)
DA:1,7
DA:2,7
DA:4,7
DA:30,4
DA:31,4
DA:32,4
DA:33,4
DA:36,293
DA:39,3
DA:41,3
DA:42,3
DA:43,0
DA:44,0
DA:45,0
DA:46,0
DA:47,0
DA:50,0
DA:52,3
DA:56,4
DA:60,1
DA:61,1
DA:65,49
DA:71,3
DA:73,3
DA:74,3
DA:75,3
DA:76,3
DA:79,0
DA:81,0
DA:83,0
DA:86,0
DA:87,0
DA:88,0
DA:90,0
DA:91,0
DA:92,0
DA:93,0
DA:94,0
DA:97,0
DA:99,0
DA:107,0
DA:108,0
DA:111,0
DA:112,0
DA:115,3
DA:116,3
DA:117,3
DA:118,2
DA:119,2
DA:121,2
DA:123,2
DA:128,2
DA:132,2
DA:139,2
DA:140,2
DA:141,2
DA:144,1
DA:148,1
DA:153,0
DA:154,0
DA:155,0
DA:156,0
DA:157,0
DA:159,0
DA:169,0
DA:170,0
DA:171,0
DA:172,0
DA:174,0
DA:184,2
DA:185,2
DA:186,2
DA:193,0
DA:194,0
DA:198,2
DA:199,2
DA:200,1
DA:210,6
DA:211,6
DA:213,3
DA:214,2
DA:220,3
DA:223,3
DA:224,2
DA:225,2
DA:229,3
DA:230,1
DA:231,1
LF:88
LH:52
BRDA:41,0,0,3
BRDA:41,0,1,0
BRDA:42,1,0,0
BRDA:42,2,0,3
BRDA:42,2,1,0
BRDA:45,3,0,0
BRDA:47,4,0,0
BRDA:47,4,1,0
BRDA:53,5,0,3
BRDA:53,5,1,0
BRDA:53,5,2,0
BRDA:54,6,0,3
BRDA:54,6,1,0
BRDA:55,7,0,3
BRDA:55,7,1,0
BRDA:57,8,0,3
BRDA:57,8,1,2
BRDA:71,9,0,0
BRDA:74,10,0,3
BRDA:86,11,0,0
BRDA:86,11,1,0
BRDA:87,12,0,0
BRDA:87,12,1,0
BRDA:88,13,0,0
BRDA:88,13,1,0
BRDA:90,14,0,0
BRDA:92,15,0,0
BRDA:92,15,1,0
BRDA:93,16,0,0
BRDA:93,16,1,0
BRDA:94,17,0,0
BRDA:94,17,1,0
BRDA:97,18,0,0
BRDA:97,18,1,0
BRDA:107,19,0,0
BRDA:123,20,0,2
BRDA:123,20,1,0
BRDA:127,21,0,2
BRDA:127,21,1,0
BRDA:128,22,0,2
BRDA:128,22,1,0
BRDA:139,23,0,2
BRDA:145,24,0,1
BRDA:145,24,1,0
BRDA:154,25,0,0
BRDA:170,26,0,0
BRDA:199,27,0,1
BRDA:213,28,0,2
BRDA:223,29,0,2
BRDA:229,30,0,1
BRDA:229,31,0,3
BRDA:229,31,1,3
BRDA:229,31,2,3
BRF:53
BRH:20
end_of_record
TN:
SF:stores\cart-store.ts
FN:42,(anonymous_1)
FN:49,(anonymous_2)
FN:50,(anonymous_3)
FN:51,(anonymous_4)
FN:54,(anonymous_5)
FN:68,(anonymous_6)
FN:82,(anonymous_7)
FN:97,(anonymous_8)
FN:125,(anonymous_9)
FN:130,(anonymous_10)
FN:163,(anonymous_11)
FN:186,(anonymous_12)
FN:189,(anonymous_13)
FN:203,(anonymous_14)
FN:206,(anonymous_15)
FN:208,(anonymous_16)
FN:211,(anonymous_17)
FN:216,(anonymous_18)
FNF:18
FNH:18
FNDA:2,(anonymous_1)
FNDA:1,(anonymous_2)
FNDA:1,(anonymous_3)
FNDA:1,(anonymous_4)
FNDA:4,(anonymous_5)
FNDA:3,(anonymous_6)
FNDA:3,(anonymous_7)
FNDA:4,(anonymous_8)
FNDA:6,(anonymous_9)
FNDA:6,(anonymous_10)
FNDA:4,(anonymous_11)
FNDA:1,(anonymous_12)
FNDA:2,(anonymous_13)
FNDA:3,(anonymous_14)
FNDA:3,(anonymous_15)
FNDA:3,(anonymous_16)
FNDA:3,(anonymous_17)
FNDA:116,(anonymous_18)
DA:1,2
DA:2,2
DA:4,2
DA:40,124
DA:42,2
DA:49,1
DA:50,1
DA:51,1
DA:55,4
DA:56,4
DA:57,4
DA:58,1
DA:60,3
DA:69,3
DA:70,3
DA:71,3
DA:72,1
DA:74,2
DA:83,3
DA:84,3
DA:85,3
DA:89,1
DA:91,2
DA:98,4
DA:99,4
DA:100,4
DA:101,4
DA:103,4
DA:110,2
DA:111,2
DA:112,2
DA:113,2
DA:115,0
DA:116,0
DA:119,2
DA:126,6
DA:127,6
DA:129,6
DA:130,6
DA:132,6
DA:135,6
DA:136,3
DA:139,6
DA:140,4
DA:141,4
DA:145,6
DA:148,4
DA:149,4
DA:150,3
DA:151,3
DA:153,1
DA:154,1
DA:157,2
DA:164,4
DA:165,4
DA:166,4
DA:169,2
DA:170,2
DA:171,1
DA:172,1
DA:174,1
DA:175,1
DA:178,2
DA:186,1
DA:190,2
DA:191,2
DA:192,1
DA:199,1
DA:204,3
DA:205,3
DA:206,3
DA:209,3
DA:210,3
DA:211,3
DA:216,116
LF:75
LH:73
BRDA:61,0,0,2
BRDA:61,0,1,1
BRDA:75,1,0,2
BRDA:75,1,1,0
BRDA:92,2,0,2
BRDA:92,2,1,0
BRDA:111,3,0,2
BRDA:111,3,1,0
BRDA:120,4,0,2
BRDA:120,4,1,0
BRDA:135,5,0,3
BRDA:139,6,0,4
BRDA:139,7,0,6
BRDA:139,7,1,4
BRDA:140,8,0,4
BRDA:140,8,1,3
BRDA:149,9,0,3
BRDA:149,9,1,1
BRDA:158,10,0,2
BRDA:158,10,1,0
BRDA:170,11,0,1
BRDA:170,11,1,1
BRDA:179,12,0,2
BRDA:179,12,1,0
BRDA:191,13,0,1
BRDA:205,14,0,1
BRDA:210,15,0,1
BRF:27
BRH:21
end_of_record
TN:
SF:stores\personalization-store.ts
FN:222,(anonymous_1)
FN:226,(anonymous_2)
FN:231,(anonymous_3)
FN:238,(anonymous_4)
FN:250,(anonymous_5)
FN:259,(anonymous_6)
FN:266,(anonymous_7)
FN:273,(anonymous_8)
FN:280,(anonymous_9)
FN:287,(anonymous_10)
FN:295,(anonymous_11)
FN:361,(anonymous_12)
FN:365,(anonymous_13)
FN:370,(anonymous_14)
FN:422,(anonymous_15)
FN:432,(anonymous_16)
FN:437,(anonymous_17)
FN:441,(anonymous_18)
FN:445,(anonymous_19)
FN:450,(anonymous_20)
FN:454,(anonymous_21)
FN:485,(anonymous_22)
FN:529,(anonymous_23)
FN:555,(anonymous_24)
FN:577,(anonymous_25)
FN:581,(anonymous_26)
FN:610,(anonymous_27)
FN:706,(anonymous_28)
FN:706,(anonymous_29)
FNF:29
FNH:29
FNDA:1,(anonymous_1)
FNDA:6,(anonymous_2)
FNDA:2,(anonymous_3)
FNDA:2,(anonymous_4)
FNDA:2,(anonymous_5)
FNDA:1,(anonymous_6)
FNDA:1,(anonymous_7)
FNDA:1,(anonymous_8)
FNDA:1,(anonymous_9)
FNDA:1,(anonymous_10)
FNDA:4,(anonymous_11)
FNDA:2,(anonymous_12)
FNDA:1,(anonymous_13)
FNDA:4,(anonymous_14)
FNDA:3,(anonymous_15)
FNDA:1,(anonymous_16)
FNDA:1,(anonymous_17)
FNDA:1,(anonymous_18)
FNDA:1,(anonymous_19)
FNDA:1,(anonymous_20)
FNDA:19,(anonymous_21)
FNDA:11,(anonymous_22)
FNDA:65,(anonymous_23)
FNDA:10,(anonymous_24)
FNDA:1,(anonymous_25)
FNDA:9,(anonymous_26)
FNDA:127,(anonymous_27)
FNDA:2,(anonymous_28)
FNDA:3,(anonymous_29)
DA:1,1
DA:2,1
DA:198,1
DA:220,250
DA:222,1
DA:227,6
DA:228,6
DA:232,2
DA:233,2
DA:234,1
DA:239,2
DA:240,2
DA:241,2
DA:243,1
DA:251,2
DA:252,2
DA:253,2
DA:254,1
DA:260,1
DA:267,1
DA:274,1
DA:281,1
DA:288,1
DA:296,4
DA:298,4
DA:299,2
DA:302,2
DA:304,1
DA:308,1
DA:314,1
DA:318,1
DA:322,3
DA:329,0
DA:332,0
DA:333,0
DA:339,0
DA:340,0
DA:347,0
DA:352,0
DA:362,2
DA:366,1
DA:371,4
DA:373,4
DA:374,4
DA:378,2
DA:379,2
DA:381,1
DA:385,4
DA:392,0
DA:395,0
DA:396,0
DA:397,0
DA:402,0
DA:407,0
DA:412,0
DA:423,3
DA:433,1
DA:438,1
DA:442,1
DA:446,1
DA:451,1
DA:455,19
DA:458,19
DA:459,1
DA:462,18
DA:464,2
DA:467,1
DA:469,2
DA:471,2
DA:473,2
DA:475,2
DA:477,3
DA:479,2
DA:481,2
DA:486,11
DA:487,11
DA:490,11
DA:491,9
DA:492,11
DA:493,11
DA:494,9
DA:495,11
DA:496,11
DA:497,9
DA:498,9
DA:499,9
DA:501,11
DA:502,11
DA:503,9
DA:505,11
DA:507,11
DA:509,2
DA:511,1
DA:513,1
DA:515,1
DA:517,1
DA:519,1
DA:521,1
DA:523,1
DA:525,2
DA:530,65
DA:532,65
DA:534,12
DA:536,10
DA:538,9
DA:540,8
DA:542,7
DA:544,7
DA:546,5
DA:548,5
DA:550,2
DA:556,10
DA:559,10
DA:560,0
DA:563,10
DA:565,10
DA:566,45
DA:567,36
DA:569,9
DA:573,10
DA:578,1
DA:582,9
DA:583,9
DA:585,9
DA:587,2
DA:589,0
DA:591,1
DA:593,1
DA:595,1
DA:597,1
DA:599,1
DA:601,1
DA:603,1
DA:626,127
DA:644,127
DA:645,18
DA:647,2
DA:648,2
DA:650,2
DA:661,16
DA:666,127
DA:669,11
DA:675,0
DA:679,0
DA:681,0
DA:687,0
DA:695,11
DA:703,127
DA:706,2
DA:707,3
DA:708,1
DA:710,1
DA:711,1
DA:713,0
DA:715,2
DA:717,2
LF:156
LH:135
BRDA:233,0,0,1
BRDA:241,1,0,1
BRDA:253,2,0,1
BRDA:298,3,0,2
BRDA:298,4,0,4
BRDA:298,4,1,2
BRDA:302,5,0,1
BRDA:324,6,0,2
BRDA:324,6,1,1
BRDA:332,7,0,0
BRDA:342,8,0,0
BRDA:342,8,1,0
BRDA:374,9,0,2
BRDA:375,10,0,4
BRDA:375,10,1,2
BRDA:387,11,0,3
BRDA:387,11,1,1
BRDA:395,12,0,0
BRDA:425,13,0,1
BRDA:425,13,1,2
BRDA:458,14,0,1
BRDA:458,15,0,19
BRDA:458,15,1,19
BRDA:462,16,0,2
BRDA:462,16,1,1
BRDA:462,16,2,2
BRDA:462,16,3,2
BRDA:462,16,4,2
BRDA:462,16,5,2
BRDA:462,16,6,3
BRDA:462,16,7,2
BRDA:462,16,8,2
BRDA:490,17,0,9
BRDA:492,18,0,0
BRDA:493,19,0,9
BRDA:495,20,0,9
BRDA:496,21,0,9
BRDA:498,22,0,9
BRDA:501,23,0,9
BRDA:502,24,0,9
BRDA:505,25,0,9
BRDA:505,25,1,2
BRDA:507,26,0,2
BRDA:507,26,1,1
BRDA:507,26,2,1
BRDA:507,26,3,1
BRDA:507,26,4,1
BRDA:507,26,5,1
BRDA:507,26,6,1
BRDA:507,26,7,1
BRDA:507,26,8,2
BRDA:532,27,0,12
BRDA:532,27,1,10
BRDA:532,27,2,9
BRDA:532,27,3,8
BRDA:532,27,4,7
BRDA:532,27,5,7
BRDA:532,27,6,5
BRDA:532,27,7,5
BRDA:532,27,8,2
BRDA:559,28,0,0
BRDA:566,29,0,36
BRDA:566,29,1,9
BRDA:585,30,0,2
BRDA:585,30,1,0
BRDA:585,30,2,1
BRDA:585,30,3,1
BRDA:585,30,4,1
BRDA:585,30,5,1
BRDA:585,30,6,1
BRDA:585,30,7,1
BRDA:585,30,8,1
BRDA:644,31,0,18
BRDA:645,32,0,2
BRDA:645,32,1,16
BRDA:648,33,0,2
BRDA:648,33,1,1
BRDA:653,34,0,1
BRDA:653,34,1,1
BRDA:655,35,0,1
BRDA:655,35,1,1
BRDA:666,36,0,11
BRDA:669,37,0,0
BRDA:669,37,1,11
BRDA:670,38,0,11
BRDA:670,38,1,11
BRDA:675,39,0,0
BRDA:675,39,1,0
BRDA:679,40,0,0
BRDA:679,40,1,0
BRDA:679,41,0,0
BRDA:679,41,1,0
BRDA:707,42,0,1
BRDA:707,42,1,2
BRDA:715,43,0,2
BRF:95
BRH:81
end_of_record
TN:
SF:stores\users-store.ts
FN:27,(anonymous_3)
FN:30,(anonymous_4)
FN:40,(anonymous_5)
FN:44,(anonymous_6)
FN:45,(anonymous_7)
FN:53,(anonymous_8)
FN:57,(anonymous_9)
FN:58,(anonymous_10)
FN:66,(anonymous_11)
FN:70,(anonymous_12)
FN:71,(anonymous_13)
FN:81,(anonymous_14)
FN:86,(anonymous_15)
FN:97,(anonymous_16)
FN:108,(anonymous_17)
FN:125,(anonymous_18)
FN:142,(anonymous_19)
FNF:17
FNH:17
FNDA:2,(anonymous_3)
FNDA:3,(anonymous_4)
FNDA:2,(anonymous_5)
FNDA:1,(anonymous_6)
FNDA:1,(anonymous_7)
FNDA:1,(anonymous_8)
FNDA:1,(anonymous_9)
FNDA:1,(anonymous_10)
FNDA:2,(anonymous_11)
FNDA:1,(anonymous_12)
FNDA:2,(anonymous_13)
FNDA:2,(anonymous_14)
FNDA:2,(anonymous_15)
FNDA:2,(anonymous_16)
FNDA:2,(anonymous_17)
FNDA:1,(anonymous_18)
FNDA:1,(anonymous_19)
DA:1,2
DA:2,2
DA:4,2
DA:27,28
DA:31,3
DA:32,3
DA:33,3
DA:34,2
DA:36,1
DA:37,1
DA:41,2
DA:42,2
DA:43,2
DA:44,1
DA:45,1
DA:49,1
DA:50,1
DA:54,1
DA:55,1
DA:56,1
DA:57,1
DA:58,1
DA:62,0
DA:63,0
DA:67,2
DA:68,2
DA:69,2
DA:70,1
DA:71,2
DA:75,1
DA:76,1
DA:81,26
DA:87,2
DA:88,2
DA:89,2
DA:90,1
DA:92,1
DA:93,1
DA:94,1
DA:98,2
DA:99,2
DA:100,2
DA:101,1
DA:103,1
DA:104,1
DA:105,1
DA:109,2
DA:110,2
DA:111,2
DA:112,1
DA:115,1
DA:116,1
DA:117,1
DA:120,1
DA:121,1
DA:122,1
DA:126,1
DA:127,1
DA:128,1
DA:129,1
DA:132,1
DA:133,1
DA:134,1
DA:137,0
DA:138,0
DA:139,0
DA:143,1
LF:67
LH:62
BRDA:45,0,0,1
BRDA:45,0,1,0
BRDA:58,1,0,1
BRDA:58,1,1,0
BRDA:92,2,0,1
BRDA:92,2,1,0
BRDA:103,3,0,1
BRDA:103,3,1,0
BRDA:116,4,0,1
BRDA:116,5,0,1
BRDA:116,5,1,1
BRDA:117,6,0,1
BRDA:117,6,1,0
BRDA:120,7,0,1
BRDA:120,7,1,0
BRDA:133,8,0,1
BRDA:133,9,0,1
BRDA:133,9,1,1
BRDA:137,10,0,0
BRDA:137,10,1,0
BRF:20
BRH:12
end_of_record
